2023-11-18 21:32:16.490 [info] Log level: Info
2023-11-18 21:32:16.490 [info] Validating found git in: "git"
2023-11-18 21:32:16.490 [info] Using git "2.42.1" from "git"
2023-11-18 21:32:16.490 [info] > git rev-parse --show-toplevel [11ms]
2023-11-18 21:32:16.490 [info] fatal: not a git repository (or any parent up to mount point /)
Stopping at filesystem boundary (GIT_DISCOVERY_ACROSS_FILESYSTEM not set).
2023-11-18 21:32:16.490 [info] > git rev-parse --show-toplevel [12ms]
2023-11-18 21:32:16.490 [info] fatal: not a git repository (or any parent up to mount point /)
Stopping at filesystem boundary (GIT_DISCOVERY_ACROSS_FILESYSTEM not set).
2023-11-18 21:32:16.492 [info] > git rev-parse --show-toplevel [4ms]
2023-11-18 21:32:16.492 [info] fatal: not a git repository (or any parent up to mount point /)
Stopping at filesystem boundary (GIT_DISCOVERY_ACROSS_FILESYSTEM not set).
2023-11-18 21:32:16.532 [info] > git rev-parse --show-toplevel [2ms]
2023-11-18 21:32:16.532 [info] fatal: not a git repository (or any parent up to mount point /)
Stopping at filesystem boundary (GIT_DISCOVERY_ACROSS_FILESYSTEM not set).
2023-11-18 21:32:16.567 [info] > git rev-parse --show-toplevel [5ms]
2023-11-18 21:32:16.567 [info] fatal: not a git repository (or any parent up to mount point /)
Stopping at filesystem boundary (GIT_DISCOVERY_ACROSS_FILESYSTEM not set).
2023-11-18 21:32:16.783 [info] > git rev-parse --show-toplevel [6ms]
2023-11-18 21:32:16.783 [info] fatal: not a git repository (or any parent up to mount point /)
Stopping at filesystem boundary (GIT_DISCOVERY_ACROSS_FILESYSTEM not set).
2023-11-18 21:32:17.070 [info] > git rev-parse --show-toplevel [2ms]
2023-11-18 21:32:17.070 [info] fatal: not a git repository (or any parent up to mount point /)
Stopping at filesystem boundary (GIT_DISCOVERY_ACROSS_FILESYSTEM not set).
2023-11-18 21:32:17.376 [info] > git rev-parse --show-toplevel [1ms]
2023-11-18 21:32:17.376 [info] fatal: not a git repository (or any parent up to mount point /)
Stopping at filesystem boundary (GIT_DISCOVERY_ACROSS_FILESYSTEM not set).
2023-11-18 21:32:26.090 [info] Log level: Info
2023-11-18 21:32:26.090 [info] Validating found git in: "git"
2023-11-18 21:32:26.090 [info] Using git "2.42.1" from "git"
2023-11-18 21:32:31.292 [info] > git rev-parse --show-toplevel [11ms]
2023-11-18 21:32:33.535 [info] Log level: Info
2023-11-18 21:32:33.535 [info] Validating found git in: "git"
2023-11-18 21:32:33.535 [info] Using git "2.42.1" from "git"
2023-11-18 21:32:33.535 [info] > git rev-parse --show-toplevel [55ms]
2023-11-18 21:32:33.576 [info] > git rev-parse --git-dir --git-common-dir [13ms]
2023-11-18 21:32:33.598 [info] Open repository: /home/yusuf/Antar-dwm
2023-11-18 21:32:33.639 [info] > git rev-parse --show-toplevel [3ms]
2023-11-18 21:32:33.644 [info] > git config --get commit.template [24ms]
2023-11-18 21:32:33.683 [info] > git rev-parse --show-toplevel [21ms]
2023-11-18 21:32:33.695 [info] > git rev-parse --show-toplevel [4ms]
2023-11-18 21:32:33.696 [info] > git for-each-ref --format=%(refname)%00%(upstream:short)%00%(objectname)%00%(upstream:track)%00%(upstream:remotename)%00%(upstream:remoteref) refs/heads/main refs/remotes/main [16ms]
2023-11-18 21:32:34.373 [info] > git check-ignore -v -z --stdin [142ms]
2023-11-18 21:32:34.718 [info] > git show --textconv :install.sh [31ms]
2023-11-18 21:32:34.735 [info] > git status -z -uall [1030ms]
2023-11-18 21:32:35.078 [info] > git ls-files --stage -- /home/yusuf/Antar-dwm/install.sh [366ms]
2023-11-18 21:32:35.105 [info] > git config --get commit.template [22ms]
2023-11-18 21:32:35.127 [info] > git cat-file -s 053f2e34dfd5fa578e60221206ba8f3ce834af1d [33ms]
2023-11-18 21:32:35.181 [info] > git for-each-ref --format=%(refname)%00%(upstream:short)%00%(objectname)%00%(upstream:track)%00%(upstream:remotename)%00%(upstream:remoteref) refs/heads/main refs/remotes/main [34ms]
2023-11-18 21:32:35.815 [info] > git status -z -uall [621ms]
2023-11-18 21:32:55.294 [info] > git config --get commit.template [7ms]
2023-11-18 21:32:55.294 [info] > git for-each-ref --format=%(refname)%00%(upstream:short)%00%(objectname)%00%(upstream:track)%00%(upstream:remotename)%00%(upstream:remoteref) refs/heads/main refs/remotes/main [1ms]
2023-11-18 21:32:55.701 [info] > git status -z -uall [401ms]
2023-11-18 21:33:00.727 [info] > git config --get commit.template [6ms]
2023-11-18 21:33:00.728 [info] > git for-each-ref --format=%(refname)%00%(upstream:short)%00%(objectname)%00%(upstream:track)%00%(upstream:remotename)%00%(upstream:remoteref) refs/heads/main refs/remotes/main [2ms]
2023-11-18 21:33:01.223 [info] > git status -z -uall [490ms]
2023-11-18 21:33:06.261 [info] > git config --get commit.template [1ms]
2023-11-18 21:33:06.268 [info] > git for-each-ref --format=%(refname)%00%(upstream:short)%00%(objectname)%00%(upstream:track)%00%(upstream:remotename)%00%(upstream:remoteref) refs/heads/main refs/remotes/main [1ms]
2023-11-18 21:33:06.690 [info] > git status -z -uall [416ms]
2023-11-18 21:33:11.721 [info] > git config --get commit.template [9ms]
2023-11-18 21:33:11.722 [info] > git for-each-ref --format=%(refname)%00%(upstream:short)%00%(objectname)%00%(upstream:track)%00%(upstream:remotename)%00%(upstream:remoteref) refs/heads/main refs/remotes/main [3ms]
2023-11-18 21:33:12.168 [info] > git status -z -uall [440ms]
2023-11-18 21:33:17.203 [info] > git config --get commit.template [7ms]
2023-11-18 21:33:17.204 [info] > git for-each-ref --format=%(refname)%00%(upstream:short)%00%(objectname)%00%(upstream:track)%00%(upstream:remotename)%00%(upstream:remoteref) refs/heads/main refs/remotes/main [2ms]
2023-11-18 21:33:17.645 [info] > git status -z -uall [435ms]
2023-11-18 21:33:22.669 [info] > git config --get commit.template [2ms]
2023-11-18 21:33:22.679 [info] > git for-each-ref --format=%(refname)%00%(upstream:short)%00%(objectname)%00%(upstream:track)%00%(upstream:remotename)%00%(upstream:remoteref) refs/heads/main refs/remotes/main [2ms]
2023-11-18 21:33:23.124 [info] > git status -z -uall [438ms]
2023-11-18 21:33:28.153 [info] > git config --get commit.template [2ms]
2023-11-18 21:33:28.163 [info] > git for-each-ref --format=%(refname)%00%(upstream:short)%00%(objectname)%00%(upstream:track)%00%(upstream:remotename)%00%(upstream:remoteref) refs/heads/main refs/remotes/main [2ms]
2023-11-18 21:33:28.694 [info] > git status -z -uall [522ms]
2023-11-18 21:33:33.721 [info] > git config --get commit.template [7ms]
2023-11-18 21:33:33.722 [info] > git for-each-ref --format=%(refname)%00%(upstream:short)%00%(objectname)%00%(upstream:track)%00%(upstream:remotename)%00%(upstream:remoteref) refs/heads/main refs/remotes/main [2ms]
2023-11-18 21:33:34.130 [info] > git status -z -uall [403ms]
2023-11-18 21:33:39.159 [info] > git config --get commit.template [9ms]
2023-11-18 21:33:39.160 [info] > git for-each-ref --format=%(refname)%00%(upstream:short)%00%(objectname)%00%(upstream:track)%00%(upstream:remotename)%00%(upstream:remoteref) refs/heads/main refs/remotes/main [2ms]
2023-11-18 21:33:39.649 [info] > git status -z -uall [484ms]
2023-11-18 21:33:44.678 [info] > git config --get commit.template [8ms]
2023-11-18 21:33:44.679 [info] > git for-each-ref --format=%(refname)%00%(upstream:short)%00%(objectname)%00%(upstream:track)%00%(upstream:remotename)%00%(upstream:remoteref) refs/heads/main refs/remotes/main [3ms]
2023-11-18 21:33:45.209 [info] > git status -z -uall [524ms]
2023-11-18 21:34:05.640 [info] > git config --get commit.template [6ms]
2023-11-18 21:34:05.656 [info] > git for-each-ref --format=%(refname)%00%(upstream:short)%00%(objectname)%00%(upstream:track)%00%(upstream:remotename)%00%(upstream:remoteref) refs/heads/main refs/remotes/main [2ms]
2023-11-18 21:34:06.159 [info] > git status -z -uall [485ms]
2023-11-18 21:34:11.187 [info] > git config --get commit.template [6ms]
2023-11-18 21:34:11.188 [info] > git for-each-ref --format=%(refname)%00%(upstream:short)%00%(objectname)%00%(upstream:track)%00%(upstream:remotename)%00%(upstream:remoteref) refs/heads/main refs/remotes/main [2ms]
2023-11-18 21:34:11.596 [info] > git status -z -uall [403ms]
2023-11-18 21:34:16.618 [info] > git config --get commit.template [1ms]
2023-11-18 21:34:16.625 [info] > git for-each-ref --format=%(refname)%00%(upstream:short)%00%(objectname)%00%(upstream:track)%00%(upstream:remotename)%00%(upstream:remoteref) refs/heads/main refs/remotes/main [2ms]
2023-11-18 21:34:17.052 [info] > git status -z -uall [422ms]
2023-11-18 21:34:22.073 [info] > git config --get commit.template [2ms]
2023-11-18 21:34:22.080 [info] > git for-each-ref --format=%(refname)%00%(upstream:short)%00%(objectname)%00%(upstream:track)%00%(upstream:remotename)%00%(upstream:remoteref) refs/heads/main refs/remotes/main [2ms]
2023-11-18 21:34:22.547 [info] > git status -z -uall [462ms]
2023-11-18 21:34:27.590 [info] > git config --get commit.template [1ms]
2023-11-18 21:34:27.598 [info] > git for-each-ref --format=%(refname)%00%(upstream:short)%00%(objectname)%00%(upstream:track)%00%(upstream:remotename)%00%(upstream:remoteref) refs/heads/main refs/remotes/main [1ms]
2023-11-18 21:34:28.009 [info] > git status -z -uall [405ms]
2023-11-18 21:34:33.035 [info] > git config --get commit.template [7ms]
2023-11-18 21:34:33.036 [info] > git for-each-ref --format=%(refname)%00%(upstream:short)%00%(objectname)%00%(upstream:track)%00%(upstream:remotename)%00%(upstream:remoteref) refs/heads/main refs/remotes/main [2ms]
2023-11-18 21:34:33.441 [info] > git status -z -uall [400ms]
2023-11-18 21:34:38.468 [info] > git config --get commit.template [7ms]
2023-11-18 21:34:38.469 [info] > git for-each-ref --format=%(refname)%00%(upstream:short)%00%(objectname)%00%(upstream:track)%00%(upstream:remotename)%00%(upstream:remoteref) refs/heads/main refs/remotes/main [1ms]
2023-11-18 21:34:38.902 [info] > git status -z -uall [428ms]
2023-11-18 21:34:43.933 [info] > git config --get commit.template [4ms]
2023-11-18 21:34:43.945 [info] > git for-each-ref --format=%(refname)%00%(upstream:short)%00%(objectname)%00%(upstream:track)%00%(upstream:remotename)%00%(upstream:remoteref) refs/heads/main refs/remotes/main [1ms]
2023-11-18 21:34:44.544 [info] > git status -z -uall [588ms]
2023-11-18 21:34:49.586 [info] > git config --get commit.template [1ms]
2023-11-18 21:34:49.600 [info] > git for-each-ref --format=%(refname)%00%(upstream:short)%00%(objectname)%00%(upstream:track)%00%(upstream:remotename)%00%(upstream:remoteref) refs/heads/main refs/remotes/main [3ms]
2023-11-18 21:34:50.187 [info] > git status -z -uall [577ms]
2023-11-18 21:36:57.016 [info] > git config --get commit.template [2ms]
2023-11-18 21:36:57.031 [info] > git for-each-ref --format=%(refname)%00%(upstream:short)%00%(objectname)%00%(upstream:track)%00%(upstream:remotename)%00%(upstream:remoteref) refs/heads/main refs/remotes/main [5ms]
2023-11-18 21:36:57.491 [info] > git status -z -uall [450ms]
2023-11-18 21:37:02.520 [info] > git config --get commit.template [7ms]
2023-11-18 21:37:02.521 [info] > git for-each-ref --format=%(refname)%00%(upstream:short)%00%(objectname)%00%(upstream:track)%00%(upstream:remotename)%00%(upstream:remoteref) refs/heads/main refs/remotes/main [2ms]
2023-11-18 21:37:02.982 [info] > git status -z -uall [454ms]
2023-11-18 21:37:08.007 [info] > git config --get commit.template [2ms]
2023-11-18 21:37:08.020 [info] > git for-each-ref --format=%(refname)%00%(upstream:short)%00%(objectname)%00%(upstream:track)%00%(upstream:remotename)%00%(upstream:remoteref) refs/heads/main refs/remotes/main [3ms]
2023-11-18 21:37:08.491 [info] > git status -z -uall [465ms]
2023-11-18 21:37:23.434 [info] > git config --get commit.template [4ms]
2023-11-18 21:37:23.452 [info] > git for-each-ref --format=%(refname)%00%(upstream:short)%00%(objectname)%00%(upstream:track)%00%(upstream:remotename)%00%(upstream:remoteref) refs/heads/main refs/remotes/main [3ms]
2023-11-18 21:37:23.900 [info] > git status -z -uall [437ms]
2023-11-18 21:37:28.923 [info] > git config --get commit.template [2ms]
2023-11-18 21:37:28.942 [info] > git for-each-ref --format=%(refname)%00%(upstream:short)%00%(objectname)%00%(upstream:track)%00%(upstream:remotename)%00%(upstream:remoteref) refs/heads/main refs/remotes/main [3ms]
2023-11-18 21:37:29.481 [info] > git status -z -uall [507ms]
2023-11-18 21:37:34.505 [info] > git config --get commit.template [7ms]
2023-11-18 21:37:34.506 [info] > git for-each-ref --format=%(refname)%00%(upstream:short)%00%(objectname)%00%(upstream:track)%00%(upstream:remotename)%00%(upstream:remoteref) refs/heads/main refs/remotes/main [2ms]
2023-11-18 21:37:34.962 [info] > git status -z -uall [449ms]
2023-11-18 21:37:44.244 [info] > git config --get commit.template [2ms]
2023-11-18 21:37:44.258 [info] > git for-each-ref --format=%(refname)%00%(upstream:short)%00%(objectname)%00%(upstream:track)%00%(upstream:remotename)%00%(upstream:remoteref) refs/heads/main refs/remotes/main [2ms]
2023-11-18 21:37:44.691 [info] > git status -z -uall [423ms]
2023-11-18 21:37:55.856 [info] > git config --get commit.template [3ms]
2023-11-18 21:37:55.869 [info] > git for-each-ref --format=%(refname)%00%(upstream:short)%00%(objectname)%00%(upstream:track)%00%(upstream:remotename)%00%(upstream:remoteref) refs/heads/main refs/remotes/main [2ms]
2023-11-18 21:37:56.338 [info] > git status -z -uall [459ms]
2023-11-18 21:38:01.365 [info] > git config --get commit.template [6ms]
2023-11-18 21:38:01.365 [info] > git for-each-ref --format=%(refname)%00%(upstream:short)%00%(objectname)%00%(upstream:track)%00%(upstream:remotename)%00%(upstream:remoteref) refs/heads/main refs/remotes/main [1ms]
2023-11-18 21:38:01.786 [info] > git status -z -uall [415ms]
2023-11-18 21:38:06.811 [info] > git config --get commit.template [6ms]
2023-11-18 21:38:06.813 [info] > git for-each-ref --format=%(refname)%00%(upstream:short)%00%(objectname)%00%(upstream:track)%00%(upstream:remotename)%00%(upstream:remoteref) refs/heads/main refs/remotes/main [2ms]
2023-11-18 21:38:07.221 [info] > git status -z -uall [403ms]
2023-11-18 21:39:03.138 [info] > git for-each-ref --format=%(refname)%00%(upstream:short)%00%(objectname)%00%(upstream:track)%00%(upstream:remotename)%00%(upstream:remoteref) refs/heads/main refs/remotes/main [3ms]
2023-11-18 21:39:03.139 [info] > git config --get commit.template [31ms]
2023-11-18 21:39:03.634 [info] > git status -z -uall [477ms]
2023-11-18 21:39:14.404 [info] > git config --get commit.template [17ms]
2023-11-18 21:39:14.405 [info] > git for-each-ref --format=%(refname)%00%(upstream:short)%00%(objectname)%00%(upstream:track)%00%(upstream:remotename)%00%(upstream:remoteref) refs/heads/main refs/remotes/main [2ms]
2023-11-18 21:39:14.871 [info] > git status -z -uall [455ms]
2023-11-18 21:39:19.896 [info] > git config --get commit.template [7ms]
2023-11-18 21:39:19.897 [info] > git for-each-ref --format=%(refname)%00%(upstream:short)%00%(objectname)%00%(upstream:track)%00%(upstream:remotename)%00%(upstream:remoteref) refs/heads/main refs/remotes/main [2ms]
2023-11-18 21:39:20.340 [info] > git status -z -uall [437ms]
2023-11-18 21:39:34.644 [info] > git config --get commit.template [3ms]
2023-11-18 21:39:34.665 [info] > git for-each-ref --format=%(refname)%00%(upstream:short)%00%(objectname)%00%(upstream:track)%00%(upstream:remotename)%00%(upstream:remoteref) refs/heads/main refs/remotes/main [3ms]
2023-11-18 21:39:35.138 [info] > git status -z -uall [460ms]
2023-11-18 21:39:40.172 [info] > git config --get commit.template [10ms]
2023-11-18 21:39:40.172 [info] > git for-each-ref --format=%(refname)%00%(upstream:short)%00%(objectname)%00%(upstream:track)%00%(upstream:remotename)%00%(upstream:remoteref) refs/heads/main refs/remotes/main [2ms]
2023-11-18 21:39:40.685 [info] > git status -z -uall [505ms]
2023-11-18 21:39:47.056 [info] > git config --get commit.template [2ms]
2023-11-18 21:39:47.069 [info] > git for-each-ref --format=%(refname)%00%(upstream:short)%00%(objectname)%00%(upstream:track)%00%(upstream:remotename)%00%(upstream:remoteref) refs/heads/main refs/remotes/main [2ms]
2023-11-18 21:39:47.587 [info] > git status -z -uall [506ms]
2023-11-18 21:39:52.786 [info] > git config --get commit.template [2ms]
2023-11-18 21:39:52.803 [info] > git for-each-ref --format=%(refname)%00%(upstream:short)%00%(objectname)%00%(upstream:track)%00%(upstream:remotename)%00%(upstream:remoteref) refs/heads/main refs/remotes/main [4ms]
2023-11-18 21:39:53.309 [info] > git status -z -uall [493ms]
2023-11-18 21:39:58.345 [info] > git config --get commit.template [11ms]
2023-11-18 21:39:58.347 [info] > git for-each-ref --format=%(refname)%00%(upstream:short)%00%(objectname)%00%(upstream:track)%00%(upstream:remotename)%00%(upstream:remoteref) refs/heads/main refs/remotes/main [3ms]
2023-11-18 21:39:58.772 [info] > git status -z -uall [417ms]
2023-11-18 21:41:08.933 [info] > git config --get commit.template [3ms]
2023-11-18 21:41:08.944 [info] > git for-each-ref --format=%(refname)%00%(upstream:short)%00%(objectname)%00%(upstream:track)%00%(upstream:remotename)%00%(upstream:remoteref) refs/heads/main refs/remotes/main [1ms]
2023-11-18 21:41:09.404 [info] > git status -z -uall [451ms]
2023-11-18 21:41:14.431 [info] > git config --get commit.template [7ms]
2023-11-18 21:41:14.432 [info] > git for-each-ref --format=%(refname)%00%(upstream:short)%00%(objectname)%00%(upstream:track)%00%(upstream:remotename)%00%(upstream:remoteref) refs/heads/main refs/remotes/main [2ms]
2023-11-18 21:41:14.877 [info] > git status -z -uall [439ms]
2023-11-18 21:41:38.340 [info] > git config --get commit.template [3ms]
2023-11-18 21:41:38.367 [info] > git for-each-ref --format=%(refname)%00%(upstream:short)%00%(objectname)%00%(upstream:track)%00%(upstream:remotename)%00%(upstream:remoteref) refs/heads/main refs/remotes/main [7ms]
2023-11-18 21:41:38.878 [info] > git status -z -uall [498ms]
2023-11-18 21:41:43.906 [info] > git config --get commit.template [8ms]
2023-11-18 21:41:43.907 [info] > git for-each-ref --format=%(refname)%00%(upstream:short)%00%(objectname)%00%(upstream:track)%00%(upstream:remotename)%00%(upstream:remoteref) refs/heads/main refs/remotes/main [2ms]
2023-11-18 21:41:44.346 [info] > git status -z -uall [433ms]
2023-11-18 21:41:57.844 [info] > git config --get commit.template [3ms]
2023-11-18 21:41:57.855 [info] > git for-each-ref --format=%(refname)%00%(upstream:short)%00%(objectname)%00%(upstream:track)%00%(upstream:remotename)%00%(upstream:remoteref) refs/heads/main refs/remotes/main [3ms]
2023-11-18 21:41:58.317 [info] > git status -z -uall [454ms]
2023-11-18 21:42:03.341 [info] > git config --get commit.template [2ms]
2023-11-18 21:42:03.352 [info] > git for-each-ref --format=%(refname)%00%(upstream:short)%00%(objectname)%00%(upstream:track)%00%(upstream:remotename)%00%(upstream:remoteref) refs/heads/main refs/remotes/main [2ms]
2023-11-18 21:42:03.762 [info] > git status -z -uall [403ms]
2023-11-18 21:42:08.784 [info] > git config --get commit.template [3ms]
2023-11-18 21:42:08.792 [info] > git for-each-ref --format=%(refname)%00%(upstream:short)%00%(objectname)%00%(upstream:track)%00%(upstream:remotename)%00%(upstream:remoteref) refs/heads/main refs/remotes/main [2ms]
2023-11-18 21:42:09.199 [info] > git status -z -uall [402ms]
2023-11-18 21:42:14.221 [info] > git config --get commit.template [7ms]
2023-11-18 21:42:14.222 [info] > git for-each-ref --format=%(refname)%00%(upstream:short)%00%(objectname)%00%(upstream:track)%00%(upstream:remotename)%00%(upstream:remoteref) refs/heads/main refs/remotes/main [2ms]
2023-11-18 21:42:14.657 [info] > git status -z -uall [429ms]
2023-11-18 21:42:20.920 [info] > git config --get commit.template [16ms]
2023-11-18 21:42:20.923 [info] > git for-each-ref --format=%(refname)%00%(upstream:short)%00%(objectname)%00%(upstream:track)%00%(upstream:remotename)%00%(upstream:remoteref) refs/heads/main refs/remotes/main [6ms]
2023-11-18 21:42:21.392 [info] > git status -z -uall [456ms]
2023-11-18 21:42:27.914 [info] > git config --get commit.template [2ms]
2023-11-18 21:42:27.932 [info] > git for-each-ref --format=%(refname)%00%(upstream:short)%00%(objectname)%00%(upstream:track)%00%(upstream:remotename)%00%(upstream:remoteref) refs/heads/main refs/remotes/main [3ms]
2023-11-18 21:42:28.375 [info] > git status -z -uall [432ms]
2023-11-18 21:43:38.215 [info] > git config --get commit.template [4ms]
2023-11-18 21:43:38.240 [info] > git for-each-ref --format=%(refname)%00%(upstream:short)%00%(objectname)%00%(upstream:track)%00%(upstream:remotename)%00%(upstream:remoteref) refs/heads/main refs/remotes/main [4ms]
2023-11-18 21:43:38.694 [info] > git status -z -uall [442ms]
2023-11-18 21:43:46.327 [info] > git config --get commit.template [11ms]
2023-11-18 21:43:46.328 [info] > git for-each-ref --format=%(refname)%00%(upstream:short)%00%(objectname)%00%(upstream:track)%00%(upstream:remotename)%00%(upstream:remoteref) refs/heads/main refs/remotes/main [3ms]
2023-11-18 21:43:46.800 [info] > git status -z -uall [464ms]
2023-11-18 21:43:51.831 [info] > git config --get commit.template [9ms]
2023-11-18 21:43:51.831 [info] > git for-each-ref --format=%(refname)%00%(upstream:short)%00%(objectname)%00%(upstream:track)%00%(upstream:remotename)%00%(upstream:remoteref) refs/heads/main refs/remotes/main [1ms]
2023-11-18 21:43:52.286 [info] > git status -z -uall [448ms]
2023-11-18 21:43:57.308 [info] > git config --get commit.template [6ms]
2023-11-18 21:43:57.308 [info] > git for-each-ref --format=%(refname)%00%(upstream:short)%00%(objectname)%00%(upstream:track)%00%(upstream:remotename)%00%(upstream:remoteref) refs/heads/main refs/remotes/main [1ms]
2023-11-18 21:43:57.747 [info] > git status -z -uall [433ms]
2023-11-18 21:44:03.641 [info] > git config --get commit.template [2ms]
2023-11-18 21:44:03.657 [info] > git for-each-ref --format=%(refname)%00%(upstream:short)%00%(objectname)%00%(upstream:track)%00%(upstream:remotename)%00%(upstream:remoteref) refs/heads/main refs/remotes/main [3ms]
2023-11-18 21:44:04.121 [info] > git status -z -uall [451ms]
2023-11-18 21:44:09.147 [info] > git config --get commit.template [9ms]
2023-11-18 21:44:09.148 [info] > git for-each-ref --format=%(refname)%00%(upstream:short)%00%(objectname)%00%(upstream:track)%00%(upstream:remotename)%00%(upstream:remoteref) refs/heads/main refs/remotes/main [2ms]
2023-11-18 21:44:09.572 [info] > git status -z -uall [417ms]
2023-11-18 21:44:15.173 [info] > git config --get commit.template [12ms]
2023-11-18 21:44:15.174 [info] > git for-each-ref --format=%(refname)%00%(upstream:short)%00%(objectname)%00%(upstream:track)%00%(upstream:remotename)%00%(upstream:remoteref) refs/heads/main refs/remotes/main [3ms]
2023-11-18 21:44:15.645 [info] > git status -z -uall [462ms]
2023-11-18 21:44:20.668 [info] > git config --get commit.template [6ms]
2023-11-18 21:44:20.669 [info] > git for-each-ref --format=%(refname)%00%(upstream:short)%00%(objectname)%00%(upstream:track)%00%(upstream:remotename)%00%(upstream:remoteref) refs/heads/main refs/remotes/main [2ms]
2023-11-18 21:44:21.086 [info] > git status -z -uall [412ms]
2023-11-18 21:44:26.136 [info] > git config --get commit.template [8ms]
2023-11-18 21:44:26.137 [info] > git for-each-ref --format=%(refname)%00%(upstream:short)%00%(objectname)%00%(upstream:track)%00%(upstream:remotename)%00%(upstream:remoteref) refs/heads/main refs/remotes/main [2ms]
2023-11-18 21:44:26.600 [info] > git status -z -uall [456ms]
2023-11-18 21:44:31.622 [info] > git config --get commit.template [7ms]
2023-11-18 21:44:31.623 [info] > git for-each-ref --format=%(refname)%00%(upstream:short)%00%(objectname)%00%(upstream:track)%00%(upstream:remotename)%00%(upstream:remoteref) refs/heads/main refs/remotes/main [2ms]
2023-11-18 21:44:32.033 [info] > git status -z -uall [404ms]
2023-11-18 21:44:59.157 [info] > git config --get commit.template [11ms]
2023-11-18 21:44:59.158 [info] > git for-each-ref --format=%(refname)%00%(upstream:short)%00%(objectname)%00%(upstream:track)%00%(upstream:remotename)%00%(upstream:remoteref) refs/heads/main refs/remotes/main [3ms]
2023-11-18 21:44:59.608 [info] > git status -z -uall [441ms]
2023-11-18 21:45:04.650 [info] > git config --get commit.template [16ms]
2023-11-18 21:45:04.651 [info] > git for-each-ref --format=%(refname)%00%(upstream:short)%00%(objectname)%00%(upstream:track)%00%(upstream:remotename)%00%(upstream:remoteref) refs/heads/main refs/remotes/main [5ms]
2023-11-18 21:45:05.112 [info] > git status -z -uall [451ms]
2023-11-18 21:45:10.132 [info] > git config --get commit.template [2ms]
2023-11-18 21:45:10.142 [info] > git for-each-ref --format=%(refname)%00%(upstream:short)%00%(objectname)%00%(upstream:track)%00%(upstream:remotename)%00%(upstream:remoteref) refs/heads/main refs/remotes/main [4ms]
2023-11-18 21:45:10.598 [info] > git status -z -uall [448ms]
2023-11-18 21:46:27.919 [info] > git config --get commit.template [8ms]
2023-11-18 21:46:27.940 [info] > git for-each-ref --format=%(refname)%00%(upstream:short)%00%(objectname)%00%(upstream:track)%00%(upstream:remotename)%00%(upstream:remoteref) refs/heads/main refs/remotes/main [3ms]
2023-11-18 21:46:28.477 [info] > git status -z -uall [520ms]
2023-11-18 21:46:33.507 [info] > git config --get commit.template [3ms]
2023-11-18 21:46:33.528 [info] > git for-each-ref --format=%(refname)%00%(upstream:short)%00%(objectname)%00%(upstream:track)%00%(upstream:remotename)%00%(upstream:remoteref) refs/heads/main refs/remotes/main [8ms]
2023-11-18 21:46:34.021 [info] > git status -z -uall [472ms]
2023-11-18 21:46:39.071 [info] > git config --get commit.template [13ms]
2023-11-18 21:46:39.073 [info] > git for-each-ref --format=%(refname)%00%(upstream:short)%00%(objectname)%00%(upstream:track)%00%(upstream:remotename)%00%(upstream:remoteref) refs/heads/main refs/remotes/main [3ms]
2023-11-18 21:46:39.603 [info] > git status -z -uall [521ms]
2023-11-18 21:46:44.629 [info] > git config --get commit.template [7ms]
2023-11-18 21:46:44.630 [info] > git for-each-ref --format=%(refname)%00%(upstream:short)%00%(objectname)%00%(upstream:track)%00%(upstream:remotename)%00%(upstream:remoteref) refs/heads/main refs/remotes/main [2ms]
2023-11-18 21:46:45.097 [info] > git status -z -uall [461ms]
2023-11-18 21:46:46.408 [info] > git check-ignore -v -z --stdin [122ms]
2023-11-18 21:46:50.128 [info] > git config --get commit.template [9ms]
2023-11-18 21:46:50.129 [info] > git for-each-ref --format=%(refname)%00%(upstream:short)%00%(objectname)%00%(upstream:track)%00%(upstream:remotename)%00%(upstream:remoteref) refs/heads/main refs/remotes/main [2ms]
2023-11-18 21:46:50.555 [info] > git status -z -uall [420ms]
2023-11-18 21:46:55.580 [info] > git config --get commit.template [6ms]
2023-11-18 21:46:55.580 [info] > git for-each-ref --format=%(refname)%00%(upstream:short)%00%(objectname)%00%(upstream:track)%00%(upstream:remotename)%00%(upstream:remoteref) refs/heads/main refs/remotes/main [1ms]
2023-11-18 21:46:56.011 [info] > git status -z -uall [424ms]
2023-11-18 21:47:01.043 [info] > git config --get commit.template [8ms]
2023-11-18 21:47:01.045 [info] > git for-each-ref --format=%(refname)%00%(upstream:short)%00%(objectname)%00%(upstream:track)%00%(upstream:remotename)%00%(upstream:remoteref) refs/heads/main refs/remotes/main [2ms]
2023-11-18 21:47:01.512 [info] > git status -z -uall [460ms]
2023-11-18 21:47:02.913 [info] > git check-ignore -v -z --stdin [34ms]
2023-11-18 21:47:06.541 [info] > git config --get commit.template [7ms]
2023-11-18 21:47:06.542 [info] > git for-each-ref --format=%(refname)%00%(upstream:short)%00%(objectname)%00%(upstream:track)%00%(upstream:remotename)%00%(upstream:remoteref) refs/heads/main refs/remotes/main [2ms]
2023-11-18 21:47:07.162 [info] > git status -z -uall [615ms]
2023-11-18 21:47:12.196 [info] > git config --get commit.template [7ms]
2023-11-18 21:47:12.197 [info] > git for-each-ref --format=%(refname)%00%(upstream:short)%00%(objectname)%00%(upstream:track)%00%(upstream:remotename)%00%(upstream:remoteref) refs/heads/main refs/remotes/main [2ms]
2023-11-18 21:47:12.734 [info] > git status -z -uall [530ms]
2023-11-18 21:47:17.760 [info] > git config --get commit.template [7ms]
2023-11-18 21:47:17.760 [info] > git for-each-ref --format=%(refname)%00%(upstream:short)%00%(objectname)%00%(upstream:track)%00%(upstream:remotename)%00%(upstream:remoteref) refs/heads/main refs/remotes/main [1ms]
2023-11-18 21:47:18.254 [info] > git status -z -uall [487ms]
2023-11-18 21:47:24.507 [info] > git config --get commit.template [3ms]
2023-11-18 21:47:24.524 [info] > git for-each-ref --format=%(refname)%00%(upstream:short)%00%(objectname)%00%(upstream:track)%00%(upstream:remotename)%00%(upstream:remoteref) refs/heads/main refs/remotes/main [6ms]
2023-11-18 21:47:25.185 [info] > git status -z -uall [648ms]
2023-11-18 21:47:27.647 [info] > git check-ignore -v -z --stdin [30ms]
2023-11-18 21:47:30.225 [info] > git config --get commit.template [9ms]
2023-11-18 21:47:30.226 [info] > git for-each-ref --format=%(refname)%00%(upstream:short)%00%(objectname)%00%(upstream:track)%00%(upstream:remotename)%00%(upstream:remoteref) refs/heads/main refs/remotes/main [2ms]
2023-11-18 21:47:30.683 [info] > git status -z -uall [449ms]
2023-11-18 21:47:34.189 [info] > git check-ignore -v -z --stdin [61ms]
2023-11-18 21:47:35.712 [info] > git config --get commit.template [7ms]
2023-11-18 21:47:35.713 [info] > git for-each-ref --format=%(refname)%00%(upstream:short)%00%(objectname)%00%(upstream:track)%00%(upstream:remotename)%00%(upstream:remoteref) refs/heads/main refs/remotes/main [2ms]
2023-11-18 21:47:36.159 [info] > git status -z -uall [441ms]
2023-11-18 21:47:54.862 [info] > git config --get commit.template [2ms]
2023-11-18 21:47:54.891 [info] > git for-each-ref --format=%(refname)%00%(upstream:short)%00%(objectname)%00%(upstream:track)%00%(upstream:remotename)%00%(upstream:remoteref) refs/heads/main refs/remotes/main [4ms]
2023-11-18 21:47:55.432 [info] > git status -z -uall [525ms]
2023-11-18 21:48:00.457 [info] > git config --get commit.template [1ms]
2023-11-18 21:48:00.468 [info] > git for-each-ref --format=%(refname)%00%(upstream:short)%00%(objectname)%00%(upstream:track)%00%(upstream:remotename)%00%(upstream:remoteref) refs/heads/main refs/remotes/main [2ms]
2023-11-18 21:48:00.888 [info] > git status -z -uall [413ms]
2023-11-18 21:48:05.917 [info] > git config --get commit.template [7ms]
2023-11-18 21:48:05.919 [info] > git for-each-ref --format=%(refname)%00%(upstream:short)%00%(objectname)%00%(upstream:track)%00%(upstream:remotename)%00%(upstream:remoteref) refs/heads/main refs/remotes/main [3ms]
2023-11-18 21:48:06.387 [info] > git status -z -uall [459ms]
2023-11-18 21:48:11.419 [info] > git config --get commit.template [7ms]
2023-11-18 21:48:11.419 [info] > git for-each-ref --format=%(refname)%00%(upstream:short)%00%(objectname)%00%(upstream:track)%00%(upstream:remotename)%00%(upstream:remoteref) refs/heads/main refs/remotes/main [1ms]
2023-11-18 21:48:11.873 [info] > git status -z -uall [448ms]
2023-11-18 21:48:16.900 [info] > git config --get commit.template [2ms]
2023-11-18 21:48:16.914 [info] > git for-each-ref --format=%(refname)%00%(upstream:short)%00%(objectname)%00%(upstream:track)%00%(upstream:remotename)%00%(upstream:remoteref) refs/heads/main refs/remotes/main [4ms]
2023-11-18 21:48:17.421 [info] > git status -z -uall [496ms]
2023-11-18 21:48:22.442 [info] > git config --get commit.template [1ms]
2023-11-18 21:48:22.452 [info] > git for-each-ref --format=%(refname)%00%(upstream:short)%00%(objectname)%00%(upstream:track)%00%(upstream:remotename)%00%(upstream:remoteref) refs/heads/main refs/remotes/main [3ms]
2023-11-18 21:48:22.868 [info] > git status -z -uall [409ms]
2023-11-18 21:48:26.643 [info] > git check-ignore -v -z --stdin [53ms]
2023-11-18 21:48:27.894 [info] > git config --get commit.template [7ms]
2023-11-18 21:48:27.895 [info] > git for-each-ref --format=%(refname)%00%(upstream:short)%00%(objectname)%00%(upstream:track)%00%(upstream:remotename)%00%(upstream:remoteref) refs/heads/main refs/remotes/main [2ms]
2023-11-18 21:48:28.346 [info] > git status -z -uall [446ms]
2023-11-18 21:48:33.376 [info] > git config --get commit.template [6ms]
2023-11-18 21:48:33.377 [info] > git for-each-ref --format=%(refname)%00%(upstream:short)%00%(objectname)%00%(upstream:track)%00%(upstream:remotename)%00%(upstream:remoteref) refs/heads/main refs/remotes/main [2ms]
2023-11-18 21:48:33.812 [info] > git status -z -uall [430ms]
2023-11-18 21:48:36.119 [info] > git check-ignore -v -z --stdin [22ms]
2023-11-18 21:48:38.845 [info] > git config --get commit.template [8ms]
2023-11-18 21:48:38.846 [info] > git for-each-ref --format=%(refname)%00%(upstream:short)%00%(objectname)%00%(upstream:track)%00%(upstream:remotename)%00%(upstream:remoteref) refs/heads/main refs/remotes/main [2ms]
2023-11-18 21:48:39.252 [info] > git status -z -uall [401ms]
2023-11-18 21:48:40.265 [info] > git check-ignore -v -z --stdin [19ms]
2023-11-18 21:48:44.278 [info] > git config --get commit.template [4ms]
2023-11-18 21:48:44.295 [info] > git for-each-ref --format=%(refname)%00%(upstream:short)%00%(objectname)%00%(upstream:track)%00%(upstream:remotename)%00%(upstream:remoteref) refs/heads/main refs/remotes/main [5ms]
2023-11-18 21:48:44.839 [info] > git status -z -uall [533ms]
2023-11-18 21:48:44.892 [info] > git check-ignore -v -z --stdin [104ms]
2023-11-18 21:48:49.865 [info] > git config --get commit.template [6ms]
2023-11-18 21:48:49.866 [info] > git for-each-ref --format=%(refname)%00%(upstream:short)%00%(objectname)%00%(upstream:track)%00%(upstream:remotename)%00%(upstream:remoteref) refs/heads/main refs/remotes/main [2ms]
2023-11-18 21:48:50.303 [info] > git status -z -uall [432ms]
2023-11-18 21:48:55.326 [info] > git config --get commit.template [2ms]
2023-11-18 21:48:55.334 [info] > git for-each-ref --format=%(refname)%00%(upstream:short)%00%(objectname)%00%(upstream:track)%00%(upstream:remotename)%00%(upstream:remoteref) refs/heads/main refs/remotes/main [2ms]
2023-11-18 21:48:55.782 [info] > git status -z -uall [442ms]
2023-11-18 21:49:00.801 [info] > git config --get commit.template [1ms]
2023-11-18 21:49:00.809 [info] > git for-each-ref --format=%(refname)%00%(upstream:short)%00%(objectname)%00%(upstream:track)%00%(upstream:remotename)%00%(upstream:remoteref) refs/heads/main refs/remotes/main [2ms]
2023-11-18 21:49:01.247 [info] > git status -z -uall [432ms]
2023-11-18 21:49:06.289 [info] > git for-each-ref --format=%(refname)%00%(upstream:short)%00%(objectname)%00%(upstream:track)%00%(upstream:remotename)%00%(upstream:remoteref) refs/heads/main refs/remotes/main [2ms]
2023-11-18 21:49:06.289 [info] > git config --get commit.template [18ms]
2023-11-18 21:49:06.838 [info] > git status -z -uall [530ms]
2023-11-18 21:49:11.877 [info] > git config --get commit.template [8ms]
2023-11-18 21:49:11.879 [info] > git for-each-ref --format=%(refname)%00%(upstream:short)%00%(objectname)%00%(upstream:track)%00%(upstream:remotename)%00%(upstream:remoteref) refs/heads/main refs/remotes/main [3ms]
2023-11-18 21:49:12.336 [info] > git status -z -uall [451ms]
2023-11-18 21:49:17.357 [info] > git config --get commit.template [1ms]
2023-11-18 21:49:17.365 [info] > git for-each-ref --format=%(refname)%00%(upstream:short)%00%(objectname)%00%(upstream:track)%00%(upstream:remotename)%00%(upstream:remoteref) refs/heads/main refs/remotes/main [2ms]
2023-11-18 21:49:17.807 [info] > git status -z -uall [437ms]
2023-11-18 21:49:20.913 [info] > git check-ignore -v -z --stdin [17ms]
2023-11-18 21:49:22.840 [info] > git config --get commit.template [9ms]
2023-11-18 21:49:22.842 [info] > git for-each-ref --format=%(refname)%00%(upstream:short)%00%(objectname)%00%(upstream:track)%00%(upstream:remotename)%00%(upstream:remoteref) refs/heads/main refs/remotes/main [4ms]
2023-11-18 21:49:23.446 [info] > git ls-files --stage -- /home/yusuf/Antar-dwm/dotconfig/sxhkd/sxhkdrc [28ms]
2023-11-18 21:49:23.462 [info] > git show --textconv :dotconfig/sxhkd/sxhkdrc [65ms]
2023-11-18 21:49:23.466 [info] > git cat-file -s 0825323aad5a13e15e0d0094668277432d16e3c1 [5ms]
2023-11-18 21:49:23.610 [info] > git status -z -uall [759ms]
2023-11-18 21:49:28.638 [info] > git config --get commit.template [2ms]
2023-11-18 21:49:28.652 [info] > git for-each-ref --format=%(refname)%00%(upstream:short)%00%(objectname)%00%(upstream:track)%00%(upstream:remotename)%00%(upstream:remoteref) refs/heads/main refs/remotes/main [2ms]
2023-11-18 21:49:29.154 [info] > git status -z -uall [487ms]
2023-11-18 21:49:34.183 [info] > git config --get commit.template [9ms]
2023-11-18 21:49:34.184 [info] > git for-each-ref --format=%(refname)%00%(upstream:short)%00%(objectname)%00%(upstream:track)%00%(upstream:remotename)%00%(upstream:remoteref) refs/heads/main refs/remotes/main [2ms]
2023-11-18 21:49:34.636 [info] > git status -z -uall [444ms]
2023-11-18 21:49:39.663 [info] > git config --get commit.template [6ms]
2023-11-18 21:49:39.664 [info] > git for-each-ref --format=%(refname)%00%(upstream:short)%00%(objectname)%00%(upstream:track)%00%(upstream:remotename)%00%(upstream:remoteref) refs/heads/main refs/remotes/main [2ms]
2023-11-18 21:49:40.208 [info] > git status -z -uall [539ms]
2023-11-18 21:49:45.238 [info] > git config --get commit.template [6ms]
2023-11-18 21:49:45.239 [info] > git for-each-ref --format=%(refname)%00%(upstream:short)%00%(objectname)%00%(upstream:track)%00%(upstream:remotename)%00%(upstream:remoteref) refs/heads/main refs/remotes/main [1ms]
2023-11-18 21:49:45.656 [info] > git status -z -uall [411ms]
2023-11-18 21:49:50.684 [info] > git config --get commit.template [8ms]
2023-11-18 21:49:50.684 [info] > git for-each-ref --format=%(refname)%00%(upstream:short)%00%(objectname)%00%(upstream:track)%00%(upstream:remotename)%00%(upstream:remoteref) refs/heads/main refs/remotes/main [2ms]
2023-11-18 21:49:51.107 [info] > git status -z -uall [417ms]
2023-11-18 21:49:56.133 [info] > git config --get commit.template [6ms]
2023-11-18 21:49:56.134 [info] > git for-each-ref --format=%(refname)%00%(upstream:short)%00%(objectname)%00%(upstream:track)%00%(upstream:remotename)%00%(upstream:remoteref) refs/heads/main refs/remotes/main [2ms]
2023-11-18 21:49:56.540 [info] > git status -z -uall [401ms]
2023-11-18 21:50:01.568 [info] > git config --get commit.template [7ms]
2023-11-18 21:50:01.569 [info] > git for-each-ref --format=%(refname)%00%(upstream:short)%00%(objectname)%00%(upstream:track)%00%(upstream:remotename)%00%(upstream:remoteref) refs/heads/main refs/remotes/main [2ms]
2023-11-18 21:50:02.233 [info] > git status -z -uall [658ms]
2023-11-18 21:50:07.260 [info] > git config --get commit.template [1ms]
2023-11-18 21:50:07.269 [info] > git for-each-ref --format=%(refname)%00%(upstream:short)%00%(objectname)%00%(upstream:track)%00%(upstream:remotename)%00%(upstream:remoteref) refs/heads/main refs/remotes/main [2ms]
2023-11-18 21:50:07.709 [info] > git status -z -uall [432ms]
2023-11-18 21:50:12.735 [info] > git config --get commit.template [6ms]
2023-11-18 21:50:12.735 [info] > git for-each-ref --format=%(refname)%00%(upstream:short)%00%(objectname)%00%(upstream:track)%00%(upstream:remotename)%00%(upstream:remoteref) refs/heads/main refs/remotes/main [1ms]
2023-11-18 21:50:13.173 [info] > git status -z -uall [432ms]
2023-11-18 21:50:18.216 [info] > git config --get commit.template [9ms]
2023-11-18 21:50:18.217 [info] > git for-each-ref --format=%(refname)%00%(upstream:short)%00%(objectname)%00%(upstream:track)%00%(upstream:remotename)%00%(upstream:remoteref) refs/heads/main refs/remotes/main [2ms]
2023-11-18 21:50:18.640 [info] > git status -z -uall [416ms]
2023-11-18 21:50:23.668 [info] > git config --get commit.template [7ms]
2023-11-18 21:50:23.670 [info] > git for-each-ref --format=%(refname)%00%(upstream:short)%00%(objectname)%00%(upstream:track)%00%(upstream:remotename)%00%(upstream:remoteref) refs/heads/main refs/remotes/main [3ms]
2023-11-18 21:50:24.139 [info] > git status -z -uall [459ms]
2023-11-18 21:50:29.166 [info] > git config --get commit.template [6ms]
2023-11-18 21:50:29.167 [info] > git for-each-ref --format=%(refname)%00%(upstream:short)%00%(objectname)%00%(upstream:track)%00%(upstream:remotename)%00%(upstream:remoteref) refs/heads/main refs/remotes/main [2ms]
2023-11-18 21:50:29.573 [info] > git status -z -uall [401ms]
2023-11-18 21:50:34.592 [info] > git config --get commit.template [2ms]
2023-11-18 21:50:34.599 [info] > git for-each-ref --format=%(refname)%00%(upstream:short)%00%(objectname)%00%(upstream:track)%00%(upstream:remotename)%00%(upstream:remoteref) refs/heads/main refs/remotes/main [2ms]
2023-11-18 21:50:35.077 [info] > git status -z -uall [473ms]
2023-11-18 21:50:40.113 [info] > git config --get commit.template [12ms]
2023-11-18 21:50:40.114 [info] > git for-each-ref --format=%(refname)%00%(upstream:short)%00%(objectname)%00%(upstream:track)%00%(upstream:remotename)%00%(upstream:remoteref) refs/heads/main refs/remotes/main [2ms]
2023-11-18 21:50:40.554 [info] > git status -z -uall [434ms]
2023-11-18 21:50:45.586 [info] > git config --get commit.template [7ms]
2023-11-18 21:50:45.588 [info] > git for-each-ref --format=%(refname)%00%(upstream:short)%00%(objectname)%00%(upstream:track)%00%(upstream:remotename)%00%(upstream:remoteref) refs/heads/main refs/remotes/main [3ms]
2023-11-18 21:50:46.066 [info] > git status -z -uall [472ms]
2023-11-18 21:50:47.584 [info] > git check-ignore -v -z --stdin [25ms]
2023-11-18 21:50:51.094 [info] > git config --get commit.template [7ms]
2023-11-18 21:50:51.095 [info] > git for-each-ref --format=%(refname)%00%(upstream:short)%00%(objectname)%00%(upstream:track)%00%(upstream:remotename)%00%(upstream:remoteref) refs/heads/main refs/remotes/main [2ms]
2023-11-18 21:50:51.589 [info] > git status -z -uall [489ms]
2023-11-18 21:50:51.807 [info] > git check-ignore -v -z --stdin [39ms]
2023-11-18 21:50:56.616 [info] > git config --get commit.template [7ms]
2023-11-18 21:50:56.617 [info] > git for-each-ref --format=%(refname)%00%(upstream:short)%00%(objectname)%00%(upstream:track)%00%(upstream:remotename)%00%(upstream:remoteref) refs/heads/main refs/remotes/main [2ms]
2023-11-18 21:50:57.014 [info] > git status -z -uall [391ms]
2023-11-18 21:51:03.166 [info] > git config --get commit.template [3ms]
2023-11-18 21:51:03.180 [info] > git for-each-ref --format=%(refname)%00%(upstream:short)%00%(objectname)%00%(upstream:track)%00%(upstream:remotename)%00%(upstream:remoteref) refs/heads/main refs/remotes/main [3ms]
2023-11-18 21:51:03.777 [info] > git status -z -uall [588ms]
2023-11-18 21:51:06.710 [info] > git check-ignore -v -z --stdin [17ms]
2023-11-18 21:51:08.801 [info] > git config --get commit.template [6ms]
2023-11-18 21:51:08.802 [info] > git for-each-ref --format=%(refname)%00%(upstream:short)%00%(objectname)%00%(upstream:track)%00%(upstream:remotename)%00%(upstream:remoteref) refs/heads/main refs/remotes/main [1ms]
2023-11-18 21:51:09.215 [info] > git status -z -uall [408ms]
2023-11-18 21:51:09.929 [info] > git check-ignore -v -z --stdin [151ms]
2023-11-18 21:51:14.251 [info] > git config --get commit.template [7ms]
2023-11-18 21:51:14.252 [info] > git for-each-ref --format=%(refname)%00%(upstream:short)%00%(objectname)%00%(upstream:track)%00%(upstream:remotename)%00%(upstream:remoteref) refs/heads/main refs/remotes/main [2ms]
2023-11-18 21:51:14.747 [info] > git status -z -uall [490ms]
2023-11-18 21:51:19.776 [info] > git config --get commit.template [11ms]
2023-11-18 21:51:19.778 [info] > git for-each-ref --format=%(refname)%00%(upstream:short)%00%(objectname)%00%(upstream:track)%00%(upstream:remotename)%00%(upstream:remoteref) refs/heads/main refs/remotes/main [3ms]
2023-11-18 21:51:20.243 [info] > git status -z -uall [460ms]
2023-11-18 21:51:22.694 [info] > git check-ignore -v -z --stdin [22ms]
2023-11-18 21:51:24.393 [info] > git show --textconv :dotconfig/neofetch/a.out [23ms]
2023-11-18 21:51:24.401 [info] > git ls-files --stage -- /home/yusuf/Antar-dwm/dotconfig/neofetch/a.out [21ms]
2023-11-18 21:51:24.415 [info] > git cat-file -s e69de29bb2d1d6434b8b29ae775ad8c2e48c5391 [5ms]
2023-11-18 21:51:25.272 [info] > git config --get commit.template [7ms]
2023-11-18 21:51:25.273 [info] > git for-each-ref --format=%(refname)%00%(upstream:short)%00%(objectname)%00%(upstream:track)%00%(upstream:remotename)%00%(upstream:remoteref) refs/heads/main refs/remotes/main [2ms]
2023-11-18 21:51:25.704 [info] > git status -z -uall [426ms]
2023-11-18 21:51:31.298 [info] > git config --get commit.template [1ms]
2023-11-18 21:51:31.313 [info] > git for-each-ref --format=%(refname)%00%(upstream:short)%00%(objectname)%00%(upstream:track)%00%(upstream:remotename)%00%(upstream:remoteref) refs/heads/main refs/remotes/main [2ms]
2023-11-18 21:51:31.812 [info] > git show --textconv :dotconfig/sxhkd/sxhkdrc [33ms]
2023-11-18 21:51:31.824 [info] > git ls-files --stage -- /home/yusuf/Antar-dwm/dotconfig/sxhkd/sxhkdrc [13ms]
2023-11-18 21:51:31.833 [info] > git cat-file -s 0825323aad5a13e15e0d0094668277432d16e3c1 [2ms]
2023-11-18 21:51:31.949 [info] > git status -z -uall [625ms]
2023-11-18 21:51:36.980 [info] > git config --get commit.template [6ms]
2023-11-18 21:51:36.981 [info] > git for-each-ref --format=%(refname)%00%(upstream:short)%00%(objectname)%00%(upstream:track)%00%(upstream:remotename)%00%(upstream:remoteref) refs/heads/main refs/remotes/main [1ms]
2023-11-18 21:51:37.488 [info] > git status -z -uall [500ms]
2023-11-18 21:51:42.091 [info] > git show --textconv :dotconfig/.Xresources [20ms]
2023-11-18 21:51:42.104 [info] > git ls-files --stage -- /home/yusuf/Antar-dwm/dotconfig/.Xresources [19ms]
2023-11-18 21:51:42.524 [info] > git config --get commit.template [2ms]
2023-11-18 21:51:42.542 [info] > git for-each-ref --format=%(refname)%00%(upstream:short)%00%(objectname)%00%(upstream:track)%00%(upstream:remotename)%00%(upstream:remoteref) refs/heads/main refs/remotes/main [3ms]
2023-11-18 21:51:43.180 [info] > git status -z -uall [621ms]
2023-11-18 21:51:48.205 [info] > git config --get commit.template [2ms]
2023-11-18 21:51:48.215 [info] > git for-each-ref --format=%(refname)%00%(upstream:short)%00%(objectname)%00%(upstream:track)%00%(upstream:remotename)%00%(upstream:remoteref) refs/heads/main refs/remotes/main [3ms]
2023-11-18 21:51:48.682 [info] > git status -z -uall [461ms]
2023-11-18 21:51:53.710 [info] > git config --get commit.template [7ms]
2023-11-18 21:51:53.711 [info] > git for-each-ref --format=%(refname)%00%(upstream:short)%00%(objectname)%00%(upstream:track)%00%(upstream:remotename)%00%(upstream:remoteref) refs/heads/main refs/remotes/main [2ms]
2023-11-18 21:51:54.153 [info] > git status -z -uall [437ms]
2023-11-18 21:51:59.187 [info] > git config --get commit.template [7ms]
2023-11-18 21:51:59.188 [info] > git for-each-ref --format=%(refname)%00%(upstream:short)%00%(objectname)%00%(upstream:track)%00%(upstream:remotename)%00%(upstream:remoteref) refs/heads/main refs/remotes/main [1ms]
2023-11-18 21:51:59.612 [info] > git status -z -uall [419ms]
2023-11-18 21:52:04.640 [info] > git config --get commit.template [3ms]
2023-11-18 21:52:04.654 [info] > git for-each-ref --format=%(refname)%00%(upstream:short)%00%(objectname)%00%(upstream:track)%00%(upstream:remotename)%00%(upstream:remoteref) refs/heads/main refs/remotes/main [4ms]
2023-11-18 21:52:05.095 [info] > git status -z -uall [432ms]
2023-11-18 21:52:06.770 [info] > git show --textconv :dotconfig/aliases [25ms]
2023-11-18 21:52:06.772 [info] > git ls-files --stage -- /home/yusuf/Antar-dwm/dotconfig/aliases [17ms]
2023-11-18 21:52:06.783 [info] > git cat-file -s a4dea74bf9fd1cea0caceb311820f55b96ce0dba [2ms]
2023-11-18 21:52:10.120 [info] > git config --get commit.template [7ms]
2023-11-18 21:52:10.120 [info] > git for-each-ref --format=%(refname)%00%(upstream:short)%00%(objectname)%00%(upstream:track)%00%(upstream:remotename)%00%(upstream:remoteref) refs/heads/main refs/remotes/main [1ms]
2023-11-18 21:52:10.561 [info] > git status -z -uall [435ms]
2023-11-18 21:52:15.589 [info] > git config --get commit.template [6ms]
2023-11-18 21:52:15.591 [info] > git for-each-ref --format=%(refname)%00%(upstream:short)%00%(objectname)%00%(upstream:track)%00%(upstream:remotename)%00%(upstream:remoteref) refs/heads/main refs/remotes/main [2ms]
2023-11-18 21:52:15.994 [info] > git status -z -uall [398ms]
2023-11-18 21:52:21.015 [info] > git config --get commit.template [2ms]
2023-11-18 21:52:21.023 [info] > git for-each-ref --format=%(refname)%00%(upstream:short)%00%(objectname)%00%(upstream:track)%00%(upstream:remotename)%00%(upstream:remoteref) refs/heads/main refs/remotes/main [1ms]
2023-11-18 21:52:21.442 [info] > git status -z -uall [414ms]
2023-11-18 21:52:26.467 [info] > git config --get commit.template [2ms]
2023-11-18 21:52:26.476 [info] > git for-each-ref --format=%(refname)%00%(upstream:short)%00%(objectname)%00%(upstream:track)%00%(upstream:remotename)%00%(upstream:remoteref) refs/heads/main refs/remotes/main [2ms]
2023-11-18 21:52:26.900 [info] > git status -z -uall [419ms]
2023-11-18 21:52:31.935 [info] > git config --get commit.template [8ms]
2023-11-18 21:52:31.936 [info] > git for-each-ref --format=%(refname)%00%(upstream:short)%00%(objectname)%00%(upstream:track)%00%(upstream:remotename)%00%(upstream:remoteref) refs/heads/main refs/remotes/main [2ms]
2023-11-18 21:52:32.334 [info] > git status -z -uall [393ms]
2023-11-18 21:52:37.361 [info] > git config --get commit.template [7ms]
2023-11-18 21:52:37.362 [info] > git for-each-ref --format=%(refname)%00%(upstream:short)%00%(objectname)%00%(upstream:track)%00%(upstream:remotename)%00%(upstream:remoteref) refs/heads/main refs/remotes/main [2ms]
2023-11-18 21:52:37.794 [info] > git status -z -uall [425ms]
2023-11-18 21:52:53.083 [info] > git config --get commit.template [1ms]
2023-11-18 21:52:53.093 [info] > git for-each-ref --format=%(refname)%00%(upstream:short)%00%(objectname)%00%(upstream:track)%00%(upstream:remotename)%00%(upstream:remoteref) refs/heads/main refs/remotes/main [2ms]
2023-11-18 21:52:53.659 [info] > git status -z -uall [553ms]
2023-11-18 21:52:58.688 [info] > git config --get commit.template [6ms]
2023-11-18 21:52:58.689 [info] > git for-each-ref --format=%(refname)%00%(upstream:short)%00%(objectname)%00%(upstream:track)%00%(upstream:remotename)%00%(upstream:remoteref) refs/heads/main refs/remotes/main [1ms]
2023-11-18 21:52:59.108 [info] > git status -z -uall [413ms]
2023-11-18 21:53:04.133 [info] > git config --get commit.template [7ms]
2023-11-18 21:53:04.134 [info] > git for-each-ref --format=%(refname)%00%(upstream:short)%00%(objectname)%00%(upstream:track)%00%(upstream:remotename)%00%(upstream:remoteref) refs/heads/main refs/remotes/main [2ms]
2023-11-18 21:53:04.569 [info] > git status -z -uall [430ms]
2023-11-18 21:53:09.600 [info] > git config --get commit.template [7ms]
2023-11-18 21:53:09.601 [info] > git for-each-ref --format=%(refname)%00%(upstream:short)%00%(objectname)%00%(upstream:track)%00%(upstream:remotename)%00%(upstream:remoteref) refs/heads/main refs/remotes/main [1ms]
2023-11-18 21:53:10.183 [info] > git status -z -uall [577ms]
2023-11-18 21:53:15.218 [info] > git config --get commit.template [2ms]
2023-11-18 21:53:15.226 [info] > git for-each-ref --format=%(refname)%00%(upstream:short)%00%(objectname)%00%(upstream:track)%00%(upstream:remotename)%00%(upstream:remoteref) refs/heads/main refs/remotes/main [2ms]
2023-11-18 21:53:15.762 [info] > git status -z -uall [529ms]
2023-11-18 21:53:20.802 [info] > git config --get commit.template [7ms]
2023-11-18 21:53:20.802 [info] > git for-each-ref --format=%(refname)%00%(upstream:short)%00%(objectname)%00%(upstream:track)%00%(upstream:remotename)%00%(upstream:remoteref) refs/heads/main refs/remotes/main [1ms]
2023-11-18 21:53:21.233 [info] > git status -z -uall [425ms]
2023-11-18 21:53:26.260 [info] > git config --get commit.template [7ms]
2023-11-18 21:53:26.261 [info] > git for-each-ref --format=%(refname)%00%(upstream:short)%00%(objectname)%00%(upstream:track)%00%(upstream:remotename)%00%(upstream:remoteref) refs/heads/main refs/remotes/main [2ms]
2023-11-18 21:53:26.668 [info] > git status -z -uall [402ms]
2023-11-18 21:53:31.697 [info] > git config --get commit.template [7ms]
2023-11-18 21:53:31.698 [info] > git for-each-ref --format=%(refname)%00%(upstream:short)%00%(objectname)%00%(upstream:track)%00%(upstream:remotename)%00%(upstream:remoteref) refs/heads/main refs/remotes/main [2ms]
2023-11-18 21:53:32.350 [info] > git status -z -uall [647ms]
2023-11-18 21:53:37.383 [info] > git config --get commit.template [6ms]
2023-11-18 21:53:37.384 [info] > git for-each-ref --format=%(refname)%00%(upstream:short)%00%(objectname)%00%(upstream:track)%00%(upstream:remotename)%00%(upstream:remoteref) refs/heads/main refs/remotes/main [2ms]
2023-11-18 21:53:37.868 [info] > git status -z -uall [479ms]
2023-11-18 21:53:42.894 [info] > git config --get commit.template [7ms]
2023-11-18 21:53:42.895 [info] > git for-each-ref --format=%(refname)%00%(upstream:short)%00%(objectname)%00%(upstream:track)%00%(upstream:remotename)%00%(upstream:remoteref) refs/heads/main refs/remotes/main [2ms]
2023-11-18 21:53:43.324 [info] > git status -z -uall [423ms]
2023-11-18 21:53:48.350 [info] > git config --get commit.template [7ms]
2023-11-18 21:53:48.351 [info] > git for-each-ref --format=%(refname)%00%(upstream:short)%00%(objectname)%00%(upstream:track)%00%(upstream:remotename)%00%(upstream:remoteref) refs/heads/main refs/remotes/main [2ms]
2023-11-18 21:53:48.835 [info] > git status -z -uall [479ms]
2023-11-18 21:53:53.865 [info] > git config --get commit.template [7ms]
2023-11-18 21:53:53.866 [info] > git for-each-ref --format=%(refname)%00%(upstream:short)%00%(objectname)%00%(upstream:track)%00%(upstream:remotename)%00%(upstream:remoteref) refs/heads/main refs/remotes/main [2ms]
2023-11-18 21:53:54.343 [info] > git status -z -uall [470ms]
2023-11-18 21:53:59.370 [info] > git config --get commit.template [7ms]
2023-11-18 21:53:59.371 [info] > git for-each-ref --format=%(refname)%00%(upstream:short)%00%(objectname)%00%(upstream:track)%00%(upstream:remotename)%00%(upstream:remoteref) refs/heads/main refs/remotes/main [2ms]
2023-11-18 21:53:59.938 [info] > git status -z -uall [562ms]
2023-11-18 21:54:04.974 [info] > git config --get commit.template [7ms]
2023-11-18 21:54:04.975 [info] > git for-each-ref --format=%(refname)%00%(upstream:short)%00%(objectname)%00%(upstream:track)%00%(upstream:remotename)%00%(upstream:remoteref) refs/heads/main refs/remotes/main [2ms]
2023-11-18 21:54:05.392 [info] > git status -z -uall [411ms]
2023-11-18 21:54:10.430 [info] > git config --get commit.template [7ms]
2023-11-18 21:54:10.431 [info] > git for-each-ref --format=%(refname)%00%(upstream:short)%00%(objectname)%00%(upstream:track)%00%(upstream:remotename)%00%(upstream:remoteref) refs/heads/main refs/remotes/main [1ms]
2023-11-18 21:54:10.884 [info] > git status -z -uall [448ms]
2023-11-18 21:54:14.354 [info] > git show --textconv :dotconfig/autostart.sh [14ms]
2023-11-18 21:54:14.368 [info] > git ls-files --stage -- /home/yusuf/Antar-dwm/dotconfig/autostart.sh [18ms]
2023-11-18 21:54:14.376 [info] > git cat-file -s a1ccce61cfc1c2e64215f80b8d8c3462e365989e [2ms]
2023-11-18 21:54:15.914 [info] > git config --get commit.template [7ms]
2023-11-18 21:54:15.915 [info] > git for-each-ref --format=%(refname)%00%(upstream:short)%00%(objectname)%00%(upstream:track)%00%(upstream:remotename)%00%(upstream:remoteref) refs/heads/main refs/remotes/main [2ms]
2023-11-18 21:54:16.346 [info] > git status -z -uall [425ms]
2023-11-18 21:54:21.374 [info] > git config --get commit.template [7ms]
2023-11-18 21:54:21.375 [info] > git for-each-ref --format=%(refname)%00%(upstream:short)%00%(objectname)%00%(upstream:track)%00%(upstream:remotename)%00%(upstream:remoteref) refs/heads/main refs/remotes/main [2ms]
2023-11-18 21:54:21.806 [info] > git status -z -uall [426ms]
2023-11-18 21:54:26.829 [info] > git config --get commit.template [2ms]
2023-11-18 21:54:26.837 [info] > git for-each-ref --format=%(refname)%00%(upstream:short)%00%(objectname)%00%(upstream:track)%00%(upstream:remotename)%00%(upstream:remoteref) refs/heads/main refs/remotes/main [2ms]
2023-11-18 21:54:27.279 [info] > git status -z -uall [437ms]
2023-11-18 21:54:32.305 [info] > git config --get commit.template [2ms]
2023-11-18 21:54:32.312 [info] > git for-each-ref --format=%(refname)%00%(upstream:short)%00%(objectname)%00%(upstream:track)%00%(upstream:remotename)%00%(upstream:remoteref) refs/heads/main refs/remotes/main [1ms]
2023-11-18 21:54:32.735 [info] > git status -z -uall [417ms]
2023-11-18 21:54:37.768 [info] > git config --get commit.template [9ms]
2023-11-18 21:54:37.769 [info] > git for-each-ref --format=%(refname)%00%(upstream:short)%00%(objectname)%00%(upstream:track)%00%(upstream:remotename)%00%(upstream:remoteref) refs/heads/main refs/remotes/main [2ms]
2023-11-18 21:54:38.201 [info] > git status -z -uall [426ms]
2023-11-18 21:54:43.235 [info] > git config --get commit.template [8ms]
2023-11-18 21:54:43.236 [info] > git for-each-ref --format=%(refname)%00%(upstream:short)%00%(objectname)%00%(upstream:track)%00%(upstream:remotename)%00%(upstream:remoteref) refs/heads/main refs/remotes/main [2ms]
2023-11-18 21:54:43.747 [info] > git status -z -uall [501ms]
2023-11-18 21:54:47.533 [info] > git show --textconv :dotconfig/doas.conf [18ms]
2023-11-18 21:54:47.548 [info] > git ls-files --stage -- /home/yusuf/Antar-dwm/dotconfig/doas.conf [18ms]
2023-11-18 21:54:47.557 [info] > git cat-file -s 2d9be689c471cf5e364907316b3e80ffc1efd46e [1ms]
2023-11-18 21:54:48.790 [info] > git config --get commit.template [3ms]
2023-11-18 21:54:48.802 [info] > git for-each-ref --format=%(refname)%00%(upstream:short)%00%(objectname)%00%(upstream:track)%00%(upstream:remotename)%00%(upstream:remoteref) refs/heads/main refs/remotes/main [2ms]
2023-11-18 21:54:48.966 [info] > git show --textconv :dotconfig/dwm.desktop [17ms]
2023-11-18 21:54:48.982 [info] > git ls-files --stage -- /home/yusuf/Antar-dwm/dotconfig/dwm.desktop [21ms]
2023-11-18 21:54:48.991 [info] > git cat-file -s b0c33541ba30a33f2a98ef27e7c732f6513a839c [2ms]
2023-11-18 21:54:49.247 [info] > git status -z -uall [439ms]
2023-11-18 21:54:54.273 [info] > git config --get commit.template [6ms]
2023-11-18 21:54:54.274 [info] > git for-each-ref --format=%(refname)%00%(upstream:short)%00%(objectname)%00%(upstream:track)%00%(upstream:remotename)%00%(upstream:remoteref) refs/heads/main refs/remotes/main [1ms]
2023-11-18 21:54:54.710 [info] > git status -z -uall [430ms]
2023-11-18 21:54:57.657 [info] > git show --textconv :install.sh [18ms]
2023-11-18 21:54:57.683 [info] > git ls-files --stage -- /home/yusuf/Antar-dwm/install.sh [28ms]
2023-11-18 21:54:57.693 [info] > git cat-file -s 053f2e34dfd5fa578e60221206ba8f3ce834af1d [2ms]
2023-11-18 21:54:59.737 [info] > git config --get commit.template [7ms]
2023-11-18 21:54:59.738 [info] > git for-each-ref --format=%(refname)%00%(upstream:short)%00%(objectname)%00%(upstream:track)%00%(upstream:remotename)%00%(upstream:remoteref) refs/heads/main refs/remotes/main [2ms]
2023-11-18 21:55:00.178 [info] > git status -z -uall [435ms]
2023-11-18 21:55:05.211 [info] > git config --get commit.template [7ms]
2023-11-18 21:55:05.211 [info] > git for-each-ref --format=%(refname)%00%(upstream:short)%00%(objectname)%00%(upstream:track)%00%(upstream:remotename)%00%(upstream:remoteref) refs/heads/main refs/remotes/main [2ms]
2023-11-18 21:55:05.711 [info] > git status -z -uall [494ms]
2023-11-18 21:55:10.748 [info] > git config --get commit.template [3ms]
2023-11-18 21:55:10.761 [info] > git for-each-ref --format=%(refname)%00%(upstream:short)%00%(objectname)%00%(upstream:track)%00%(upstream:remotename)%00%(upstream:remoteref) refs/heads/main refs/remotes/main [4ms]
2023-11-18 21:55:11.291 [info] > git status -z -uall [520ms]
2023-11-18 21:55:16.336 [info] > git config --get commit.template [14ms]
2023-11-18 21:55:16.336 [info] > git for-each-ref --format=%(refname)%00%(upstream:short)%00%(objectname)%00%(upstream:track)%00%(upstream:remotename)%00%(upstream:remoteref) refs/heads/main refs/remotes/main [2ms]
2023-11-18 21:55:16.869 [info] > git status -z -uall [520ms]
2023-11-18 21:55:21.914 [info] > git config --get commit.template [14ms]
2023-11-18 21:55:21.914 [info] > git for-each-ref --format=%(refname)%00%(upstream:short)%00%(objectname)%00%(upstream:track)%00%(upstream:remotename)%00%(upstream:remoteref) refs/heads/main refs/remotes/main [3ms]
2023-11-18 21:55:22.455 [info] > git status -z -uall [532ms]
2023-11-18 21:55:27.498 [info] > git config --get commit.template [8ms]
2023-11-18 21:55:27.499 [info] > git for-each-ref --format=%(refname)%00%(upstream:short)%00%(objectname)%00%(upstream:track)%00%(upstream:remotename)%00%(upstream:remoteref) refs/heads/main refs/remotes/main [2ms]
2023-11-18 21:55:27.924 [info] > git status -z -uall [415ms]
2023-11-18 21:55:36.468 [info] > git show --textconv :dotconfig/sxhkd/sxhkdrc [35ms]
2023-11-18 21:55:36.492 [info] > git ls-files --stage -- /home/yusuf/Antar-dwm/dotconfig/sxhkd/sxhkdrc [36ms]
2023-11-18 21:55:36.510 [info] > git cat-file -s 0825323aad5a13e15e0d0094668277432d16e3c1 [4ms]
2023-11-18 21:55:37.288 [info] > git show --textconv :dotconfig/aliases [22ms]
2023-11-18 21:55:37.296 [info] > git ls-files --stage -- /home/yusuf/Antar-dwm/dotconfig/aliases [16ms]
2023-11-18 21:55:37.303 [info] > git cat-file -s a4dea74bf9fd1cea0caceb311820f55b96ce0dba [1ms]
2023-11-18 21:55:38.367 [info] > git show --textconv :dotconfig/dwm.desktop [19ms]
2023-11-18 21:55:38.380 [info] > git ls-files --stage -- /home/yusuf/Antar-dwm/dotconfig/dwm.desktop [17ms]
2023-11-18 21:55:38.389 [info] > git cat-file -s b0c33541ba30a33f2a98ef27e7c732f6513a839c [3ms]
