2023-11-23 10:03:29.568 [info] Extension host with pid 182861 started
2023-11-23 10:03:29.568 [info] Skipping acquiring lock for /home/yusuf/.config/Code/User/workspaceStorage/d0d899516e56d54105a70d025129b1b3.
2023-11-23 10:03:29.960 [info] ExtensionService#_doActivateExtension vscode.emmet, startup: false, activationEvent: 'onLanguage'
2023-11-23 10:03:30.097 [info] ExtensionService#_doActivateExtension vscode.git-base, startup: true, activationEvent: '*', root cause: vscode.git
2023-11-23 10:03:30.393 [info] ExtensionService#_doActivateExtension vscode.git, startup: true, activationEvent: '*'
2023-11-23 10:03:30.473 [info] ExtensionService#_doActivateExtension vscode.github, startup: true, activationEvent: '*'
2023-11-23 10:03:30.572 [info] Eager extensions activated
2023-11-23 10:03:30.717 [info] ExtensionService#_doActivateExtension vscode.debug-auto-launch, startup: false, activationEvent: 'onStartupFinished'
2023-11-23 10:03:30.727 [info] ExtensionService#_doActivateExtension vscode.merge-conflict, startup: false, activationEvent: 'onStartupFinished'
2023-11-23 10:03:30.754 [info] ExtensionService#_doActivateExtension Catppuccin.catppuccin-vsc, startup: false, activationEvent: 'onStartupFinished'
2023-11-23 10:03:32.832 [warning] [Decorations] CAPPING events from decorations provider vscode.git 626
2023-11-23 10:03:33.599 [info] ExtensionService#_doActivateExtension vscode.github-authentication, startup: false, activationEvent: 'onAuthenticationRequest:github'
2023-11-23 10:03:34.262 [warning] [Decorations] CAPPING events from decorations provider vscode.git 629
2023-11-23 10:03:51.801 [warning] [Decorations] CAPPING events from decorations provider vscode.git 630
2023-11-23 10:03:57.412 [warning] [Decorations] CAPPING events from decorations provider vscode.git 611
2023-11-23 10:04:02.853 [warning] [Decorations] CAPPING events from decorations provider vscode.git 611
2023-11-23 10:04:08.369 [warning] [Decorations] CAPPING events from decorations provider vscode.git 611
2023-11-23 10:04:13.818 [warning] [Decorations] CAPPING events from decorations provider vscode.git 612
2023-11-23 10:04:19.271 [warning] [Decorations] CAPPING events from decorations provider vscode.git 611
2023-11-23 10:04:24.749 [warning] [Decorations] CAPPING events from decorations provider vscode.git 611
2023-11-23 10:04:30.330 [warning] [Decorations] CAPPING events from decorations provider vscode.git 612
2023-11-23 10:04:35.862 [warning] [Decorations] CAPPING events from decorations provider vscode.git 612
2023-11-23 10:04:41.300 [warning] [Decorations] CAPPING events from decorations provider vscode.git 613
2023-11-23 10:04:46.748 [warning] [Decorations] CAPPING events from decorations provider vscode.git 614
2023-11-23 10:04:52.353 [warning] [Decorations] CAPPING events from decorations provider vscode.git 613
2023-11-23 10:04:57.804 [warning] [Decorations] CAPPING events from decorations provider vscode.git 613
2023-11-23 10:05:03.230 [warning] [Decorations] CAPPING events from decorations provider vscode.git 613
2023-11-23 10:05:08.665 [warning] [Decorations] CAPPING events from decorations provider vscode.git 613
2023-11-23 10:05:14.117 [warning] [Decorations] CAPPING events from decorations provider vscode.git 613
2023-11-23 10:05:19.690 [warning] [Decorations] CAPPING events from decorations provider vscode.git 613
2023-11-23 10:05:25.157 [warning] [Decorations] CAPPING events from decorations provider vscode.git 613
2023-11-23 10:05:30.593 [warning] [Decorations] CAPPING events from decorations provider vscode.git 613
2023-11-23 10:05:36.062 [warning] [Decorations] CAPPING events from decorations provider vscode.git 613
2023-11-23 10:05:41.524 [warning] [Decorations] CAPPING events from decorations provider vscode.git 613
2023-11-23 10:05:46.993 [warning] [Decorations] CAPPING events from decorations provider vscode.git 613
2023-11-23 10:05:52.451 [warning] [Decorations] CAPPING events from decorations provider vscode.git 613
2023-11-23 10:05:57.895 [warning] [Decorations] CAPPING events from decorations provider vscode.git 613
2023-11-23 10:06:03.380 [warning] [Decorations] CAPPING events from decorations provider vscode.git 613
2023-11-23 10:06:08.873 [warning] [Decorations] CAPPING events from decorations provider vscode.git 613
2023-11-23 10:06:14.301 [warning] [Decorations] CAPPING events from decorations provider vscode.git 613
2023-11-23 10:06:55.873 [warning] [Decorations] CAPPING events from decorations provider vscode.git 614
2023-11-23 10:07:01.315 [warning] [Decorations] CAPPING events from decorations provider vscode.git 614
