2023-11-21 19:48:00.305 [info] Extension host with pid 110713 started
2023-11-21 19:48:00.305 [info] Skipping acquiring lock for /home/yusuf/.config/Code/User/workspaceStorage/d0d899516e56d54105a70d025129b1b3.
2023-11-21 19:48:01.225 [info] ExtensionService#_doActivateExtension vscode.emmet, startup: false, activationEvent: 'onLanguage'
2023-11-21 19:48:01.518 [info] ExtensionService#_doActivateExtension vscode.git-base, startup: true, activationEvent: '*', root cause: vscode.git
2023-11-21 19:48:02.236 [info] ExtensionService#_doActivateExtension vscode.git, startup: true, activationEvent: '*'
2023-11-21 19:48:02.379 [info] ExtensionService#_doActivateExtension vscode.github, startup: true, activationEvent: '*'
2023-11-21 19:48:02.776 [info] Eager extensions activated
2023-11-21 19:48:03.256 [info] ExtensionService#_doActivateExtension vscode.debug-auto-launch, startup: false, activationEvent: 'onStartupFinished'
2023-11-21 19:48:03.280 [info] ExtensionService#_doActivateExtension vscode.merge-conflict, startup: false, activationEvent: 'onStartupFinished'
2023-11-21 19:48:03.340 [info] ExtensionService#_doActivateExtension Catppuccin.catppuccin-vsc, startup: false, activationEvent: 'onStartupFinished'
2023-11-21 19:48:09.049 [warning] [Decorations] CAPPING events from decorations provider vscode.git 623
2023-11-21 19:48:11.430 [info] ExtensionService#_doActivateExtension vscode.github-authentication, startup: false, activationEvent: 'onAuthenticationRequest:github'
2023-11-21 19:48:13.900 [warning] [Decorations] CAPPING events from decorations provider vscode.git 626
2023-11-21 19:49:13.785 [warning] [Decorations] CAPPING events from decorations provider vscode.git 608
2023-11-21 19:49:20.506 [warning] [Decorations] CAPPING events from decorations provider vscode.git 608
2023-11-21 19:49:27.176 [warning] [Decorations] CAPPING events from decorations provider vscode.git 608
2023-11-21 19:49:33.895 [warning] [Decorations] CAPPING events from decorations provider vscode.git 608
2023-11-21 19:49:40.579 [warning] [Decorations] CAPPING events from decorations provider vscode.git 608
2023-11-21 19:49:47.133 [warning] [Decorations] CAPPING events from decorations provider vscode.git 608
2023-11-21 19:49:53.853 [warning] [Decorations] CAPPING events from decorations provider vscode.git 608
2023-11-21 19:50:00.520 [warning] [Decorations] CAPPING events from decorations provider vscode.git 608
2023-11-21 19:50:06.991 [warning] [Decorations] CAPPING events from decorations provider vscode.git 608
2023-11-21 19:50:13.759 [warning] [Decorations] CAPPING events from decorations provider vscode.git 608
2023-11-21 19:50:20.225 [warning] [Decorations] CAPPING events from decorations provider vscode.git 608
2023-11-21 19:50:26.773 [warning] [Decorations] CAPPING events from decorations provider vscode.git 608
2023-11-21 19:50:33.421 [warning] [Decorations] CAPPING events from decorations provider vscode.git 608
2023-11-21 19:50:40.061 [warning] [Decorations] CAPPING events from decorations provider vscode.git 608
2023-11-21 19:50:46.545 [warning] [Decorations] CAPPING events from decorations provider vscode.git 608
2023-11-21 19:50:53.180 [warning] [Decorations] CAPPING events from decorations provider vscode.git 608
2023-11-21 19:51:00.151 [warning] [Decorations] CAPPING events from decorations provider vscode.git 608
2023-11-21 19:51:06.805 [warning] [Decorations] CAPPING events from decorations provider vscode.git 608
2023-11-21 19:51:13.290 [warning] [Decorations] CAPPING events from decorations provider vscode.git 608
2023-11-21 19:51:20.085 [warning] [Decorations] CAPPING events from decorations provider vscode.git 608
2023-11-21 19:51:26.759 [warning] [Decorations] CAPPING events from decorations provider vscode.git 608
2023-11-21 19:51:33.344 [warning] [Decorations] CAPPING events from decorations provider vscode.git 608
2023-11-21 19:51:40.193 [warning] [Decorations] CAPPING events from decorations provider vscode.git 608
2023-11-21 19:51:46.798 [warning] [Decorations] CAPPING events from decorations provider vscode.git 608
2023-11-21 19:51:53.360 [warning] [Decorations] CAPPING events from decorations provider vscode.git 608
2023-11-21 19:51:59.934 [warning] [Decorations] CAPPING events from decorations provider vscode.git 608
2023-11-21 19:52:06.668 [warning] [Decorations] CAPPING events from decorations provider vscode.git 608
2023-11-21 19:52:13.305 [warning] [Decorations] CAPPING events from decorations provider vscode.git 608
2023-11-21 19:52:19.992 [warning] [Decorations] CAPPING events from decorations provider vscode.git 608
2023-11-21 19:52:26.747 [warning] [Decorations] CAPPING events from decorations provider vscode.git 608
2023-11-21 19:52:33.282 [warning] [Decorations] CAPPING events from decorations provider vscode.git 608
2023-11-21 19:52:40.113 [warning] [Decorations] CAPPING events from decorations provider vscode.git 608
2023-11-21 19:52:46.933 [warning] [Decorations] CAPPING events from decorations provider vscode.git 608
2023-11-21 19:52:53.440 [warning] [Decorations] CAPPING events from decorations provider vscode.git 608
2023-11-21 19:53:00.168 [warning] [Decorations] CAPPING events from decorations provider vscode.git 608
2023-11-21 19:53:06.696 [warning] [Decorations] CAPPING events from decorations provider vscode.git 608
2023-11-21 19:53:13.359 [warning] [Decorations] CAPPING events from decorations provider vscode.git 608
2023-11-21 19:53:19.972 [warning] [Decorations] CAPPING events from decorations provider vscode.git 608
2023-11-21 19:53:26.551 [warning] [Decorations] CAPPING events from decorations provider vscode.git 608
2023-11-21 19:53:33.171 [warning] [Decorations] CAPPING events from decorations provider vscode.git 608
2023-11-21 19:53:39.893 [warning] [Decorations] CAPPING events from decorations provider vscode.git 608
2023-11-21 19:53:46.482 [warning] [Decorations] CAPPING events from decorations provider vscode.git 608
2023-11-21 19:53:53.063 [warning] [Decorations] CAPPING events from decorations provider vscode.git 608
2023-11-21 19:53:59.676 [warning] [Decorations] CAPPING events from decorations provider vscode.git 608
2023-11-21 19:54:06.165 [warning] [Decorations] CAPPING events from decorations provider vscode.git 608
2023-11-21 19:54:12.652 [warning] [Decorations] CAPPING events from decorations provider vscode.git 608
2023-11-21 19:54:19.312 [warning] [Decorations] CAPPING events from decorations provider vscode.git 609
2023-11-21 19:54:26.121 [warning] [Decorations] CAPPING events from decorations provider vscode.git 608
2023-11-21 19:54:32.975 [warning] [Decorations] CAPPING events from decorations provider vscode.git 608
2023-11-21 19:54:39.695 [warning] [Decorations] CAPPING events from decorations provider vscode.git 608
2023-11-21 19:54:46.328 [warning] [Decorations] CAPPING events from decorations provider vscode.git 608
2023-11-21 19:54:52.796 [warning] [Decorations] CAPPING events from decorations provider vscode.git 608
2023-11-21 19:54:59.454 [warning] [Decorations] CAPPING events from decorations provider vscode.git 608
2023-11-21 19:55:05.960 [warning] [Decorations] CAPPING events from decorations provider vscode.git 609
2023-11-21 19:55:12.574 [warning] [Decorations] CAPPING events from decorations provider vscode.git 609
2023-11-21 19:55:19.499 [warning] [Decorations] CAPPING events from decorations provider vscode.git 609
2023-11-21 19:55:26.292 [warning] [Decorations] CAPPING events from decorations provider vscode.git 609
2023-11-21 19:55:32.968 [warning] [Decorations] CAPPING events from decorations provider vscode.git 609
2023-11-21 19:55:39.689 [warning] [Decorations] CAPPING events from decorations provider vscode.git 610
2023-11-21 19:55:46.271 [warning] [Decorations] CAPPING events from decorations provider vscode.git 609
2023-11-21 19:55:52.781 [warning] [Decorations] CAPPING events from decorations provider vscode.git 609
2023-11-21 19:55:59.879 [warning] [Decorations] CAPPING events from decorations provider vscode.git 609
2023-11-21 19:56:06.400 [warning] [Decorations] CAPPING events from decorations provider vscode.git 610
2023-11-21 19:56:12.960 [warning] [Decorations] CAPPING events from decorations provider vscode.git 610
2023-11-21 19:56:19.615 [warning] [Decorations] CAPPING events from decorations provider vscode.git 610
2023-11-21 19:56:26.328 [warning] [Decorations] CAPPING events from decorations provider vscode.git 610
2023-11-21 19:56:32.769 [warning] [Decorations] CAPPING events from decorations provider vscode.git 610
2023-11-21 19:56:39.773 [warning] [Decorations] CAPPING events from decorations provider vscode.git 610
2023-11-21 19:56:46.460 [warning] [Decorations] CAPPING events from decorations provider vscode.git 610
2023-11-21 19:56:53.106 [warning] [Decorations] CAPPING events from decorations provider vscode.git 610
2023-11-21 19:57:11.060 [warning] [Decorations] CAPPING events from decorations provider vscode.git 610
2023-11-21 19:57:17.544 [warning] [Decorations] CAPPING events from decorations provider vscode.git 610
2023-11-21 19:57:24.071 [warning] [Decorations] CAPPING events from decorations provider vscode.git 610
2023-11-21 19:57:30.598 [warning] [Decorations] CAPPING events from decorations provider vscode.git 610
2023-11-21 19:57:37.114 [warning] [Decorations] CAPPING events from decorations provider vscode.git 610
2023-11-21 19:57:43.597 [warning] [Decorations] CAPPING events from decorations provider vscode.git 610
2023-11-21 19:57:50.207 [warning] [Decorations] CAPPING events from decorations provider vscode.git 610
2023-11-21 19:57:56.681 [warning] [Decorations] CAPPING events from decorations provider vscode.git 610
2023-11-21 19:58:03.132 [warning] [Decorations] CAPPING events from decorations provider vscode.git 610
2023-11-21 19:58:09.736 [warning] [Decorations] CAPPING events from decorations provider vscode.git 610
2023-11-21 19:58:16.229 [warning] [Decorations] CAPPING events from decorations provider vscode.git 610
2023-11-21 19:58:22.729 [warning] [Decorations] CAPPING events from decorations provider vscode.git 610
2023-11-21 19:58:29.247 [warning] [Decorations] CAPPING events from decorations provider vscode.git 610
2023-11-21 19:58:35.707 [warning] [Decorations] CAPPING events from decorations provider vscode.git 610
2023-11-21 19:58:42.252 [warning] [Decorations] CAPPING events from decorations provider vscode.git 610
2023-11-21 19:58:48.789 [warning] [Decorations] CAPPING events from decorations provider vscode.git 610
2023-11-21 19:58:55.330 [warning] [Decorations] CAPPING events from decorations provider vscode.git 610
2023-11-21 19:59:01.769 [warning] [Decorations] CAPPING events from decorations provider vscode.git 610
2023-11-21 19:59:08.252 [warning] [Decorations] CAPPING events from decorations provider vscode.git 610
2023-11-21 19:59:14.836 [warning] [Decorations] CAPPING events from decorations provider vscode.git 610
2023-11-21 19:59:21.505 [warning] [Decorations] CAPPING events from decorations provider vscode.git 610
2023-11-21 19:59:38.467 [warning] [Decorations] CAPPING events from decorations provider vscode.git 610
2023-11-21 20:00:01.834 [warning] [Decorations] CAPPING events from decorations provider vscode.git 610
2023-11-21 20:00:08.368 [warning] [Decorations] CAPPING events from decorations provider vscode.git 610
2023-11-21 20:00:14.975 [warning] [Decorations] CAPPING events from decorations provider vscode.git 610
2023-11-21 20:02:49.466 [warning] [Decorations] CAPPING events from decorations provider vscode.git 610
2023-11-21 20:04:34.774 [warning] [Decorations] CAPPING events from decorations provider vscode.git 610
2023-11-21 21:33:06.313 [info] Extension host terminating: renderer closed the MessagePort
2023-11-21 21:33:06.355 [error] Canceled: Canceled
	at new f (/opt/visual-studio-code/resources/app/out/vs/workbench/api/node/extensionHostProcess.js:125:108614)
	at n.U (/opt/visual-studio-code/resources/app/out/vs/workbench/api/node/extensionHostProcess.js:134:10873)
	at F.<computed>.z.charCodeAt.F.<computed> (/opt/visual-studio-code/resources/app/out/vs/workbench/api/node/extensionHostProcess.js:134:8315)
	at i.g (/opt/visual-studio-code/resources/app/out/vs/workbench/api/node/extensionHostProcess.js:125:139130)
	at i.executeCommand (/opt/visual-studio-code/resources/app/out/vs/workbench/api/node/extensionHostProcess.js:125:138568)
	at $.registerCommand.description (/opt/visual-studio-code/resources/app/out/vs/workbench/api/node/extensionHostProcess.js:125:137892)
	at i.h (/opt/visual-studio-code/resources/app/out/vs/workbench/api/node/extensionHostProcess.js:125:139669)
	at i.g (/opt/visual-studio-code/resources/app/out/vs/workbench/api/node/extensionHostProcess.js:125:138661)
	at i.executeCommand (/opt/visual-studio-code/resources/app/out/vs/workbench/api/node/extensionHostProcess.js:125:138568)
	at Object.executeCommand (/opt/visual-studio-code/resources/app/out/vs/workbench/api/node/extensionHostProcess.js:140:21329)
	at h.D [as value] (/opt/visual-studio-code/resources/app/extensions/git/dist/main.js:2:1316925)
	at c.y (/opt/visual-studio-code/resources/app/out/vs/workbench/api/node/extensionHostProcess.js:80:1902)
	at c.z (/opt/visual-studio-code/resources/app/out/vs/workbench/api/node/extensionHostProcess.js:80:1972)
	at c.fire (/opt/visual-studio-code/resources/app/out/vs/workbench/api/node/extensionHostProcess.js:80:2188)
	at Object.m [as dispose] (/opt/visual-studio-code/resources/app/extensions/git/dist/main.js:2:1332842)
	at /opt/visual-studio-code/resources/app/extensions/git/dist/main.js:2:1337795
	at Array.forEach (<anonymous>)
	at g.dispose (/opt/visual-studio-code/resources/app/extensions/git/dist/main.js:2:1337781)
	at v.<anonymous> (/opt/visual-studio-code/resources/app/out/vs/workbench/api/node/extensionHostProcess.js:121:3572)
	at v.dispose (/opt/visual-studio-code/resources/app/out/vs/workbench/api/node/extensionHostProcess.js:121:3669)
	at v.<anonymous> (/opt/visual-studio-code/resources/app/extensions/git/dist/main.js:2:1318937)
	at v.dispose (/opt/visual-studio-code/resources/app/out/vs/workbench/api/node/extensionHostProcess.js:121:3669)
	at o (/opt/visual-studio-code/resources/app/out/vs/workbench/api/node/extensionHostProcess.js:30:754)
	at h.cb (/opt/visual-studio-code/resources/app/out/vs/workbench/api/node/extensionHostProcess.js:136:9843)
	at /opt/visual-studio-code/resources/app/out/vs/workbench/api/node/extensionHostProcess.js:136:7793
	at Array.map (<anonymous>)
	at h.Y (/opt/visual-studio-code/resources/app/out/vs/workbench/api/node/extensionHostProcess.js:136:7781)
	at h.terminate (/opt/visual-studio-code/resources/app/out/vs/workbench/api/node/extensionHostProcess.js:136:8051)
	at o.terminate (/opt/visual-studio-code/resources/app/out/vs/workbench/api/node/extensionHostProcess.js:140:1513)
	at a (/opt/visual-studio-code/resources/app/out/vs/workbench/api/node/extensionHostProcess.js:153:9817)
	at MessagePortMain.<anonymous> (/opt/visual-studio-code/resources/app/out/vs/workbench/api/node/extensionHostProcess.js:153:6242)
	at MessagePortMain.emit (node:events:513:28)
	at MessagePortMain._internalPort.emit (node:electron/js2c/utility_init:2:367) setContext undefined
2023-11-21 21:33:06.367 [error] Canceled: Canceled
	at new f (/opt/visual-studio-code/resources/app/out/vs/workbench/api/node/extensionHostProcess.js:125:108614)
	at n.U (/opt/visual-studio-code/resources/app/out/vs/workbench/api/node/extensionHostProcess.js:134:10873)
	at F.<computed>.z.charCodeAt.F.<computed> (/opt/visual-studio-code/resources/app/out/vs/workbench/api/node/extensionHostProcess.js:134:8315)
	at i.g (/opt/visual-studio-code/resources/app/out/vs/workbench/api/node/extensionHostProcess.js:125:139130)
	at i.executeCommand (/opt/visual-studio-code/resources/app/out/vs/workbench/api/node/extensionHostProcess.js:125:138568)
	at $.registerCommand.description (/opt/visual-studio-code/resources/app/out/vs/workbench/api/node/extensionHostProcess.js:125:137892)
	at i.h (/opt/visual-studio-code/resources/app/out/vs/workbench/api/node/extensionHostProcess.js:125:139669)
	at i.g (/opt/visual-studio-code/resources/app/out/vs/workbench/api/node/extensionHostProcess.js:125:138661)
	at i.executeCommand (/opt/visual-studio-code/resources/app/out/vs/workbench/api/node/extensionHostProcess.js:125:138568)
	at Object.executeCommand (/opt/visual-studio-code/resources/app/out/vs/workbench/api/node/extensionHostProcess.js:140:21329)
	at set b [as b] (/opt/visual-studio-code/resources/app/extensions/github/dist/extension.js:2:714708)
	at /opt/visual-studio-code/resources/app/extensions/github/dist/extension.js:2:715349
	at h.value (/opt/visual-studio-code/resources/app/extensions/git/dist/main.js:2:1408111)
	at c.y (/opt/visual-studio-code/resources/app/out/vs/workbench/api/node/extensionHostProcess.js:80:1902)
	at c.z (/opt/visual-studio-code/resources/app/out/vs/workbench/api/node/extensionHostProcess.js:80:1972)
	at c.fire (/opt/visual-studio-code/resources/app/out/vs/workbench/api/node/extensionHostProcess.js:80:2188)
	at Object.m [as dispose] (/opt/visual-studio-code/resources/app/extensions/git/dist/main.js:2:1332842)
	at /opt/visual-studio-code/resources/app/extensions/git/dist/main.js:2:1337795
	at Array.forEach (<anonymous>)
	at g.dispose (/opt/visual-studio-code/resources/app/extensions/git/dist/main.js:2:1337781)
	at v.<anonymous> (/opt/visual-studio-code/resources/app/out/vs/workbench/api/node/extensionHostProcess.js:121:3572)
	at v.dispose (/opt/visual-studio-code/resources/app/out/vs/workbench/api/node/extensionHostProcess.js:121:3669)
	at v.<anonymous> (/opt/visual-studio-code/resources/app/extensions/git/dist/main.js:2:1318937)
	at v.dispose (/opt/visual-studio-code/resources/app/out/vs/workbench/api/node/extensionHostProcess.js:121:3669)
	at o (/opt/visual-studio-code/resources/app/out/vs/workbench/api/node/extensionHostProcess.js:30:754)
	at h.cb (/opt/visual-studio-code/resources/app/out/vs/workbench/api/node/extensionHostProcess.js:136:9843)
	at /opt/visual-studio-code/resources/app/out/vs/workbench/api/node/extensionHostProcess.js:136:7793
	at Array.map (<anonymous>)
	at h.Y (/opt/visual-studio-code/resources/app/out/vs/workbench/api/node/extensionHostProcess.js:136:7781)
	at h.terminate (/opt/visual-studio-code/resources/app/out/vs/workbench/api/node/extensionHostProcess.js:136:8051)
	at o.terminate (/opt/visual-studio-code/resources/app/out/vs/workbench/api/node/extensionHostProcess.js:140:1513)
	at a (/opt/visual-studio-code/resources/app/out/vs/workbench/api/node/extensionHostProcess.js:153:9817)
	at MessagePortMain.<anonymous> (/opt/visual-studio-code/resources/app/out/vs/workbench/api/node/extensionHostProcess.js:153:6242)
	at MessagePortMain.emit (node:events:513:28)
	at MessagePortMain._internalPort.emit (node:electron/js2c/utility_init:2:367) setContext undefined
2023-11-21 21:33:06.367 [info] Extension host with pid 110713 exiting with code 0
