2023-11-22 15:50:32.426 [info] Extension host with pid 347336 started
2023-11-22 15:50:32.426 [info] Skipping acquiring lock for /home/yusuf/.config/Code/User/workspaceStorage/d0d899516e56d54105a70d025129b1b3.
2023-11-22 15:50:32.700 [info] ExtensionService#_doActivateExtension vscode.emmet, startup: false, activationEvent: 'onLanguage'
2023-11-22 15:50:32.854 [info] ExtensionService#_doActivateExtension vscode.git-base, startup: true, activationEvent: '*', root cause: vscode.git
2023-11-22 15:50:32.920 [info] ExtensionService#_doActivateExtension vscode.git, startup: true, activationEvent: '*'
2023-11-22 15:50:32.987 [info] ExtensionService#_doActivateExtension vscode.github, startup: true, activationEvent: '*'
2023-11-22 15:50:33.087 [info] Eager extensions activated
2023-11-22 15:50:33.203 [info] ExtensionService#_doActivateExtension vscode.debug-auto-launch, startup: false, activationEvent: 'onStartupFinished'
2023-11-22 15:50:33.209 [info] ExtensionService#_doActivateExtension vscode.merge-conflict, startup: false, activationEvent: 'onStartupFinished'
2023-11-22 15:50:33.226 [info] ExtensionService#_doActivateExtension Catppuccin.catppuccin-vsc, startup: false, activationEvent: 'onStartupFinished'
2023-11-22 15:50:34.440 [warning] [Decorations] CAPPING events from decorations provider vscode.git 624
2023-11-22 15:50:34.931 [info] ExtensionService#_doActivateExtension vscode.github-authentication, startup: false, activationEvent: 'onAuthenticationRequest:github'
2023-11-22 15:50:36.107 [warning] [Decorations] CAPPING events from decorations provider vscode.git 626
2023-11-22 15:51:49.820 [warning] [Decorations] CAPPING events from decorations provider vscode.git 628
2023-11-22 15:51:55.478 [warning] [Decorations] CAPPING events from decorations provider vscode.git 610
2023-11-22 15:52:10.155 [warning] [Decorations] CAPPING events from decorations provider vscode.git 610
2023-11-22 15:52:15.804 [warning] [Decorations] CAPPING events from decorations provider vscode.git 610
2023-11-22 15:52:21.446 [warning] [Decorations] CAPPING events from decorations provider vscode.git 610
2023-11-22 15:52:27.005 [warning] [Decorations] CAPPING events from decorations provider vscode.git 610
2023-11-22 15:52:32.529 [warning] [Decorations] CAPPING events from decorations provider vscode.git 610
2023-11-22 15:52:38.008 [warning] [Decorations] CAPPING events from decorations provider vscode.git 610
2023-11-22 15:52:43.490 [warning] [Decorations] CAPPING events from decorations provider vscode.git 610
2023-11-22 15:53:03.586 [warning] [Decorations] CAPPING events from decorations provider vscode.git 610
2023-11-22 15:53:32.947 [warning] [Decorations] CAPPING events from decorations provider vscode.git 611
2023-11-22 15:55:43.842 [warning] [Decorations] CAPPING events from decorations provider vscode.git 610
2023-11-22 16:00:38.449 [warning] [Decorations] CAPPING events from decorations provider vscode.git 610
2023-11-22 16:10:26.780 [warning] [Decorations] CAPPING events from decorations provider vscode.git 610
2023-11-22 16:10:31.607 [info] Extension host terminating: renderer closed the MessagePort
2023-11-22 16:10:31.633 [error] Canceled: Canceled
	at new f (/opt/visual-studio-code/resources/app/out/vs/workbench/api/node/extensionHostProcess.js:125:108614)
	at n.U (/opt/visual-studio-code/resources/app/out/vs/workbench/api/node/extensionHostProcess.js:134:10873)
	at F.<computed>.z.charCodeAt.F.<computed> (/opt/visual-studio-code/resources/app/out/vs/workbench/api/node/extensionHostProcess.js:134:8315)
	at i.g (/opt/visual-studio-code/resources/app/out/vs/workbench/api/node/extensionHostProcess.js:125:139130)
	at i.executeCommand (/opt/visual-studio-code/resources/app/out/vs/workbench/api/node/extensionHostProcess.js:125:138568)
	at $.registerCommand.description (/opt/visual-studio-code/resources/app/out/vs/workbench/api/node/extensionHostProcess.js:125:137892)
	at i.h (/opt/visual-studio-code/resources/app/out/vs/workbench/api/node/extensionHostProcess.js:125:139669)
	at i.g (/opt/visual-studio-code/resources/app/out/vs/workbench/api/node/extensionHostProcess.js:125:138661)
	at i.executeCommand (/opt/visual-studio-code/resources/app/out/vs/workbench/api/node/extensionHostProcess.js:125:138568)
	at Object.executeCommand (/opt/visual-studio-code/resources/app/out/vs/workbench/api/node/extensionHostProcess.js:140:21329)
	at h.D [as value] (/opt/visual-studio-code/resources/app/extensions/git/dist/main.js:2:1316925)
	at c.y (/opt/visual-studio-code/resources/app/out/vs/workbench/api/node/extensionHostProcess.js:80:1902)
	at c.z (/opt/visual-studio-code/resources/app/out/vs/workbench/api/node/extensionHostProcess.js:80:1972)
	at c.fire (/opt/visual-studio-code/resources/app/out/vs/workbench/api/node/extensionHostProcess.js:80:2188)
	at Object.m [as dispose] (/opt/visual-studio-code/resources/app/extensions/git/dist/main.js:2:1332842)
	at /opt/visual-studio-code/resources/app/extensions/git/dist/main.js:2:1337795
	at Array.forEach (<anonymous>)
	at g.dispose (/opt/visual-studio-code/resources/app/extensions/git/dist/main.js:2:1337781)
	at v.<anonymous> (/opt/visual-studio-code/resources/app/out/vs/workbench/api/node/extensionHostProcess.js:121:3572)
	at v.dispose (/opt/visual-studio-code/resources/app/out/vs/workbench/api/node/extensionHostProcess.js:121:3669)
	at v.<anonymous> (/opt/visual-studio-code/resources/app/extensions/git/dist/main.js:2:1318937)
	at v.dispose (/opt/visual-studio-code/resources/app/out/vs/workbench/api/node/extensionHostProcess.js:121:3669)
	at o (/opt/visual-studio-code/resources/app/out/vs/workbench/api/node/extensionHostProcess.js:30:754)
	at h.cb (/opt/visual-studio-code/resources/app/out/vs/workbench/api/node/extensionHostProcess.js:136:9843)
	at /opt/visual-studio-code/resources/app/out/vs/workbench/api/node/extensionHostProcess.js:136:7793
	at Array.map (<anonymous>)
	at h.Y (/opt/visual-studio-code/resources/app/out/vs/workbench/api/node/extensionHostProcess.js:136:7781)
	at h.terminate (/opt/visual-studio-code/resources/app/out/vs/workbench/api/node/extensionHostProcess.js:136:8051)
	at o.terminate (/opt/visual-studio-code/resources/app/out/vs/workbench/api/node/extensionHostProcess.js:140:1513)
	at a (/opt/visual-studio-code/resources/app/out/vs/workbench/api/node/extensionHostProcess.js:153:9817)
	at MessagePortMain.<anonymous> (/opt/visual-studio-code/resources/app/out/vs/workbench/api/node/extensionHostProcess.js:153:6242)
	at MessagePortMain.emit (node:events:513:28)
	at MessagePortMain._internalPort.emit (node:electron/js2c/utility_init:2:367) setContext undefined
2023-11-22 16:10:31.636 [error] Canceled: Canceled
	at new f (/opt/visual-studio-code/resources/app/out/vs/workbench/api/node/extensionHostProcess.js:125:108614)
	at n.U (/opt/visual-studio-code/resources/app/out/vs/workbench/api/node/extensionHostProcess.js:134:10873)
	at F.<computed>.z.charCodeAt.F.<computed> (/opt/visual-studio-code/resources/app/out/vs/workbench/api/node/extensionHostProcess.js:134:8315)
	at i.g (/opt/visual-studio-code/resources/app/out/vs/workbench/api/node/extensionHostProcess.js:125:139130)
	at i.executeCommand (/opt/visual-studio-code/resources/app/out/vs/workbench/api/node/extensionHostProcess.js:125:138568)
	at $.registerCommand.description (/opt/visual-studio-code/resources/app/out/vs/workbench/api/node/extensionHostProcess.js:125:137892)
	at i.h (/opt/visual-studio-code/resources/app/out/vs/workbench/api/node/extensionHostProcess.js:125:139669)
	at i.g (/opt/visual-studio-code/resources/app/out/vs/workbench/api/node/extensionHostProcess.js:125:138661)
	at i.executeCommand (/opt/visual-studio-code/resources/app/out/vs/workbench/api/node/extensionHostProcess.js:125:138568)
	at Object.executeCommand (/opt/visual-studio-code/resources/app/out/vs/workbench/api/node/extensionHostProcess.js:140:21329)
	at set b [as b] (/opt/visual-studio-code/resources/app/extensions/github/dist/extension.js:2:714708)
	at /opt/visual-studio-code/resources/app/extensions/github/dist/extension.js:2:715349
	at h.value (/opt/visual-studio-code/resources/app/extensions/git/dist/main.js:2:1408111)
	at c.y (/opt/visual-studio-code/resources/app/out/vs/workbench/api/node/extensionHostProcess.js:80:1902)
	at c.z (/opt/visual-studio-code/resources/app/out/vs/workbench/api/node/extensionHostProcess.js:80:1972)
	at c.fire (/opt/visual-studio-code/resources/app/out/vs/workbench/api/node/extensionHostProcess.js:80:2188)
	at Object.m [as dispose] (/opt/visual-studio-code/resources/app/extensions/git/dist/main.js:2:1332842)
	at /opt/visual-studio-code/resources/app/extensions/git/dist/main.js:2:1337795
	at Array.forEach (<anonymous>)
	at g.dispose (/opt/visual-studio-code/resources/app/extensions/git/dist/main.js:2:1337781)
	at v.<anonymous> (/opt/visual-studio-code/resources/app/out/vs/workbench/api/node/extensionHostProcess.js:121:3572)
	at v.dispose (/opt/visual-studio-code/resources/app/out/vs/workbench/api/node/extensionHostProcess.js:121:3669)
	at v.<anonymous> (/opt/visual-studio-code/resources/app/extensions/git/dist/main.js:2:1318937)
	at v.dispose (/opt/visual-studio-code/resources/app/out/vs/workbench/api/node/extensionHostProcess.js:121:3669)
	at o (/opt/visual-studio-code/resources/app/out/vs/workbench/api/node/extensionHostProcess.js:30:754)
	at h.cb (/opt/visual-studio-code/resources/app/out/vs/workbench/api/node/extensionHostProcess.js:136:9843)
	at /opt/visual-studio-code/resources/app/out/vs/workbench/api/node/extensionHostProcess.js:136:7793
	at Array.map (<anonymous>)
	at h.Y (/opt/visual-studio-code/resources/app/out/vs/workbench/api/node/extensionHostProcess.js:136:7781)
	at h.terminate (/opt/visual-studio-code/resources/app/out/vs/workbench/api/node/extensionHostProcess.js:136:8051)
	at o.terminate (/opt/visual-studio-code/resources/app/out/vs/workbench/api/node/extensionHostProcess.js:140:1513)
	at a (/opt/visual-studio-code/resources/app/out/vs/workbench/api/node/extensionHostProcess.js:153:9817)
	at MessagePortMain.<anonymous> (/opt/visual-studio-code/resources/app/out/vs/workbench/api/node/extensionHostProcess.js:153:6242)
	at MessagePortMain.emit (node:events:513:28)
	at MessagePortMain._internalPort.emit (node:electron/js2c/utility_init:2:367) setContext undefined
2023-11-22 16:10:31.637 [info] Extension host with pid 347336 exiting with code 0
