2023-11-14 09:49:39.844 [info] Added views:workbench.panel.markers.view in workbench.panel.markers
2023-11-14 09:49:39.844 [info] Added views:workbench.panel.output in workbench.panel.output
2023-11-14 09:49:39.844 [info] Added views:terminal in terminal
2023-11-14 09:49:39.844 [info] Added views:outline in workbench.view.explorer
2023-11-14 09:49:39.844 [info] Added views:workbench.scm in workbench.view.scm
2023-11-14 09:49:39.844 [info] Added views:workbench.view.search in workbench.view.search
2023-11-14 09:49:39.844 [info] Added views:timeline in workbench.view.explorer
2023-11-14 09:49:39.844 [info] Added views:workbench.explorer.emptyView in workbench.view.explorer
2023-11-14 09:49:41.382 [info] Added views:workbench.debug.variablesView,workbench.debug.watchExpressionsView,workbench.debug.callStackView,workbench.debug.breakPointsView in workbench.view.debug
2023-11-14 09:49:44.139 [info] Added views:~remote.forwardedPorts in ~remote.forwardedPortsContainer
2023-11-14 09:49:45.139 [info] Added views:workbench.panel.repl.view in workbench.panel.repl
2023-11-14 09:49:45.141 [info] Removed views:workbench.debug.breakPointsView,workbench.debug.callStackView,workbench.debug.watchExpressionsView,workbench.debug.variablesView from workbench.view.debug
2023-11-14 09:49:45.145 [info] Added views:workbench.debug.welcome in workbench.view.debug
2023-11-14 09:50:35.106 [info] Added views:workbench.panel.markers.view in workbench.panel.markers
2023-11-14 09:50:35.106 [info] Added views:workbench.panel.output in workbench.panel.output
2023-11-14 09:50:35.106 [info] Added views:terminal in terminal
2023-11-14 09:50:35.106 [info] Added views:outline in workbench.view.explorer
2023-11-14 09:50:35.106 [info] Added views:workbench.scm in workbench.view.scm
2023-11-14 09:50:35.106 [info] Added views:workbench.view.search in workbench.view.search
2023-11-14 09:50:35.106 [info] Added views:timeline in workbench.view.explorer
2023-11-14 09:50:35.106 [info] Added views:workbench.explorer.fileView in workbench.view.explorer
2023-11-14 09:50:35.939 [info] Added views:workbench.debug.variablesView,workbench.debug.watchExpressionsView,workbench.debug.callStackView,workbench.debug.breakPointsView in workbench.view.debug
2023-11-14 09:50:36.123 [info] Added views:workbench.panel.repl.view in workbench.panel.repl
2023-11-14 09:50:36.125 [info] Removed views:workbench.debug.breakPointsView,workbench.debug.callStackView,workbench.debug.watchExpressionsView,workbench.debug.variablesView from workbench.view.debug
2023-11-14 09:50:36.125 [info] Added views:workbench.debug.welcome in workbench.view.debug
2023-11-14 09:50:36.274 [info] Added views:~remote.forwardedPorts in ~remote.forwardedPortsContainer
2023-11-14 09:50:44.209 [info] Added views:workbench.views.extensions.installed,workbench.views.extensions.popular,extensions.recommendedList in workbench.view.extensions
2023-11-14 09:50:44.213 [info] Removed views:workbench.views.extensions.popular from workbench.view.extensions
2023-11-14 09:50:44.896 [info] Removed views:extensions.recommendedList,workbench.views.extensions.installed from workbench.view.extensions
2023-11-14 09:50:44.914 [info] Added views:workbench.views.extensions.marketplace in workbench.view.extensions
