2023-11-18 18:43:34.285 [info] Log level: Info
2023-11-18 18:43:34.285 [info] Validating found git in: "git"
2023-11-18 18:43:34.285 [info] Using git "2.42.1" from "git"
2023-11-18 18:43:34.285 [info] > git rev-parse --show-toplevel [4ms]
2023-11-18 18:43:34.285 [info] fatal: not a git repository (or any parent up to mount point /)
Stopping at filesystem boundary (GIT_DISCOVERY_ACROSS_FILESYSTEM not set).
2023-11-18 18:43:34.285 [info] > git rev-parse --show-toplevel [3ms]
2023-11-18 18:43:34.285 [info] fatal: not a git repository (or any parent up to mount point /)
Stopping at filesystem boundary (GIT_DISCOVERY_ACROSS_FILESYSTEM not set).
2023-11-18 18:43:34.288 [info] > git rev-parse --show-toplevel [5ms]
2023-11-18 18:43:34.288 [info] fatal: not a git repository (or any parent up to mount point /)
Stopping at filesystem boundary (GIT_DISCOVERY_ACROSS_FILESYSTEM not set).
2023-11-18 18:43:34.306 [info] > git rev-parse --show-toplevel [4ms]
2023-11-18 18:43:34.306 [info] fatal: not a git repository (or any parent up to mount point /)
Stopping at filesystem boundary (GIT_DISCOVERY_ACROSS_FILESYSTEM not set).
2023-11-18 18:43:34.585 [info] > git rev-parse --show-toplevel [2ms]
2023-11-18 18:43:34.585 [info] fatal: not a git repository (or any parent up to mount point /)
Stopping at filesystem boundary (GIT_DISCOVERY_ACROSS_FILESYSTEM not set).
2023-11-18 18:43:35.211 [info] > git rev-parse --show-toplevel [1ms]
2023-11-18 18:43:35.211 [info] fatal: not a git repository (or any parent up to mount point /)
Stopping at filesystem boundary (GIT_DISCOVERY_ACROSS_FILESYSTEM not set).
