2023-11-18 18:35:45.858 [info] Log level: Info
2023-11-18 18:35:45.858 [info] Validating found git in: "git"
2023-11-18 18:35:45.858 [info] Using git "2.42.1" from "git"
2023-11-18 18:35:45.858 [info] > git rev-parse --show-toplevel [5ms]
2023-11-18 18:35:45.858 [info] > git rev-parse --git-dir --git-common-dir [5ms]
2023-11-18 18:35:45.858 [info] Open repository: /home/yusuf/bin
2023-11-18 18:35:46.030 [info] > git config --get commit.template [138ms]
2023-11-18 18:35:46.089 [info] > git for-each-ref --format=%(refname)%00%(upstream:short)%00%(objectname)%00%(upstream:track)%00%(upstream:remotename)%00%(upstream:remoteref) refs/heads/main refs/remotes/main [10ms]
2023-11-18 18:35:46.118 [info] > git status -z -uall [10ms]
2023-11-18 18:35:46.202 [info] > git config --get commit.template [19ms]
2023-11-18 18:35:46.205 [info] > git for-each-ref --format=%(refname)%00%(upstream:short)%00%(objectname)%00%(upstream:track)%00%(upstream:remotename)%00%(upstream:remoteref) refs/heads/main refs/remotes/main [9ms]
2023-11-18 18:35:46.221 [info] > git status -z -uall [7ms]
2023-11-18 18:35:46.544 [info] > git check-ignore -v -z --stdin [5ms]
2023-11-18 18:35:48.369 [info] > git show --textconv :weather.sh [22ms]
2023-11-18 18:35:48.371 [info] > git ls-files --stage -- /home/yusuf/bin/weather.sh [5ms]
2023-11-18 18:35:48.382 [info] > git cat-file -s 966f7bb37a2a86af652bef13d8b4460a433b054b [4ms]
2023-11-18 18:35:59.928 [info] > git show --textconv :date.sh [9ms]
2023-11-18 18:35:59.932 [info] > git ls-files --stage -- /home/yusuf/bin/date.sh [5ms]
2023-11-18 18:36:23.739 [info] > git config --get commit.template [1ms]
2023-11-18 18:36:23.749 [info] > git for-each-ref --format=%(refname)%00%(upstream:short)%00%(objectname)%00%(upstream:track)%00%(upstream:remotename)%00%(upstream:remoteref) refs/heads/main refs/remotes/main [5ms]
2023-11-18 18:36:23.756 [info] > git status -z -uall [2ms]
2023-11-18 18:36:31.786 [info] > git config --get commit.template [10ms]
2023-11-18 18:36:31.787 [info] > git for-each-ref --format=%(refname)%00%(upstream:short)%00%(objectname)%00%(upstream:track)%00%(upstream:remotename)%00%(upstream:remoteref) refs/heads/main refs/remotes/main [2ms]
2023-11-18 18:36:31.797 [info] > git status -z -uall [4ms]
2023-11-18 18:36:43.869 [info] > git config --get commit.template [10ms]
2023-11-18 18:36:43.870 [info] > git for-each-ref --format=%(refname)%00%(upstream:short)%00%(objectname)%00%(upstream:track)%00%(upstream:remotename)%00%(upstream:remoteref) refs/heads/main refs/remotes/main [2ms]
2023-11-18 18:36:43.876 [info] > git status -z -uall [1ms]
2023-11-18 18:36:51.859 [info] > git config --get commit.template [8ms]
2023-11-18 18:36:51.860 [info] > git for-each-ref --format=%(refname)%00%(upstream:short)%00%(objectname)%00%(upstream:track)%00%(upstream:remotename)%00%(upstream:remoteref) refs/heads/main refs/remotes/main [3ms]
2023-11-18 18:36:51.871 [info] > git status -z -uall [2ms]
