2023-11-14 09:49:43.782 [info] Extension host with pid 21186 started
2023-11-14 09:49:45.143 [info] ExtensionService#_doActivateExtension vscode.git-base, startup: true, activationEvent: '*', root cause: vscode.git
2023-11-14 09:49:45.244 [info] ExtensionService#_doActivateExtension vscode.git, startup: true, activationEvent: '*'
2023-11-14 09:49:45.379 [info] ExtensionService#_doActivateExtension vscode.github, startup: true, activationEvent: '*'
2023-11-14 09:49:45.601 [info] Eager extensions activated
2023-11-14 09:49:45.715 [info] ExtensionService#_doActivateExtension vscode.debug-auto-launch, startup: false, activationEvent: 'onStartupFinished'
2023-11-14 09:49:45.739 [info] ExtensionService#_doActivateExtension vscode.merge-conflict, startup: false, activationEvent: 'onStartupFinished'
2023-11-14 09:49:45.817 [info] ExtensionService#_doActivateExtension Catppuccin.catppuccin-vsc, startup: false, activationEvent: 'onStartupFinished'
2023-11-14 09:50:34.429 [info] Extension host terminating: renderer closed the MessagePort
2023-11-14 09:50:34.436 [info] Extension host with pid 21186 exiting with code 0
2023-11-14 09:50:36.076 [info] Extension host with pid 21843 started
2023-11-14 09:50:36.076 [info] Skipping acquiring lock for /home/yusuf/.config/Code/User/workspaceStorage/2b45919a6a53ff139847a07cd038284b.
2023-11-14 09:50:36.127 [info] ExtensionService#_doActivateExtension vscode.git-base, startup: true, activationEvent: '*', root cause: vscode.git
2023-11-14 09:50:36.147 [info] ExtensionService#_doActivateExtension vscode.git, startup: true, activationEvent: '*'
2023-11-14 09:50:36.196 [info] ExtensionService#_doActivateExtension vscode.github, startup: true, activationEvent: '*'
2023-11-14 09:50:36.275 [info] Eager extensions activated
2023-11-14 09:50:36.445 [info] ExtensionService#_doActivateExtension vscode.debug-auto-launch, startup: false, activationEvent: 'onStartupFinished'
2023-11-14 09:50:36.455 [info] ExtensionService#_doActivateExtension vscode.merge-conflict, startup: false, activationEvent: 'onStartupFinished'
2023-11-14 09:50:36.467 [info] ExtensionService#_doActivateExtension Catppuccin.catppuccin-vsc, startup: false, activationEvent: 'onStartupFinished'
2023-11-14 09:50:41.010 [info] ExtensionService#_doActivateExtension vscode.emmet, startup: false, activationEvent: 'onLanguage'
