2023-11-22 15:50:33.250 [info] Log level: Info
2023-11-22 15:50:33.251 [info] Validating found git in: "git"
2023-11-22 15:50:33.251 [info] Using git "2.43.0" from "git"
2023-11-22 15:50:33.251 [info] > git rev-parse --show-toplevel [6ms]
2023-11-22 15:50:33.251 [info] > git rev-parse --git-dir --git-common-dir [3ms]
2023-11-22 15:50:33.251 [info] Open repository: /home/yusuf/Antar-dwm
2023-11-22 15:50:33.255 [info] > git rev-parse --show-toplevel [55ms]
2023-11-22 15:50:33.257 [info] > git config --get commit.template [68ms]
2023-11-22 15:50:33.307 [info] > git rev-parse --show-toplevel [15ms]
2023-11-22 15:50:33.316 [info] > git for-each-ref --format=%(refname)%00%(upstream:short)%00%(objectname)%00%(upstream:track)%00%(upstream:remotename)%00%(upstream:remoteref) refs/heads/main refs/remotes/main [12ms]
2023-11-22 15:50:33.331 [info] > git rev-parse --show-toplevel [16ms]
2023-11-22 15:50:33.394 [info] > git rev-parse --show-toplevel [10ms]
2023-11-22 15:50:34.272 [info] > git check-ignore -v -z --stdin [501ms]
2023-11-22 15:50:34.370 [info] > git status -z -uall [1046ms]
2023-11-22 15:50:34.479 [info] > git config --get commit.template [1ms]
2023-11-22 15:50:34.788 [info] > git for-each-ref --format=%(refname)%00%(upstream:short)%00%(objectname)%00%(upstream:track)%00%(upstream:remotename)%00%(upstream:remoteref) refs/heads/main refs/remotes/main [6ms]
2023-11-22 15:50:36.068 [info] > git status -z -uall [1263ms]
2023-11-22 15:50:38.609 [info] > git show --textconv :install.sh [63ms]
2023-11-22 15:50:38.666 [info] > git ls-files --stage -- /home/yusuf/Antar-dwm/install.sh [99ms]
2023-11-22 15:50:38.699 [info] > git cat-file -s 053f2e34dfd5fa578e60221206ba8f3ce834af1d [5ms]
2023-11-22 15:51:49.260 [info] > git config --get commit.template [10ms]
2023-11-22 15:51:49.290 [info] > git for-each-ref --format=%(refname)%00%(upstream:short)%00%(objectname)%00%(upstream:track)%00%(upstream:remotename)%00%(upstream:remoteref) refs/heads/main refs/remotes/main [3ms]
2023-11-22 15:51:49.799 [info] > git status -z -uall [499ms]
2023-11-22 15:51:54.843 [info] > git config --get commit.template [8ms]
2023-11-22 15:51:54.844 [info] > git for-each-ref --format=%(refname)%00%(upstream:short)%00%(objectname)%00%(upstream:track)%00%(upstream:remotename)%00%(upstream:remoteref) refs/heads/main refs/remotes/main [2ms]
2023-11-22 15:51:55.461 [info] > git status -z -uall [611ms]
2023-11-22 15:52:09.589 [info] > git config --get commit.template [2ms]
2023-11-22 15:52:09.615 [info] > git for-each-ref --format=%(refname)%00%(upstream:short)%00%(objectname)%00%(upstream:track)%00%(upstream:remotename)%00%(upstream:remoteref) refs/heads/main refs/remotes/main [3ms]
2023-11-22 15:52:10.144 [info] > git status -z -uall [511ms]
2023-11-22 15:52:15.170 [info] > git config --get commit.template [2ms]
2023-11-22 15:52:15.180 [info] > git for-each-ref --format=%(refname)%00%(upstream:short)%00%(objectname)%00%(upstream:track)%00%(upstream:remotename)%00%(upstream:remoteref) refs/heads/main refs/remotes/main [2ms]
2023-11-22 15:52:15.785 [info] > git status -z -uall [598ms]
2023-11-22 15:52:20.825 [info] > git config --get commit.template [10ms]
2023-11-22 15:52:20.826 [info] > git for-each-ref --format=%(refname)%00%(upstream:short)%00%(objectname)%00%(upstream:track)%00%(upstream:remotename)%00%(upstream:remoteref) refs/heads/main refs/remotes/main [2ms]
2023-11-22 15:52:21.423 [info] > git status -z -uall [589ms]
2023-11-22 15:52:26.465 [info] > git config --get commit.template [4ms]
2023-11-22 15:52:26.476 [info] > git for-each-ref --format=%(refname)%00%(upstream:short)%00%(objectname)%00%(upstream:track)%00%(upstream:remotename)%00%(upstream:remoteref) refs/heads/main refs/remotes/main [1ms]
2023-11-22 15:52:26.993 [info] > git status -z -uall [511ms]
2023-11-22 15:52:32.023 [info] > git config --get commit.template [8ms]
2023-11-22 15:52:32.024 [info] > git for-each-ref --format=%(refname)%00%(upstream:short)%00%(objectname)%00%(upstream:track)%00%(upstream:remotename)%00%(upstream:remoteref) refs/heads/main refs/remotes/main [2ms]
2023-11-22 15:52:32.517 [info] > git status -z -uall [488ms]
2023-11-22 15:52:37.545 [info] > git config --get commit.template [7ms]
2023-11-22 15:52:37.546 [info] > git for-each-ref --format=%(refname)%00%(upstream:short)%00%(objectname)%00%(upstream:track)%00%(upstream:remotename)%00%(upstream:remoteref) refs/heads/main refs/remotes/main [2ms]
2023-11-22 15:52:37.997 [info] > git status -z -uall [446ms]
2023-11-22 15:52:43.026 [info] > git config --get commit.template [7ms]
2023-11-22 15:52:43.027 [info] > git for-each-ref --format=%(refname)%00%(upstream:short)%00%(objectname)%00%(upstream:track)%00%(upstream:remotename)%00%(upstream:remoteref) refs/heads/main refs/remotes/main [2ms]
2023-11-22 15:52:43.479 [info] > git status -z -uall [446ms]
2023-11-22 15:53:03.015 [info] > git config --get commit.template [3ms]
2023-11-22 15:53:03.038 [info] > git for-each-ref --format=%(refname)%00%(upstream:short)%00%(objectname)%00%(upstream:track)%00%(upstream:remotename)%00%(upstream:remoteref) refs/heads/main refs/remotes/main [5ms]
2023-11-22 15:53:03.575 [info] > git status -z -uall [521ms]
2023-11-22 15:53:32.297 [info] > git config --get commit.template [3ms]
2023-11-22 15:53:32.315 [info] > git for-each-ref --format=%(refname)%00%(upstream:short)%00%(objectname)%00%(upstream:track)%00%(upstream:remotename)%00%(upstream:remoteref) refs/heads/main refs/remotes/main [3ms]
2023-11-22 15:53:32.935 [info] > git status -z -uall [603ms]
2023-11-22 15:55:43.150 [info] > git config --get commit.template [4ms]
2023-11-22 15:55:43.176 [info] > git for-each-ref --format=%(refname)%00%(upstream:short)%00%(objectname)%00%(upstream:track)%00%(upstream:remotename)%00%(upstream:remoteref) refs/heads/main refs/remotes/main [4ms]
2023-11-22 15:55:43.823 [info] > git status -z -uall [629ms]
2023-11-22 16:00:37.813 [info] > git config --get commit.template [5ms]
2023-11-22 16:00:37.833 [info] > git for-each-ref --format=%(refname)%00%(upstream:short)%00%(objectname)%00%(upstream:track)%00%(upstream:remotename)%00%(upstream:remoteref) refs/heads/main refs/remotes/main [6ms]
2023-11-22 16:00:38.432 [info] > git status -z -uall [585ms]
2023-11-22 16:10:26.203 [info] > git config --get commit.template [13ms]
2023-11-22 16:10:26.204 [info] > git for-each-ref --format=%(refname)%00%(upstream:short)%00%(objectname)%00%(upstream:track)%00%(upstream:remotename)%00%(upstream:remoteref) refs/heads/main refs/remotes/main [3ms]
2023-11-22 16:10:26.758 [info] > git status -z -uall [548ms]
