2023-11-18 13:32:40.827 [info] Log level: Info
2023-11-18 13:32:40.827 [info] Validating found git in: "git"
2023-11-18 13:32:40.827 [info] Using git "2.42.1" from "git"
2023-11-18 13:32:40.827 [info] > git rev-parse --show-toplevel [20ms]
2023-11-18 13:33:01.589 [info] Log level: Info
2023-11-18 13:33:01.589 [info] Validating found git in: "git"
2023-11-18 13:33:01.589 [info] Using git "2.42.1" from "git"
2023-11-18 13:33:01.589 [info] > git rev-parse --show-toplevel [14ms]
2023-11-18 13:33:01.589 [info] > git rev-parse --git-dir --git-common-dir [8ms]
2023-11-18 13:33:01.589 [info] Open repository: /home/yusuf/bin
2023-11-18 13:33:01.589 [info] > git config --get commit.template [7ms]
2023-11-18 13:33:01.589 [info] > git for-each-ref --format=%(refname)%00%(upstream:short)%00%(objectname)%00%(upstream:track)%00%(upstream:remotename)%00%(upstream:remoteref) refs/heads/main refs/remotes/main [29ms]
2023-11-18 13:33:01.589 [info] > git status -z -uall [27ms]
2023-11-18 13:33:01.740 [info] > git for-each-ref --format=%(refname)%00%(upstream:short)%00%(objectname)%00%(upstream:track)%00%(upstream:remotename)%00%(upstream:remoteref) refs/heads/main refs/remotes/main [103ms]
2023-11-18 13:33:01.743 [info] > git config --get commit.template [130ms]
2023-11-18 13:33:01.774 [info] > git status -z -uall [6ms]
2023-11-18 13:33:02.769 [info] > git check-ignore -v -z --stdin [13ms]
2023-11-18 13:33:04.758 [info] > git show --textconv :bat1.sh [92ms]
2023-11-18 13:33:04.758 [info] > git ls-files --stage -- /home/yusuf/bin/bat1.sh [9ms]
2023-11-18 13:33:06.962 [info] > git show --textconv :weather.sh [28ms]
2023-11-18 13:33:06.973 [info] > git ls-files --stage -- /home/yusuf/bin/weather.sh [15ms]
2023-11-18 13:33:07.004 [info] > git cat-file -s 966f7bb37a2a86af652bef13d8b4460a433b054b [9ms]
2023-11-18 13:34:05.748 [info] > git config --get commit.template [4ms]
2023-11-18 13:34:05.772 [info] > git for-each-ref --format=%(refname)%00%(upstream:short)%00%(objectname)%00%(upstream:track)%00%(upstream:remotename)%00%(upstream:remoteref) refs/heads/main refs/remotes/main [5ms]
2023-11-18 13:34:05.796 [info] > git status -z -uall [5ms]
2023-11-18 13:35:10.027 [info] > git config --get commit.template [5ms]
2023-11-18 13:35:10.052 [info] > git for-each-ref --format=%(refname)%00%(upstream:short)%00%(objectname)%00%(upstream:track)%00%(upstream:remotename)%00%(upstream:remoteref) refs/heads/main refs/remotes/main [7ms]
2023-11-18 13:35:10.075 [info] > git status -z -uall [7ms]
2023-11-18 13:36:19.338 [info] > git show --textconv :memory.sh [38ms]
2023-11-18 13:36:19.346 [info] > git ls-files --stage -- /home/yusuf/bin/memory.sh [14ms]
2023-11-18 13:37:00.066 [info] > git show --textconv :cpu.sh [24ms]
2023-11-18 13:37:00.072 [info] > git ls-files --stage -- /home/yusuf/bin/cpu.sh [7ms]
2023-11-18 13:37:07.142 [info] > git config --get commit.template [19ms]
2023-11-18 13:37:07.144 [info] > git for-each-ref --format=%(refname)%00%(upstream:short)%00%(objectname)%00%(upstream:track)%00%(upstream:remotename)%00%(upstream:remoteref) refs/heads/main refs/remotes/main [6ms]
2023-11-18 13:37:07.164 [info] > git status -z -uall [6ms]
2023-11-18 13:37:39.961 [info] > git config --get commit.template [21ms]
2023-11-18 13:37:39.964 [info] > git for-each-ref --format=%(refname)%00%(upstream:short)%00%(objectname)%00%(upstream:track)%00%(upstream:remotename)%00%(upstream:remoteref) refs/heads/main refs/remotes/main [6ms]
2023-11-18 13:37:39.985 [info] > git status -z -uall [5ms]
2023-11-18 13:37:55.821 [info] > git show --textconv :memory.sh [36ms]
2023-11-18 13:37:55.828 [info] > git ls-files --stage -- /home/yusuf/bin/memory.sh [11ms]
2023-11-18 13:40:17.280 [info] > git show --textconv :date.sh [17ms]
2023-11-18 13:40:17.285 [info] > git ls-files --stage -- /home/yusuf/bin/date.sh [7ms]
2023-11-18 13:40:38.505 [info] > git show --textconv :clip [46ms]
2023-11-18 13:40:38.513 [info] > git ls-files --stage -- /home/yusuf/bin/clip [19ms]
2023-11-18 13:40:38.546 [info] > git cat-file -s 9b55a94ef0e611859e7597ed2aac340f7b89454c [12ms]
2023-11-18 13:40:52.379 [info] > git config --get commit.template [89ms]
2023-11-18 13:40:52.387 [info] > git for-each-ref --format=%(refname)%00%(upstream:short)%00%(objectname)%00%(upstream:track)%00%(upstream:remotename)%00%(upstream:remoteref) refs/heads/main refs/remotes/main [23ms]
2023-11-18 13:40:52.435 [info] > git status -z -uall [11ms]
2023-11-18 13:40:58.860 [info] > git check-ignore -v -z --stdin [4ms]
2023-11-18 13:41:17.162 [info] > git show --textconv :bat1.sh [18ms]
2023-11-18 13:41:17.166 [info] > git ls-files --stage -- /home/yusuf/bin/bat1.sh [6ms]
2023-11-18 13:41:40.715 [info] > git config --get commit.template [46ms]
2023-11-18 13:41:40.717 [info] > git for-each-ref --format=%(refname)%00%(upstream:short)%00%(objectname)%00%(upstream:track)%00%(upstream:remotename)%00%(upstream:remoteref) refs/heads/main refs/remotes/main [5ms]
2023-11-18 13:41:40.749 [info] > git status -z -uall [7ms]
2023-11-18 13:41:50.380 [info] > git config --get commit.template [16ms]
2023-11-18 13:41:50.383 [info] > git for-each-ref --format=%(refname)%00%(upstream:short)%00%(objectname)%00%(upstream:track)%00%(upstream:remotename)%00%(upstream:remoteref) refs/heads/main refs/remotes/main [4ms]
2023-11-18 13:41:50.401 [info] > git status -z -uall [5ms]
2023-11-18 13:41:55.014 [info] > git show --textconv :bat2.sh [19ms]
2023-11-18 13:41:55.020 [info] > git ls-files --stage -- /home/yusuf/bin/bat2.sh [8ms]
2023-11-18 13:41:59.981 [info] > git config --get commit.template [17ms]
2023-11-18 13:41:59.983 [info] > git for-each-ref --format=%(refname)%00%(upstream:short)%00%(objectname)%00%(upstream:track)%00%(upstream:remotename)%00%(upstream:remoteref) refs/heads/main refs/remotes/main [5ms]
2023-11-18 13:42:00.002 [info] > git status -z -uall [5ms]
2023-11-18 13:42:17.277 [info] > git show --textconv :date.sh [19ms]
2023-11-18 13:42:17.282 [info] > git ls-files --stage -- /home/yusuf/bin/date.sh [6ms]
2023-11-18 13:42:18.076 [info] > git show --textconv :emojis.sh [82ms]
2023-11-18 13:42:18.095 [info] > git ls-files --stage -- /home/yusuf/bin/emojis.sh [27ms]
2023-11-18 13:42:33.548 [info] > git show --textconv :key.sh [18ms]
2023-11-18 13:42:33.553 [info] > git ls-files --stage -- /home/yusuf/bin/key.sh [7ms]
2023-11-18 13:42:55.283 [info] > git show --textconv :logout.sh [26ms]
2023-11-18 13:42:55.289 [info] > git ls-files --stage -- /home/yusuf/bin/logout.sh [9ms]
2023-11-18 13:42:57.569 [info] > git show --textconv :memory.sh [54ms]
2023-11-18 13:42:57.580 [info] > git ls-files --stage -- /home/yusuf/bin/memory.sh [18ms]
2023-11-18 13:42:58.828 [info] > git show --textconv :logout.sh [17ms]
2023-11-18 13:42:58.833 [info] > git ls-files --stage -- /home/yusuf/bin/logout.sh [7ms]
2023-11-18 13:43:22.071 [info] > git config --get commit.template [24ms]
2023-11-18 13:43:22.074 [info] > git for-each-ref --format=%(refname)%00%(upstream:short)%00%(objectname)%00%(upstream:track)%00%(upstream:remotename)%00%(upstream:remoteref) refs/heads/main refs/remotes/main [7ms]
2023-11-18 13:43:22.095 [info] > git status -z -uall [5ms]
2023-11-18 13:43:24.356 [info] > git show --textconv :memory.sh [26ms]
2023-11-18 13:43:24.362 [info] > git ls-files --stage -- /home/yusuf/bin/memory.sh [8ms]
2023-11-18 13:43:49.325 [info] > git config --get commit.template [16ms]
2023-11-18 13:43:49.327 [info] > git for-each-ref --format=%(refname)%00%(upstream:short)%00%(objectname)%00%(upstream:track)%00%(upstream:remotename)%00%(upstream:remoteref) refs/heads/main refs/remotes/main [4ms]
2023-11-18 13:43:49.345 [info] > git status -z -uall [5ms]
2023-11-18 13:44:23.334 [info] > git config --get commit.template [32ms]
2023-11-18 13:44:23.338 [info] > git for-each-ref --format=%(refname)%00%(upstream:short)%00%(objectname)%00%(upstream:track)%00%(upstream:remotename)%00%(upstream:remoteref) refs/heads/main refs/remotes/main [6ms]
2023-11-18 13:44:23.360 [info] > git status -z -uall [8ms]
2023-11-18 13:44:31.011 [info] > git config --get commit.template [18ms]
2023-11-18 13:44:31.014 [info] > git for-each-ref --format=%(refname)%00%(upstream:short)%00%(objectname)%00%(upstream:track)%00%(upstream:remotename)%00%(upstream:remoteref) refs/heads/main refs/remotes/main [6ms]
2023-11-18 13:44:31.033 [info] > git status -z -uall [5ms]
2023-11-18 13:46:13.528 [info] > git config --get commit.template [18ms]
2023-11-18 13:46:13.582 [info] > git for-each-ref --format=%(refname)%00%(upstream:short)%00%(objectname)%00%(upstream:track)%00%(upstream:remotename)%00%(upstream:remoteref) refs/heads/main refs/remotes/main [8ms]
2023-11-18 13:46:13.641 [info] > git status -z -uall [15ms]
2023-11-18 13:46:18.143 [info] > git show --textconv :net.sh [59ms]
2023-11-18 13:46:18.156 [info] > git ls-files --stage -- /home/yusuf/bin/net.sh [21ms]
2023-11-18 13:46:30.086 [info] > git config --get commit.template [20ms]
2023-11-18 13:46:30.088 [info] > git for-each-ref --format=%(refname)%00%(upstream:short)%00%(objectname)%00%(upstream:track)%00%(upstream:remotename)%00%(upstream:remoteref) refs/heads/main refs/remotes/main [6ms]
2023-11-18 13:46:30.107 [info] > git status -z -uall [5ms]
2023-11-18 13:47:39.918 [info] > git show --textconv :volume.sh [34ms]
2023-11-18 13:47:39.930 [info] > git ls-files --stage -- /home/yusuf/bin/volume.sh [18ms]
2023-11-18 13:47:39.967 [info] > git cat-file -s 8b99622ad0611635eeff24ea93ae6e153e1f5cfb [5ms]
2023-11-18 13:47:44.012 [info] > git show --textconv :wallpaper.sh [20ms]
2023-11-18 13:47:44.017 [info] > git ls-files --stage -- /home/yusuf/bin/wallpaper.sh [6ms]
2023-11-18 13:47:44.038 [info] > git cat-file -s 577406ff60efb6a15beddb31027f20a9cc36417c [7ms]
2023-11-18 13:47:54.171 [info] > git show --textconv :weather.sh [28ms]
2023-11-18 13:47:54.179 [info] > git ls-files --stage -- /home/yusuf/bin/weather.sh [12ms]
2023-11-18 13:47:54.222 [info] > git cat-file -s 966f7bb37a2a86af652bef13d8b4460a433b054b [14ms]
2023-11-18 13:53:31.639 [info] > git check-ignore -v -z --stdin [4ms]
