2023-11-21 19:48:03.391 [info] Log level: Info
2023-11-21 19:48:03.391 [info] Validating found git in: "git"
2023-11-21 19:48:03.391 [info] Using git "2.43.0" from "git"
2023-11-21 19:48:03.391 [info] > git rev-parse --show-toplevel [39ms]
2023-11-21 19:48:03.391 [info] > git rev-parse --git-dir --git-common-dir [58ms]
2023-11-21 19:48:03.391 [info] Open repository: /home/yusuf/Antar-dwm
2023-11-21 19:48:03.529 [info] > git config --get commit.template [69ms]
2023-11-21 19:48:03.535 [info] > git rev-parse --show-toplevel [15ms]
2023-11-21 19:48:03.716 [info] > git rev-parse --show-toplevel [29ms]
2023-11-21 19:48:03.717 [info] > git for-each-ref --format=%(refname)%00%(upstream:short)%00%(objectname)%00%(upstream:track)%00%(upstream:remotename)%00%(upstream:remoteref) refs/heads/main refs/remotes/main [130ms]
2023-11-21 19:48:03.859 [info] > git rev-parse --show-toplevel [19ms]
2023-11-21 19:48:05.929 [info] > git check-ignore -v -z --stdin [1977ms]
2023-11-21 19:48:07.778 [info] > git check-ignore -v -z --stdin [995ms]
2023-11-21 19:48:08.907 [info] > git status -z -uall [5125ms]
2023-11-21 19:48:10.166 [info] > git config --get commit.template [141ms]
2023-11-21 19:48:10.245 [info] > git for-each-ref --format=%(refname)%00%(upstream:short)%00%(objectname)%00%(upstream:track)%00%(upstream:remotename)%00%(upstream:remoteref) refs/heads/main refs/remotes/main [11ms]
2023-11-21 19:48:13.741 [info] > git status -z -uall [3450ms]
2023-11-21 19:48:16.220 [info] > git show --textconv :install.sh [73ms]
2023-11-21 19:48:16.318 [info] > git ls-files --stage -- /home/yusuf/Antar-dwm/install.sh [129ms]
2023-11-21 19:48:16.376 [info] > git cat-file -s 053f2e34dfd5fa578e60221206ba8f3ce834af1d [23ms]
2023-11-21 19:49:12.131 [info] > git config --get commit.template [6ms]
2023-11-21 19:49:12.155 [info] > git for-each-ref --format=%(refname)%00%(upstream:short)%00%(objectname)%00%(upstream:track)%00%(upstream:remotename)%00%(upstream:remoteref) refs/heads/main refs/remotes/main [5ms]
2023-11-21 19:49:13.728 [info] > git status -z -uall [1558ms]
2023-11-21 19:49:18.831 [info] > git config --get commit.template [19ms]
2023-11-21 19:49:18.834 [info] > git for-each-ref --format=%(refname)%00%(upstream:short)%00%(objectname)%00%(upstream:track)%00%(upstream:remotename)%00%(upstream:remoteref) refs/heads/main refs/remotes/main [7ms]
2023-11-21 19:49:20.458 [info] > git status -z -uall [1611ms]
2023-11-21 19:49:25.563 [info] > git config --get commit.template [21ms]
2023-11-21 19:49:25.565 [info] > git for-each-ref --format=%(refname)%00%(upstream:short)%00%(objectname)%00%(upstream:track)%00%(upstream:remotename)%00%(upstream:remoteref) refs/heads/main refs/remotes/main [5ms]
2023-11-21 19:49:27.123 [info] > git status -z -uall [1540ms]
2023-11-21 19:49:32.218 [info] > git config --get commit.template [17ms]
2023-11-21 19:49:32.221 [info] > git for-each-ref --format=%(refname)%00%(upstream:short)%00%(objectname)%00%(upstream:track)%00%(upstream:remotename)%00%(upstream:remoteref) refs/heads/main refs/remotes/main [4ms]
2023-11-21 19:49:33.845 [info] > git status -z -uall [1612ms]
2023-11-21 19:49:38.938 [info] > git config --get commit.template [17ms]
2023-11-21 19:49:38.940 [info] > git for-each-ref --format=%(refname)%00%(upstream:short)%00%(objectname)%00%(upstream:track)%00%(upstream:remotename)%00%(upstream:remoteref) refs/heads/main refs/remotes/main [5ms]
2023-11-21 19:49:40.516 [info] > git status -z -uall [1562ms]
2023-11-21 19:49:45.631 [info] > git config --get commit.template [18ms]
2023-11-21 19:49:45.635 [info] > git for-each-ref --format=%(refname)%00%(upstream:short)%00%(objectname)%00%(upstream:track)%00%(upstream:remotename)%00%(upstream:remoteref) refs/heads/main refs/remotes/main [7ms]
2023-11-21 19:49:47.086 [info] > git status -z -uall [1434ms]
2023-11-21 19:49:52.165 [info] > git config --get commit.template [6ms]
2023-11-21 19:49:52.184 [info] > git for-each-ref --format=%(refname)%00%(upstream:short)%00%(objectname)%00%(upstream:track)%00%(upstream:remotename)%00%(upstream:remoteref) refs/heads/main refs/remotes/main [5ms]
2023-11-21 19:49:53.818 [info] > git status -z -uall [1621ms]
2023-11-21 19:49:58.906 [info] > git config --get commit.template [19ms]
2023-11-21 19:49:58.908 [info] > git for-each-ref --format=%(refname)%00%(upstream:short)%00%(objectname)%00%(upstream:track)%00%(upstream:remotename)%00%(upstream:remoteref) refs/heads/main refs/remotes/main [7ms]
2023-11-21 19:50:00.468 [info] > git status -z -uall [1541ms]
2023-11-21 19:50:05.574 [info] > git config --get commit.template [22ms]
2023-11-21 19:50:05.577 [info] > git for-each-ref --format=%(refname)%00%(upstream:short)%00%(objectname)%00%(upstream:track)%00%(upstream:remotename)%00%(upstream:remoteref) refs/heads/main refs/remotes/main [7ms]
2023-11-21 19:50:06.961 [info] > git status -z -uall [1364ms]
2023-11-21 19:50:12.024 [info] > git config --get commit.template [6ms]
2023-11-21 19:50:12.054 [info] > git for-each-ref --format=%(refname)%00%(upstream:short)%00%(objectname)%00%(upstream:track)%00%(upstream:remotename)%00%(upstream:remoteref) refs/heads/main refs/remotes/main [8ms]
2023-11-21 19:50:13.725 [info] > git status -z -uall [1647ms]
2023-11-21 19:50:18.801 [info] > git config --get commit.template [16ms]
2023-11-21 19:50:18.804 [info] > git for-each-ref --format=%(refname)%00%(upstream:short)%00%(objectname)%00%(upstream:track)%00%(upstream:remotename)%00%(upstream:remoteref) refs/heads/main refs/remotes/main [5ms]
2023-11-21 19:50:20.189 [info] > git status -z -uall [1372ms]
2023-11-21 19:50:25.280 [info] > git config --get commit.template [22ms]
2023-11-21 19:50:25.283 [info] > git for-each-ref --format=%(refname)%00%(upstream:short)%00%(objectname)%00%(upstream:track)%00%(upstream:remotename)%00%(upstream:remoteref) refs/heads/main refs/remotes/main [7ms]
2023-11-21 19:50:26.731 [info] > git status -z -uall [1430ms]
2023-11-21 19:50:31.817 [info] > git config --get commit.template [17ms]
2023-11-21 19:50:31.820 [info] > git for-each-ref --format=%(refname)%00%(upstream:short)%00%(objectname)%00%(upstream:track)%00%(upstream:remotename)%00%(upstream:remoteref) refs/heads/main refs/remotes/main [5ms]
2023-11-21 19:50:33.391 [info] > git status -z -uall [1557ms]
2023-11-21 19:50:38.449 [info] > git config --get commit.template [3ms]
2023-11-21 19:50:38.469 [info] > git for-each-ref --format=%(refname)%00%(upstream:short)%00%(objectname)%00%(upstream:track)%00%(upstream:remotename)%00%(upstream:remoteref) refs/heads/main refs/remotes/main [6ms]
2023-11-21 19:50:40.033 [info] > git status -z -uall [1541ms]
2023-11-21 19:50:45.091 [info] > git config --get commit.template [5ms]
2023-11-21 19:50:45.110 [info] > git for-each-ref --format=%(refname)%00%(upstream:short)%00%(objectname)%00%(upstream:track)%00%(upstream:remotename)%00%(upstream:remoteref) refs/heads/main refs/remotes/main [4ms]
2023-11-21 19:50:46.504 [info] > git status -z -uall [1381ms]
2023-11-21 19:50:51.602 [info] > git config --get commit.template [33ms]
2023-11-21 19:50:51.604 [info] > git for-each-ref --format=%(refname)%00%(upstream:short)%00%(objectname)%00%(upstream:track)%00%(upstream:remotename)%00%(upstream:remoteref) refs/heads/main refs/remotes/main [6ms]
2023-11-21 19:50:53.120 [info] > git status -z -uall [1498ms]
2023-11-21 19:50:58.234 [info] > git config --get commit.template [21ms]
2023-11-21 19:50:58.237 [info] > git for-each-ref --format=%(refname)%00%(upstream:short)%00%(objectname)%00%(upstream:track)%00%(upstream:remotename)%00%(upstream:remoteref) refs/heads/main refs/remotes/main [6ms]
2023-11-21 19:51:00.113 [info] > git status -z -uall [1859ms]
2023-11-21 19:51:05.199 [info] > git config --get commit.template [20ms]
2023-11-21 19:51:05.202 [info] > git for-each-ref --format=%(refname)%00%(upstream:short)%00%(objectname)%00%(upstream:track)%00%(upstream:remotename)%00%(upstream:remoteref) refs/heads/main refs/remotes/main [6ms]
2023-11-21 19:51:06.768 [info] > git status -z -uall [1553ms]
2023-11-21 19:51:11.857 [info] > git config --get commit.template [21ms]
2023-11-21 19:51:11.859 [info] > git for-each-ref --format=%(refname)%00%(upstream:short)%00%(objectname)%00%(upstream:track)%00%(upstream:remotename)%00%(upstream:remoteref) refs/heads/main refs/remotes/main [5ms]
2023-11-21 19:51:13.257 [info] > git status -z -uall [1382ms]
2023-11-21 19:51:18.336 [info] > git config --get commit.template [17ms]
2023-11-21 19:51:18.338 [info] > git for-each-ref --format=%(refname)%00%(upstream:short)%00%(objectname)%00%(upstream:track)%00%(upstream:remotename)%00%(upstream:remoteref) refs/heads/main refs/remotes/main [4ms]
2023-11-21 19:51:20.045 [info] > git status -z -uall [1693ms]
2023-11-21 19:51:25.136 [info] > git config --get commit.template [19ms]
2023-11-21 19:51:25.140 [info] > git for-each-ref --format=%(refname)%00%(upstream:short)%00%(objectname)%00%(upstream:track)%00%(upstream:remotename)%00%(upstream:remoteref) refs/heads/main refs/remotes/main [7ms]
2023-11-21 19:51:26.705 [info] > git status -z -uall [1544ms]
2023-11-21 19:51:31.802 [info] > git config --get commit.template [8ms]
2023-11-21 19:51:31.838 [info] > git for-each-ref --format=%(refname)%00%(upstream:short)%00%(objectname)%00%(upstream:track)%00%(upstream:remotename)%00%(upstream:remoteref) refs/heads/main refs/remotes/main [11ms]
2023-11-21 19:51:33.298 [info] > git status -z -uall [1432ms]
2023-11-21 19:51:38.388 [info] > git config --get commit.template [20ms]
2023-11-21 19:51:38.392 [info] > git for-each-ref --format=%(refname)%00%(upstream:short)%00%(objectname)%00%(upstream:track)%00%(upstream:remotename)%00%(upstream:remoteref) refs/heads/main refs/remotes/main [8ms]
2023-11-21 19:51:40.151 [info] > git status -z -uall [1744ms]
2023-11-21 19:51:45.235 [info] > git config --get commit.template [17ms]
2023-11-21 19:51:45.238 [info] > git for-each-ref --format=%(refname)%00%(upstream:short)%00%(objectname)%00%(upstream:track)%00%(upstream:remotename)%00%(upstream:remoteref) refs/heads/main refs/remotes/main [6ms]
2023-11-21 19:51:46.759 [info] > git status -z -uall [1508ms]
2023-11-21 19:51:51.844 [info] > git config --get commit.template [20ms]
2023-11-21 19:51:51.847 [info] > git for-each-ref --format=%(refname)%00%(upstream:short)%00%(objectname)%00%(upstream:track)%00%(upstream:remotename)%00%(upstream:remoteref) refs/heads/main refs/remotes/main [8ms]
2023-11-21 19:51:53.330 [info] > git status -z -uall [1465ms]
2023-11-21 19:51:58.397 [info] > git config --get commit.template [16ms]
2023-11-21 19:51:58.400 [info] > git for-each-ref --format=%(refname)%00%(upstream:short)%00%(objectname)%00%(upstream:track)%00%(upstream:remotename)%00%(upstream:remoteref) refs/heads/main refs/remotes/main [5ms]
2023-11-21 19:51:59.897 [info] > git status -z -uall [1483ms]
2023-11-21 19:52:04.967 [info] > git config --get commit.template [5ms]
2023-11-21 19:52:04.988 [info] > git for-each-ref --format=%(refname)%00%(upstream:short)%00%(objectname)%00%(upstream:track)%00%(upstream:remotename)%00%(upstream:remoteref) refs/heads/main refs/remotes/main [7ms]
2023-11-21 19:52:06.606 [info] > git status -z -uall [1603ms]
2023-11-21 19:52:11.715 [info] > git config --get commit.template [16ms]
2023-11-21 19:52:11.718 [info] > git for-each-ref --format=%(refname)%00%(upstream:short)%00%(objectname)%00%(upstream:track)%00%(upstream:remotename)%00%(upstream:remoteref) refs/heads/main refs/remotes/main [5ms]
2023-11-21 19:52:13.268 [info] > git status -z -uall [1538ms]
2023-11-21 19:52:18.353 [info] > git config --get commit.template [20ms]
2023-11-21 19:52:18.358 [info] > git for-each-ref --format=%(refname)%00%(upstream:short)%00%(objectname)%00%(upstream:track)%00%(upstream:remotename)%00%(upstream:remoteref) refs/heads/main refs/remotes/main [6ms]
2023-11-21 19:52:19.958 [info] > git status -z -uall [1584ms]
2023-11-21 19:52:25.026 [info] > git config --get commit.template [6ms]
2023-11-21 19:52:25.052 [info] > git for-each-ref --format=%(refname)%00%(upstream:short)%00%(objectname)%00%(upstream:track)%00%(upstream:remotename)%00%(upstream:remoteref) refs/heads/main refs/remotes/main [7ms]
2023-11-21 19:52:26.702 [info] > git status -z -uall [1633ms]
2023-11-21 19:52:31.787 [info] > git config --get commit.template [16ms]
2023-11-21 19:52:31.790 [info] > git for-each-ref --format=%(refname)%00%(upstream:short)%00%(objectname)%00%(upstream:track)%00%(upstream:remotename)%00%(upstream:remoteref) refs/heads/main refs/remotes/main [5ms]
2023-11-21 19:52:33.251 [info] > git status -z -uall [1447ms]
2023-11-21 19:52:38.382 [info] > git config --get commit.template [29ms]
2023-11-21 19:52:38.387 [info] > git for-each-ref --format=%(refname)%00%(upstream:short)%00%(objectname)%00%(upstream:track)%00%(upstream:remotename)%00%(upstream:remoteref) refs/heads/main refs/remotes/main [8ms]
2023-11-21 19:52:40.077 [info] > git status -z -uall [1667ms]
2023-11-21 19:52:45.150 [info] > git config --get commit.template [5ms]
2023-11-21 19:52:45.171 [info] > git for-each-ref --format=%(refname)%00%(upstream:short)%00%(objectname)%00%(upstream:track)%00%(upstream:remotename)%00%(upstream:remoteref) refs/heads/main refs/remotes/main [5ms]
2023-11-21 19:52:46.881 [info] > git status -z -uall [1696ms]
2023-11-21 19:52:51.960 [info] > git config --get commit.template [3ms]
2023-11-21 19:52:51.977 [info] > git for-each-ref --format=%(refname)%00%(upstream:short)%00%(objectname)%00%(upstream:track)%00%(upstream:remotename)%00%(upstream:remoteref) refs/heads/main refs/remotes/main [5ms]
2023-11-21 19:52:53.409 [info] > git status -z -uall [1419ms]
2023-11-21 19:52:58.480 [info] > git config --get commit.template [16ms]
2023-11-21 19:52:58.482 [info] > git for-each-ref --format=%(refname)%00%(upstream:short)%00%(objectname)%00%(upstream:track)%00%(upstream:remotename)%00%(upstream:remoteref) refs/heads/main refs/remotes/main [5ms]
2023-11-21 19:53:00.138 [info] > git status -z -uall [1642ms]
2023-11-21 19:53:05.220 [info] > git config --get commit.template [23ms]
2023-11-21 19:53:05.224 [info] > git for-each-ref --format=%(refname)%00%(upstream:short)%00%(objectname)%00%(upstream:track)%00%(upstream:remotename)%00%(upstream:remoteref) refs/heads/main refs/remotes/main [8ms]
2023-11-21 19:53:06.657 [info] > git status -z -uall [1418ms]
2023-11-21 19:53:11.738 [info] > git config --get commit.template [16ms]
2023-11-21 19:53:11.741 [info] > git for-each-ref --format=%(refname)%00%(upstream:short)%00%(objectname)%00%(upstream:track)%00%(upstream:remotename)%00%(upstream:remoteref) refs/heads/main refs/remotes/main [5ms]
2023-11-21 19:53:13.329 [info] > git status -z -uall [1575ms]
2023-11-21 19:53:18.402 [info] > git config --get commit.template [19ms]
2023-11-21 19:53:18.406 [info] > git for-each-ref --format=%(refname)%00%(upstream:short)%00%(objectname)%00%(upstream:track)%00%(upstream:remotename)%00%(upstream:remoteref) refs/heads/main refs/remotes/main [9ms]
2023-11-21 19:53:19.927 [info] > git status -z -uall [1507ms]
2023-11-21 19:53:25.023 [info] > git config --get commit.template [21ms]
2023-11-21 19:53:25.028 [info] > git for-each-ref --format=%(refname)%00%(upstream:short)%00%(objectname)%00%(upstream:track)%00%(upstream:remotename)%00%(upstream:remoteref) refs/heads/main refs/remotes/main [6ms]
2023-11-21 19:53:26.501 [info] > git status -z -uall [1455ms]
2023-11-21 19:53:31.599 [info] > git config --get commit.template [18ms]
2023-11-21 19:53:31.602 [info] > git for-each-ref --format=%(refname)%00%(upstream:short)%00%(objectname)%00%(upstream:track)%00%(upstream:remotename)%00%(upstream:remoteref) refs/heads/main refs/remotes/main [5ms]
2023-11-21 19:53:33.141 [info] > git status -z -uall [1524ms]
2023-11-21 19:53:38.227 [info] > git for-each-ref --format=%(refname)%00%(upstream:short)%00%(objectname)%00%(upstream:track)%00%(upstream:remotename)%00%(upstream:remoteref) refs/heads/main refs/remotes/main [8ms]
2023-11-21 19:53:38.228 [info] > git config --get commit.template [34ms]
2023-11-21 19:53:39.856 [info] > git status -z -uall [1613ms]
2023-11-21 19:53:44.936 [info] > git config --get commit.template [17ms]
2023-11-21 19:53:44.938 [info] > git for-each-ref --format=%(refname)%00%(upstream:short)%00%(objectname)%00%(upstream:track)%00%(upstream:remotename)%00%(upstream:remoteref) refs/heads/main refs/remotes/main [4ms]
2023-11-21 19:53:46.442 [info] > git status -z -uall [1491ms]
2023-11-21 19:53:51.513 [info] > git config --get commit.template [5ms]
2023-11-21 19:53:51.531 [info] > git for-each-ref --format=%(refname)%00%(upstream:short)%00%(objectname)%00%(upstream:track)%00%(upstream:remotename)%00%(upstream:remoteref) refs/heads/main refs/remotes/main [4ms]
2023-11-21 19:53:52.976 [info] > git status -z -uall [1432ms]
2023-11-21 19:53:58.118 [info] > git config --get commit.template [19ms]
2023-11-21 19:53:58.122 [info] > git for-each-ref --format=%(refname)%00%(upstream:short)%00%(objectname)%00%(upstream:track)%00%(upstream:remotename)%00%(upstream:remoteref) refs/heads/main refs/remotes/main [7ms]
2023-11-21 19:53:59.644 [info] > git status -z -uall [1503ms]
2023-11-21 19:54:04.714 [info] > git config --get commit.template [16ms]
2023-11-21 19:54:04.717 [info] > git for-each-ref --format=%(refname)%00%(upstream:short)%00%(objectname)%00%(upstream:track)%00%(upstream:remotename)%00%(upstream:remoteref) refs/heads/main refs/remotes/main [5ms]
2023-11-21 19:54:06.135 [info] > git status -z -uall [1403ms]
2023-11-21 19:54:11.203 [info] > git config --get commit.template [16ms]
2023-11-21 19:54:11.206 [info] > git for-each-ref --format=%(refname)%00%(upstream:short)%00%(objectname)%00%(upstream:track)%00%(upstream:remotename)%00%(upstream:remoteref) refs/heads/main refs/remotes/main [5ms]
2023-11-21 19:54:12.623 [info] > git status -z -uall [1402ms]
2023-11-21 19:54:17.694 [info] > git config --get commit.template [16ms]
2023-11-21 19:54:17.697 [info] > git for-each-ref --format=%(refname)%00%(upstream:short)%00%(objectname)%00%(upstream:track)%00%(upstream:remotename)%00%(upstream:remoteref) refs/heads/main refs/remotes/main [4ms]
2023-11-21 19:54:19.261 [info] > git status -z -uall [1551ms]
2023-11-21 19:54:24.366 [info] > git config --get commit.template [11ms]
2023-11-21 19:54:24.405 [info] > git for-each-ref --format=%(refname)%00%(upstream:short)%00%(objectname)%00%(upstream:track)%00%(upstream:remotename)%00%(upstream:remoteref) refs/heads/main refs/remotes/main [7ms]
2023-11-21 19:54:26.090 [info] > git status -z -uall [1659ms]
2023-11-21 19:54:31.160 [info] > git config --get commit.template [3ms]
2023-11-21 19:54:31.187 [info] > git for-each-ref --format=%(refname)%00%(upstream:short)%00%(objectname)%00%(upstream:track)%00%(upstream:remotename)%00%(upstream:remoteref) refs/heads/main refs/remotes/main [7ms]
2023-11-21 19:54:32.939 [info] > git status -z -uall [1731ms]
2023-11-21 19:54:38.030 [info] > git config --get commit.template [23ms]
2023-11-21 19:54:38.034 [info] > git for-each-ref --format=%(refname)%00%(upstream:short)%00%(objectname)%00%(upstream:track)%00%(upstream:remotename)%00%(upstream:remoteref) refs/heads/main refs/remotes/main [6ms]
2023-11-21 19:54:39.656 [info] > git status -z -uall [1599ms]
2023-11-21 19:54:44.754 [info] > git config --get commit.template [23ms]
2023-11-21 19:54:44.758 [info] > git for-each-ref --format=%(refname)%00%(upstream:short)%00%(objectname)%00%(upstream:track)%00%(upstream:remotename)%00%(upstream:remoteref) refs/heads/main refs/remotes/main [6ms]
2023-11-21 19:54:46.297 [info] > git status -z -uall [1517ms]
2023-11-21 19:54:51.373 [info] > git config --get commit.template [16ms]
2023-11-21 19:54:51.376 [info] > git for-each-ref --format=%(refname)%00%(upstream:short)%00%(objectname)%00%(upstream:track)%00%(upstream:remotename)%00%(upstream:remoteref) refs/heads/main refs/remotes/main [5ms]
2023-11-21 19:54:52.766 [info] > git status -z -uall [1377ms]
2023-11-21 19:54:57.847 [info] > git config --get commit.template [23ms]
2023-11-21 19:54:57.851 [info] > git for-each-ref --format=%(refname)%00%(upstream:short)%00%(objectname)%00%(upstream:track)%00%(upstream:remotename)%00%(upstream:remoteref) refs/heads/main refs/remotes/main [7ms]
2023-11-21 19:54:59.414 [info] > git status -z -uall [1546ms]
2023-11-21 19:55:04.503 [info] > git config --get commit.template [18ms]
2023-11-21 19:55:04.506 [info] > git for-each-ref --format=%(refname)%00%(upstream:short)%00%(objectname)%00%(upstream:track)%00%(upstream:remotename)%00%(upstream:remoteref) refs/heads/main refs/remotes/main [5ms]
2023-11-21 19:55:05.931 [info] > git status -z -uall [1411ms]
2023-11-21 19:55:11.001 [info] > git config --get commit.template [15ms]
2023-11-21 19:55:11.004 [info] > git for-each-ref --format=%(refname)%00%(upstream:short)%00%(objectname)%00%(upstream:track)%00%(upstream:remotename)%00%(upstream:remoteref) refs/heads/main refs/remotes/main [5ms]
2023-11-21 19:55:12.543 [info] > git status -z -uall [1525ms]
2023-11-21 19:55:17.632 [info] > git config --get commit.template [19ms]
2023-11-21 19:55:17.635 [info] > git for-each-ref --format=%(refname)%00%(upstream:short)%00%(objectname)%00%(upstream:track)%00%(upstream:remotename)%00%(upstream:remoteref) refs/heads/main refs/remotes/main [6ms]
2023-11-21 19:55:19.455 [info] > git status -z -uall [1802ms]
2023-11-21 19:55:24.534 [info] > git config --get commit.template [5ms]
2023-11-21 19:55:24.553 [info] > git for-each-ref --format=%(refname)%00%(upstream:short)%00%(objectname)%00%(upstream:track)%00%(upstream:remotename)%00%(upstream:remoteref) refs/heads/main refs/remotes/main [6ms]
2023-11-21 19:55:26.259 [info] > git status -z -uall [1690ms]
2023-11-21 19:55:31.353 [info] > git config --get commit.template [19ms]
2023-11-21 19:55:31.355 [info] > git for-each-ref --format=%(refname)%00%(upstream:short)%00%(objectname)%00%(upstream:track)%00%(upstream:remotename)%00%(upstream:remoteref) refs/heads/main refs/remotes/main [5ms]
2023-11-21 19:55:32.921 [info] > git status -z -uall [1553ms]
2023-11-21 19:55:38.010 [info] > git config --get commit.template [18ms]
2023-11-21 19:55:38.013 [info] > git for-each-ref --format=%(refname)%00%(upstream:short)%00%(objectname)%00%(upstream:track)%00%(upstream:remotename)%00%(upstream:remoteref) refs/heads/main refs/remotes/main [6ms]
2023-11-21 19:55:39.643 [info] > git status -z -uall [1615ms]
2023-11-21 19:55:44.724 [info] > git config --get commit.template [4ms]
2023-11-21 19:55:44.747 [info] > git for-each-ref --format=%(refname)%00%(upstream:short)%00%(objectname)%00%(upstream:track)%00%(upstream:remotename)%00%(upstream:remoteref) refs/heads/main refs/remotes/main [6ms]
2023-11-21 19:55:46.240 [info] > git status -z -uall [1478ms]
2023-11-21 19:55:51.309 [info] > git config --get commit.template [16ms]
2023-11-21 19:55:51.312 [info] > git for-each-ref --format=%(refname)%00%(upstream:short)%00%(objectname)%00%(upstream:track)%00%(upstream:remotename)%00%(upstream:remoteref) refs/heads/main refs/remotes/main [5ms]
2023-11-21 19:55:52.750 [info] > git status -z -uall [1425ms]
2023-11-21 19:55:57.835 [info] > git config --get commit.template [29ms]
2023-11-21 19:55:57.841 [info] > git for-each-ref --format=%(refname)%00%(upstream:short)%00%(objectname)%00%(upstream:track)%00%(upstream:remotename)%00%(upstream:remoteref) refs/heads/main refs/remotes/main [11ms]
2023-11-21 19:55:59.840 [info] > git status -z -uall [1972ms]
2023-11-21 19:56:04.925 [info] > git config --get commit.template [18ms]
2023-11-21 19:56:04.928 [info] > git for-each-ref --format=%(refname)%00%(upstream:short)%00%(objectname)%00%(upstream:track)%00%(upstream:remotename)%00%(upstream:remoteref) refs/heads/main refs/remotes/main [7ms]
2023-11-21 19:56:06.355 [info] > git status -z -uall [1411ms]
2023-11-21 19:56:11.445 [info] > git config --get commit.template [6ms]
2023-11-21 19:56:11.477 [info] > git for-each-ref --format=%(refname)%00%(upstream:short)%00%(objectname)%00%(upstream:track)%00%(upstream:remotename)%00%(upstream:remoteref) refs/heads/main refs/remotes/main [10ms]
2023-11-21 19:56:12.931 [info] > git status -z -uall [1439ms]
2023-11-21 19:56:18.004 [info] > git config --get commit.template [16ms]
2023-11-21 19:56:18.007 [info] > git for-each-ref --format=%(refname)%00%(upstream:short)%00%(objectname)%00%(upstream:track)%00%(upstream:remotename)%00%(upstream:remoteref) refs/heads/main refs/remotes/main [5ms]
2023-11-21 19:56:19.586 [info] > git status -z -uall [1565ms]
2023-11-21 19:56:24.652 [info] > git config --get commit.template [15ms]
2023-11-21 19:56:24.918 [info] > git for-each-ref --format=%(refname)%00%(upstream:short)%00%(objectname)%00%(upstream:track)%00%(upstream:remotename)%00%(upstream:remoteref) refs/heads/main refs/remotes/main [268ms]
2023-11-21 19:56:26.297 [info] > git status -z -uall [1360ms]
2023-11-21 19:56:31.374 [info] > git config --get commit.template [18ms]
2023-11-21 19:56:31.378 [info] > git for-each-ref --format=%(refname)%00%(upstream:short)%00%(objectname)%00%(upstream:track)%00%(upstream:remotename)%00%(upstream:remoteref) refs/heads/main refs/remotes/main [7ms]
2023-11-21 19:56:32.739 [info] > git status -z -uall [1347ms]
2023-11-21 19:56:37.810 [info] > git config --get commit.template [16ms]
2023-11-21 19:56:37.813 [info] > git for-each-ref --format=%(refname)%00%(upstream:short)%00%(objectname)%00%(upstream:track)%00%(upstream:remotename)%00%(upstream:remoteref) refs/heads/main refs/remotes/main [5ms]
2023-11-21 19:56:39.737 [info] > git status -z -uall [1911ms]
2023-11-21 19:56:44.815 [info] > git config --get commit.template [17ms]
2023-11-21 19:56:44.817 [info] > git for-each-ref --format=%(refname)%00%(upstream:short)%00%(objectname)%00%(upstream:track)%00%(upstream:remotename)%00%(upstream:remoteref) refs/heads/main refs/remotes/main [5ms]
2023-11-21 19:56:46.414 [info] > git status -z -uall [1584ms]
2023-11-21 19:56:51.510 [info] > git config --get commit.template [21ms]
2023-11-21 19:56:51.514 [info] > git for-each-ref --format=%(refname)%00%(upstream:short)%00%(objectname)%00%(upstream:track)%00%(upstream:remotename)%00%(upstream:remoteref) refs/heads/main refs/remotes/main [7ms]
2023-11-21 19:56:53.039 [info] > git status -z -uall [1510ms]
2023-11-21 19:57:09.544 [info] > git config --get commit.template [42ms]
2023-11-21 19:57:09.546 [info] > git for-each-ref --format=%(refname)%00%(upstream:short)%00%(objectname)%00%(upstream:track)%00%(upstream:remotename)%00%(upstream:remoteref) refs/heads/main refs/remotes/main [12ms]
2023-11-21 19:57:11.028 [info] > git status -z -uall [1455ms]
2023-11-21 19:57:16.104 [info] > git config --get commit.template [17ms]
2023-11-21 19:57:16.107 [info] > git for-each-ref --format=%(refname)%00%(upstream:short)%00%(objectname)%00%(upstream:track)%00%(upstream:remotename)%00%(upstream:remoteref) refs/heads/main refs/remotes/main [5ms]
2023-11-21 19:57:17.512 [info] > git status -z -uall [1392ms]
2023-11-21 19:57:22.584 [info] > git config --get commit.template [15ms]
2023-11-21 19:57:22.586 [info] > git for-each-ref --format=%(refname)%00%(upstream:short)%00%(objectname)%00%(upstream:track)%00%(upstream:remotename)%00%(upstream:remoteref) refs/heads/main refs/remotes/main [4ms]
2023-11-21 19:57:23.965 [info] > git status -z -uall [1365ms]
2023-11-21 19:57:29.125 [info] > git config --get commit.template [10ms]
2023-11-21 19:57:29.151 [info] > git for-each-ref --format=%(refname)%00%(upstream:short)%00%(objectname)%00%(upstream:track)%00%(upstream:remotename)%00%(upstream:remoteref) refs/heads/main refs/remotes/main [6ms]
2023-11-21 19:57:30.571 [info] > git status -z -uall [1401ms]
2023-11-21 19:57:35.636 [info] > git config --get commit.template [16ms]
2023-11-21 19:57:35.638 [info] > git for-each-ref --format=%(refname)%00%(upstream:short)%00%(objectname)%00%(upstream:track)%00%(upstream:remotename)%00%(upstream:remoteref) refs/heads/main refs/remotes/main [5ms]
2023-11-21 19:57:37.078 [info] > git status -z -uall [1428ms]
2023-11-21 19:57:42.156 [info] > git config --get commit.template [17ms]
2023-11-21 19:57:42.158 [info] > git for-each-ref --format=%(refname)%00%(upstream:short)%00%(objectname)%00%(upstream:track)%00%(upstream:remotename)%00%(upstream:remoteref) refs/heads/main refs/remotes/main [5ms]
2023-11-21 19:57:43.557 [info] > git status -z -uall [1386ms]
2023-11-21 19:57:48.628 [info] > git config --get commit.template [5ms]
2023-11-21 19:57:48.648 [info] > git for-each-ref --format=%(refname)%00%(upstream:short)%00%(objectname)%00%(upstream:track)%00%(upstream:remotename)%00%(upstream:remoteref) refs/heads/main refs/remotes/main [7ms]
2023-11-21 19:57:50.170 [info] > git status -z -uall [1506ms]
2023-11-21 19:57:55.240 [info] > git config --get commit.template [4ms]
2023-11-21 19:57:55.263 [info] > git for-each-ref --format=%(refname)%00%(upstream:short)%00%(objectname)%00%(upstream:track)%00%(upstream:remotename)%00%(upstream:remoteref) refs/heads/main refs/remotes/main [6ms]
2023-11-21 19:57:56.641 [info] > git status -z -uall [1357ms]
2023-11-21 19:58:01.710 [info] > git config --get commit.template [5ms]
2023-11-21 19:58:01.730 [info] > git for-each-ref --format=%(refname)%00%(upstream:short)%00%(objectname)%00%(upstream:track)%00%(upstream:remotename)%00%(upstream:remoteref) refs/heads/main refs/remotes/main [5ms]
2023-11-21 19:58:03.099 [info] > git status -z -uall [1355ms]
2023-11-21 19:58:08.173 [info] > git config --get commit.template [16ms]
2023-11-21 19:58:08.176 [info] > git for-each-ref --format=%(refname)%00%(upstream:short)%00%(objectname)%00%(upstream:track)%00%(upstream:remotename)%00%(upstream:remoteref) refs/heads/main refs/remotes/main [5ms]
2023-11-21 19:58:09.706 [info] > git status -z -uall [1518ms]
2023-11-21 19:58:14.777 [info] > git config --get commit.template [16ms]
2023-11-21 19:58:14.780 [info] > git for-each-ref --format=%(refname)%00%(upstream:short)%00%(objectname)%00%(upstream:track)%00%(upstream:remotename)%00%(upstream:remoteref) refs/heads/main refs/remotes/main [4ms]
2023-11-21 19:58:16.183 [info] > git status -z -uall [1390ms]
2023-11-21 19:58:21.269 [info] > git config --get commit.template [16ms]
2023-11-21 19:58:21.272 [info] > git for-each-ref --format=%(refname)%00%(upstream:short)%00%(objectname)%00%(upstream:track)%00%(upstream:remotename)%00%(upstream:remoteref) refs/heads/main refs/remotes/main [5ms]
2023-11-21 19:58:22.682 [info] > git status -z -uall [1398ms]
2023-11-21 19:58:27.780 [info] > git config --get commit.template [22ms]
2023-11-21 19:58:27.782 [info] > git for-each-ref --format=%(refname)%00%(upstream:short)%00%(objectname)%00%(upstream:track)%00%(upstream:remotename)%00%(upstream:remoteref) refs/heads/main refs/remotes/main [6ms]
2023-11-21 19:58:29.169 [info] > git status -z -uall [1373ms]
2023-11-21 19:58:34.299 [info] > git config --get commit.template [19ms]
2023-11-21 19:58:34.301 [info] > git for-each-ref --format=%(refname)%00%(upstream:short)%00%(objectname)%00%(upstream:track)%00%(upstream:remotename)%00%(upstream:remoteref) refs/heads/main refs/remotes/main [6ms]
2023-11-21 19:58:35.679 [info] > git status -z -uall [1363ms]
2023-11-21 19:58:40.757 [info] > git config --get commit.template [16ms]
2023-11-21 19:58:40.761 [info] > git for-each-ref --format=%(refname)%00%(upstream:short)%00%(objectname)%00%(upstream:track)%00%(upstream:remotename)%00%(upstream:remoteref) refs/heads/main refs/remotes/main [6ms]
2023-11-21 19:58:42.205 [info] > git status -z -uall [1429ms]
2023-11-21 19:58:47.293 [info] > git config --get commit.template [16ms]
2023-11-21 19:58:47.296 [info] > git for-each-ref --format=%(refname)%00%(upstream:short)%00%(objectname)%00%(upstream:track)%00%(upstream:remotename)%00%(upstream:remoteref) refs/heads/main refs/remotes/main [5ms]
2023-11-21 19:58:48.744 [info] > git status -z -uall [1434ms]
2023-11-21 19:58:53.835 [info] > git config --get commit.template [19ms]
2023-11-21 19:58:53.838 [info] > git for-each-ref --format=%(refname)%00%(upstream:short)%00%(objectname)%00%(upstream:track)%00%(upstream:remotename)%00%(upstream:remoteref) refs/heads/main refs/remotes/main [6ms]
2023-11-21 19:58:55.300 [info] > git status -z -uall [1444ms]
2023-11-21 19:59:00.369 [info] > git config --get commit.template [16ms]
2023-11-21 19:59:00.372 [info] > git for-each-ref --format=%(refname)%00%(upstream:short)%00%(objectname)%00%(upstream:track)%00%(upstream:remotename)%00%(upstream:remoteref) refs/heads/main refs/remotes/main [5ms]
2023-11-21 19:59:01.735 [info] > git status -z -uall [1349ms]
2023-11-21 19:59:06.822 [info] > git config --get commit.template [21ms]
2023-11-21 19:59:06.824 [info] > git for-each-ref --format=%(refname)%00%(upstream:short)%00%(objectname)%00%(upstream:track)%00%(upstream:remotename)%00%(upstream:remoteref) refs/heads/main refs/remotes/main [4ms]
2023-11-21 19:59:08.219 [info] > git status -z -uall [1379ms]
2023-11-21 19:59:13.291 [info] > git config --get commit.template [18ms]
2023-11-21 19:59:13.295 [info] > git for-each-ref --format=%(refname)%00%(upstream:short)%00%(objectname)%00%(upstream:track)%00%(upstream:remotename)%00%(upstream:remoteref) refs/heads/main refs/remotes/main [6ms]
2023-11-21 19:59:14.803 [info] > git status -z -uall [1491ms]
2023-11-21 19:59:19.877 [info] > git config --get commit.template [15ms]
2023-11-21 19:59:19.880 [info] > git for-each-ref --format=%(refname)%00%(upstream:short)%00%(objectname)%00%(upstream:track)%00%(upstream:remotename)%00%(upstream:remoteref) refs/heads/main refs/remotes/main [5ms]
2023-11-21 19:59:21.467 [info] > git status -z -uall [1573ms]
2023-11-21 19:59:36.311 [info] > git config --get commit.template [33ms]
2023-11-21 19:59:36.315 [info] > git for-each-ref --format=%(refname)%00%(upstream:short)%00%(objectname)%00%(upstream:track)%00%(upstream:remotename)%00%(upstream:remoteref) refs/heads/main refs/remotes/main [8ms]
2023-11-21 19:59:38.385 [info] > git status -z -uall [2042ms]
2023-11-21 20:00:00.033 [info] > git for-each-ref --format=%(refname)%00%(upstream:short)%00%(objectname)%00%(upstream:track)%00%(upstream:remotename)%00%(upstream:remoteref) refs/heads/main refs/remotes/main [9ms]
2023-11-21 20:00:00.034 [info] > git config --get commit.template [39ms]
2023-11-21 20:00:01.804 [info] > git status -z -uall [1733ms]
2023-11-21 20:00:06.877 [info] > git config --get commit.template [19ms]
2023-11-21 20:00:06.881 [info] > git for-each-ref --format=%(refname)%00%(upstream:short)%00%(objectname)%00%(upstream:track)%00%(upstream:remotename)%00%(upstream:remoteref) refs/heads/main refs/remotes/main [6ms]
2023-11-21 20:00:08.337 [info] > git status -z -uall [1441ms]
2023-11-21 20:00:13.410 [info] > git config --get commit.template [16ms]
2023-11-21 20:00:13.412 [info] > git for-each-ref --format=%(refname)%00%(upstream:short)%00%(objectname)%00%(upstream:track)%00%(upstream:remotename)%00%(upstream:remoteref) refs/heads/main refs/remotes/main [5ms]
2023-11-21 20:00:14.941 [info] > git status -z -uall [1515ms]
2023-11-21 20:02:47.756 [info] > git config --get commit.template [7ms]
2023-11-21 20:02:47.784 [info] > git for-each-ref --format=%(refname)%00%(upstream:short)%00%(objectname)%00%(upstream:track)%00%(upstream:remotename)%00%(upstream:remoteref) refs/heads/main refs/remotes/main [6ms]
2023-11-21 20:02:49.418 [info] > git status -z -uall [1612ms]
2023-11-21 20:04:33.076 [info] > git config --get commit.template [10ms]
2023-11-21 20:04:33.112 [info] > git for-each-ref --format=%(refname)%00%(upstream:short)%00%(objectname)%00%(upstream:track)%00%(upstream:remotename)%00%(upstream:remoteref) refs/heads/main refs/remotes/main [10ms]
2023-11-21 20:04:34.743 [info] > git status -z -uall [1606ms]
2023-11-21 20:07:42.430 [info] > git check-ignore -v -z --stdin [61ms]
2023-11-21 20:07:43.337 [info] > git show --textconv :dotconfig/betterlockscreen/betterlockscreenrc [68ms]
2023-11-21 20:07:43.359 [info] > git ls-files --stage -- /home/yusuf/Antar-dwm/dotconfig/betterlockscreen/betterlockscreenrc [60ms]
2023-11-21 20:07:43.390 [info] > git cat-file -s 84e355c84f693aade051612a316e2295906e2a24 [8ms]
