2023-11-23 10:03:30.698 [info] Log level: Info
2023-11-23 10:03:30.698 [info] Validating found git in: "git"
2023-11-23 10:03:30.698 [info] Using git "2.43.0" from "git"
2023-11-23 10:03:30.698 [info] > git rev-parse --show-toplevel [11ms]
2023-11-23 10:03:30.698 [info] > git rev-parse --git-dir --git-common-dir [2ms]
2023-11-23 10:03:30.698 [info] Open repository: /home/yusuf/Antar-dwm
2023-11-23 10:03:30.700 [info] > git rev-parse --show-toplevel [3ms]
2023-11-23 10:03:30.702 [info] > git config --get commit.template [13ms]
2023-11-23 10:03:30.801 [info] > git rev-parse --show-toplevel [85ms]
2023-11-23 10:03:30.840 [info] > git for-each-ref --format=%(refname)%00%(upstream:short)%00%(objectname)%00%(upstream:track)%00%(upstream:remotename)%00%(upstream:remoteref) refs/heads/main refs/remotes/main [42ms]
2023-11-23 10:03:30.858 [info] > git rev-parse --show-toplevel [22ms]
2023-11-23 10:03:31.853 [info] > git check-ignore -v -z --stdin [519ms]
2023-11-23 10:03:32.739 [info] > git show --textconv :install.sh [73ms]
2023-11-23 10:03:32.748 [info] > git status -z -uall [1892ms]
2023-11-23 10:03:32.872 [info] > git ls-files --stage -- /home/yusuf/Antar-dwm/install.sh [172ms]
2023-11-23 10:03:33.207 [info] > git cat-file -s 053f2e34dfd5fa578e60221206ba8f3ce834af1d [320ms]
2023-11-23 10:03:33.214 [info] > git config --get commit.template [344ms]
2023-11-23 10:03:33.253 [info] > git for-each-ref --format=%(refname)%00%(upstream:short)%00%(objectname)%00%(upstream:track)%00%(upstream:remotename)%00%(upstream:remoteref) refs/heads/main refs/remotes/main [1ms]
2023-11-23 10:03:34.244 [info] > git status -z -uall [976ms]
2023-11-23 10:03:51.304 [info] > git config --get commit.template [7ms]
2023-11-23 10:03:51.305 [info] > git for-each-ref --format=%(refname)%00%(upstream:short)%00%(objectname)%00%(upstream:track)%00%(upstream:remotename)%00%(upstream:remoteref) refs/heads/main refs/remotes/main [2ms]
2023-11-23 10:03:51.785 [info] > git status -z -uall [475ms]
2023-11-23 10:03:56.818 [info] > git config --get commit.template [5ms]
2023-11-23 10:03:56.829 [info] > git for-each-ref --format=%(refname)%00%(upstream:short)%00%(objectname)%00%(upstream:track)%00%(upstream:remotename)%00%(upstream:remoteref) refs/heads/main refs/remotes/main [1ms]
2023-11-23 10:03:57.389 [info] > git status -z -uall [550ms]
2023-11-23 10:04:02.441 [info] > git config --get commit.template [11ms]
2023-11-23 10:04:02.442 [info] > git for-each-ref --format=%(refname)%00%(upstream:short)%00%(objectname)%00%(upstream:track)%00%(upstream:remotename)%00%(upstream:remoteref) refs/heads/main refs/remotes/main [3ms]
2023-11-23 10:04:02.841 [info] > git status -z -uall [393ms]
2023-11-23 10:04:07.865 [info] > git config --get commit.template [2ms]
2023-11-23 10:04:07.875 [info] > git for-each-ref --format=%(refname)%00%(upstream:short)%00%(objectname)%00%(upstream:track)%00%(upstream:remotename)%00%(upstream:remoteref) refs/heads/main refs/remotes/main [2ms]
2023-11-23 10:04:08.344 [info] > git status -z -uall [464ms]
2023-11-23 10:04:13.389 [info] > git config --get commit.template [6ms]
2023-11-23 10:04:13.390 [info] > git for-each-ref --format=%(refname)%00%(upstream:short)%00%(objectname)%00%(upstream:track)%00%(upstream:remotename)%00%(upstream:remoteref) refs/heads/main refs/remotes/main [1ms]
2023-11-23 10:04:13.803 [info] > git status -z -uall [407ms]
2023-11-23 10:04:18.831 [info] > git config --get commit.template [1ms]
2023-11-23 10:04:18.840 [info] > git for-each-ref --format=%(refname)%00%(upstream:short)%00%(objectname)%00%(upstream:track)%00%(upstream:remotename)%00%(upstream:remoteref) refs/heads/main refs/remotes/main [2ms]
2023-11-23 10:04:19.259 [info] > git status -z -uall [413ms]
2023-11-23 10:04:24.295 [info] > git config --get commit.template [2ms]
2023-11-23 10:04:24.306 [info] > git for-each-ref --format=%(refname)%00%(upstream:short)%00%(objectname)%00%(upstream:track)%00%(upstream:remotename)%00%(upstream:remoteref) refs/heads/main refs/remotes/main [2ms]
2023-11-23 10:04:24.739 [info] > git status -z -uall [426ms]
2023-11-23 10:04:29.775 [info] > git config --get commit.template [13ms]
2023-11-23 10:04:29.776 [info] > git for-each-ref --format=%(refname)%00%(upstream:short)%00%(objectname)%00%(upstream:track)%00%(upstream:remotename)%00%(upstream:remoteref) refs/heads/main refs/remotes/main [3ms]
2023-11-23 10:04:30.311 [info] > git status -z -uall [527ms]
2023-11-23 10:04:35.352 [info] > git config --get commit.template [7ms]
2023-11-23 10:04:35.353 [info] > git for-each-ref --format=%(refname)%00%(upstream:short)%00%(objectname)%00%(upstream:track)%00%(upstream:remotename)%00%(upstream:remoteref) refs/heads/main refs/remotes/main [2ms]
2023-11-23 10:04:35.842 [info] > git status -z -uall [484ms]
2023-11-23 10:04:40.873 [info] > git config --get commit.template [2ms]
2023-11-23 10:04:40.880 [info] > git for-each-ref --format=%(refname)%00%(upstream:short)%00%(objectname)%00%(upstream:track)%00%(upstream:remotename)%00%(upstream:remoteref) refs/heads/main refs/remotes/main [2ms]
2023-11-23 10:04:41.285 [info] > git status -z -uall [399ms]
2023-11-23 10:04:46.317 [info] > git config --get commit.template [7ms]
2023-11-23 10:04:46.318 [info] > git for-each-ref --format=%(refname)%00%(upstream:short)%00%(objectname)%00%(upstream:track)%00%(upstream:remotename)%00%(upstream:remoteref) refs/heads/main refs/remotes/main [2ms]
2023-11-23 10:04:46.737 [info] > git status -z -uall [414ms]
2023-11-23 10:04:51.769 [info] > git config --get commit.template [8ms]
2023-11-23 10:04:51.770 [info] > git for-each-ref --format=%(refname)%00%(upstream:short)%00%(objectname)%00%(upstream:track)%00%(upstream:remotename)%00%(upstream:remoteref) refs/heads/main refs/remotes/main [2ms]
2023-11-23 10:04:52.340 [info] > git status -z -uall [564ms]
2023-11-23 10:04:57.369 [info] > git config --get commit.template [7ms]
2023-11-23 10:04:57.370 [info] > git for-each-ref --format=%(refname)%00%(upstream:short)%00%(objectname)%00%(upstream:track)%00%(upstream:remotename)%00%(upstream:remoteref) refs/heads/main refs/remotes/main [1ms]
2023-11-23 10:04:57.789 [info] > git status -z -uall [414ms]
2023-11-23 10:05:02.824 [info] > git config --get commit.template [6ms]
2023-11-23 10:05:02.825 [info] > git for-each-ref --format=%(refname)%00%(upstream:short)%00%(objectname)%00%(upstream:track)%00%(upstream:remotename)%00%(upstream:remoteref) refs/heads/main refs/remotes/main [2ms]
2023-11-23 10:05:03.220 [info] > git status -z -uall [390ms]
2023-11-23 10:05:08.254 [info] > git config --get commit.template [6ms]
2023-11-23 10:05:08.254 [info] > git for-each-ref --format=%(refname)%00%(upstream:short)%00%(objectname)%00%(upstream:track)%00%(upstream:remotename)%00%(upstream:remoteref) refs/heads/main refs/remotes/main [1ms]
2023-11-23 10:05:08.656 [info] > git status -z -uall [397ms]
2023-11-23 10:05:13.683 [info] > git config --get commit.template [7ms]
2023-11-23 10:05:13.684 [info] > git for-each-ref --format=%(refname)%00%(upstream:short)%00%(objectname)%00%(upstream:track)%00%(upstream:remotename)%00%(upstream:remoteref) refs/heads/main refs/remotes/main [2ms]
2023-11-23 10:05:14.108 [info] > git status -z -uall [419ms]
2023-11-23 10:05:19.136 [info] > git config --get commit.template [4ms]
2023-11-23 10:05:19.150 [info] > git for-each-ref --format=%(refname)%00%(upstream:short)%00%(objectname)%00%(upstream:track)%00%(upstream:remotename)%00%(upstream:remoteref) refs/heads/main refs/remotes/main [4ms]
2023-11-23 10:05:19.680 [info] > git status -z -uall [518ms]
2023-11-23 10:05:24.712 [info] > git config --get commit.template [7ms]
2023-11-23 10:05:24.713 [info] > git for-each-ref --format=%(refname)%00%(upstream:short)%00%(objectname)%00%(upstream:track)%00%(upstream:remotename)%00%(upstream:remoteref) refs/heads/main refs/remotes/main [4ms]
2023-11-23 10:05:25.147 [info] > git status -z -uall [426ms]
2023-11-23 10:05:30.176 [info] > git config --get commit.template [8ms]
2023-11-23 10:05:30.176 [info] > git for-each-ref --format=%(refname)%00%(upstream:short)%00%(objectname)%00%(upstream:track)%00%(upstream:remotename)%00%(upstream:remoteref) refs/heads/main refs/remotes/main [2ms]
2023-11-23 10:05:30.583 [info] > git status -z -uall [401ms]
2023-11-23 10:05:35.613 [info] > git config --get commit.template [7ms]
2023-11-23 10:05:35.614 [info] > git for-each-ref --format=%(refname)%00%(upstream:short)%00%(objectname)%00%(upstream:track)%00%(upstream:remotename)%00%(upstream:remoteref) refs/heads/main refs/remotes/main [2ms]
2023-11-23 10:05:36.053 [info] > git status -z -uall [433ms]
2023-11-23 10:05:41.085 [info] > git config --get commit.template [9ms]
2023-11-23 10:05:41.087 [info] > git for-each-ref --format=%(refname)%00%(upstream:short)%00%(objectname)%00%(upstream:track)%00%(upstream:remotename)%00%(upstream:remoteref) refs/heads/main refs/remotes/main [2ms]
2023-11-23 10:05:41.510 [info] > git status -z -uall [418ms]
2023-11-23 10:05:46.543 [info] > git config --get commit.template [6ms]
2023-11-23 10:05:46.544 [info] > git for-each-ref --format=%(refname)%00%(upstream:short)%00%(objectname)%00%(upstream:track)%00%(upstream:remotename)%00%(upstream:remoteref) refs/heads/main refs/remotes/main [3ms]
2023-11-23 10:05:46.977 [info] > git status -z -uall [429ms]
2023-11-23 10:05:52.015 [info] > git config --get commit.template [7ms]
2023-11-23 10:05:52.016 [info] > git for-each-ref --format=%(refname)%00%(upstream:short)%00%(objectname)%00%(upstream:track)%00%(upstream:remotename)%00%(upstream:remoteref) refs/heads/main refs/remotes/main [2ms]
2023-11-23 10:05:52.438 [info] > git status -z -uall [417ms]
2023-11-23 10:05:57.469 [info] > git config --get commit.template [7ms]
2023-11-23 10:05:57.470 [info] > git for-each-ref --format=%(refname)%00%(upstream:short)%00%(objectname)%00%(upstream:track)%00%(upstream:remotename)%00%(upstream:remoteref) refs/heads/main refs/remotes/main [2ms]
2023-11-23 10:05:57.882 [info] > git status -z -uall [407ms]
2023-11-23 10:06:02.920 [info] > git config --get commit.template [11ms]
2023-11-23 10:06:02.923 [info] > git for-each-ref --format=%(refname)%00%(upstream:short)%00%(objectname)%00%(upstream:track)%00%(upstream:remotename)%00%(upstream:remoteref) refs/heads/main refs/remotes/main [5ms]
2023-11-23 10:06:03.368 [info] > git status -z -uall [439ms]
2023-11-23 10:06:08.398 [info] > git config --get commit.template [6ms]
2023-11-23 10:06:08.399 [info] > git for-each-ref --format=%(refname)%00%(upstream:short)%00%(objectname)%00%(upstream:track)%00%(upstream:remotename)%00%(upstream:remoteref) refs/heads/main refs/remotes/main [1ms]
2023-11-23 10:06:08.858 [info] > git status -z -uall [454ms]
2023-11-23 10:06:13.889 [info] > git config --get commit.template [6ms]
2023-11-23 10:06:13.890 [info] > git for-each-ref --format=%(refname)%00%(upstream:short)%00%(objectname)%00%(upstream:track)%00%(upstream:remotename)%00%(upstream:remoteref) refs/heads/main refs/remotes/main [2ms]
2023-11-23 10:06:14.290 [info] > git status -z -uall [395ms]
2023-11-23 10:06:55.429 [info] > git config --get commit.template [12ms]
2023-11-23 10:06:55.430 [info] > git for-each-ref --format=%(refname)%00%(upstream:short)%00%(objectname)%00%(upstream:track)%00%(upstream:remotename)%00%(upstream:remoteref) refs/heads/main refs/remotes/main [4ms]
2023-11-23 10:06:55.861 [info] > git status -z -uall [423ms]
2023-11-23 10:07:00.891 [info] > git config --get commit.template [7ms]
2023-11-23 10:07:00.892 [info] > git for-each-ref --format=%(refname)%00%(upstream:short)%00%(objectname)%00%(upstream:track)%00%(upstream:remotename)%00%(upstream:remoteref) refs/heads/main refs/remotes/main [2ms]
2023-11-23 10:07:01.300 [info] > git status -z -uall [403ms]
