2023-11-18 13:32:32.020 [info] Added views:workbench.panel.markers.view in workbench.panel.markers
2023-11-18 13:32:32.021 [info] Added views:workbench.panel.output in workbench.panel.output
2023-11-18 13:32:32.021 [info] Added views:terminal in terminal
2023-11-18 13:32:32.021 [info] Added views:outline in workbench.view.explorer
2023-11-18 13:32:32.021 [info] Added views:workbench.scm in workbench.view.scm
2023-11-18 13:32:32.021 [info] Added views:workbench.view.search in workbench.view.search
2023-11-18 13:32:32.021 [info] Added views:timeline in workbench.view.explorer
2023-11-18 13:32:32.021 [info] Added views:workbench.explorer.emptyView in workbench.view.explorer
2023-11-18 13:32:33.084 [info] Added views:workbench.debug.variablesView,workbench.debug.watchExpressionsView,workbench.debug.callStackView,workbench.debug.breakPointsView in workbench.view.debug
2023-11-18 13:32:38.096 [info] Added views:workbench.panel.repl.view in workbench.panel.repl
2023-11-18 13:32:38.118 [info] Removed views:workbench.debug.breakPointsView,workbench.debug.callStackView,workbench.debug.watchExpressionsView,workbench.debug.variablesView from workbench.view.debug
2023-11-18 13:32:38.119 [info] Added views:workbench.debug.welcome in workbench.view.debug
2023-11-18 13:32:43.423 [info] Added views:~remote.forwardedPorts in ~remote.forwardedPortsContainer
2023-11-18 13:32:55.130 [info] Added views:workbench.panel.markers.view in workbench.panel.markers
2023-11-18 13:32:55.130 [info] Added views:workbench.panel.output in workbench.panel.output
2023-11-18 13:32:55.130 [info] Added views:terminal in terminal
2023-11-18 13:32:55.130 [info] Added views:outline in workbench.view.explorer
2023-11-18 13:32:55.130 [info] Added views:workbench.scm in workbench.view.scm
2023-11-18 13:32:55.130 [info] Added views:workbench.view.search in workbench.view.search
2023-11-18 13:32:55.130 [info] Added views:timeline in workbench.view.explorer
2023-11-18 13:32:55.130 [info] Added views:workbench.explorer.fileView in workbench.view.explorer
2023-11-18 13:32:58.663 [info] Added views:workbench.debug.variablesView,workbench.debug.watchExpressionsView,workbench.debug.callStackView,workbench.debug.breakPointsView in workbench.view.debug
2023-11-18 13:32:59.468 [info] Added views:workbench.panel.repl.view in workbench.panel.repl
2023-11-18 13:32:59.476 [info] Removed views:workbench.debug.breakPointsView,workbench.debug.callStackView,workbench.debug.watchExpressionsView,workbench.debug.variablesView from workbench.view.debug
2023-11-18 13:32:59.480 [info] Added views:workbench.debug.welcome in workbench.view.debug
2023-11-18 13:33:04.282 [info] Added views:~remote.forwardedPorts in ~remote.forwardedPortsContainer
